
> build
> nuxt build

┌  [36mBuilding Nuxt for production...[39m
│
●  [32mNuxt [1m4.4.6[22m[39m[90m (with [39m[90mNitro [1m2.13.4[22m[39m[90m, Vite [1m7.3.3[22m[39m[90m and Vue [1m3.5.34[22m[39m[90m)[39m
[90m[[90m@nuxtjs/sitemap[90m][39m [36mℹ[39m No dynamic sources detected. Consider enabling [36mzeroRuntime[39m to reduce server bundle size. See https://nuxtseo.com/sitemap/guides/zero-runtime
│
●  Nitro preset: [36mnode-server[39m
[36mℹ[39m Building client...
[36mℹ[39m [36mvite v7.3.3 [32mbuilding client environment for production...[36m[39m

[43m[30m WARN [39m[49m [33m[plugin nuxt:module-preload-polyfill] Sourcemap is likely to be incorrect: a plugin (nuxt:module-preload-polyfill) was used to transform files, but didn't generate a sourcemap for the transformation. Consult the plugin documentation for help[39m

[36mℹ[39m transforming...

[43m[30m WARN [39m[49m [33m[plugin @tailwindcss/vite:generate:build] Sourcemap is likely to be incorrect: a plugin (@tailwindcss/vite:generate:build) was used to transform files, but didn't generate a sourcemap for the transformation. Consult the plugin documentation for help[39m


[43m[30m WARN [39m[49m [33m[plugin @tailwindcss/vite:generate:build] Sourcemap is likely to be incorrect: a plugin (@tailwindcss/vite:generate:build) was used to transform files, but didn't generate a sourcemap for the transformation. Consult the plugin documentation for help[39m[2m (x2)[22m


[43m[30m WARN [39m[49m [33m[plugin @tailwindcss/vite:generate:build] Sourcemap is likely to be incorrect: a plugin (@tailwindcss/vite:generate:build) was used to transform files, but didn't generate a sourcemap for the transformation. Consult the plugin documentation for help[39m[2m (x3)[22m


[43m[30m WARN [39m[49m [33m[plugin @tailwindcss/vite:generate:build] Sourcemap is likely to be incorrect: a plugin (@tailwindcss/vite:generate:build) was used to transform files, but didn't generate a sourcemap for the transformation. Consult the plugin documentation for help[39m[2m (x4)[22m


[43m[30m WARN [39m[49m [33m[plugin @tailwindcss/vite:generate:build] Sourcemap is likely to be incorrect: a plugin (@tailwindcss/vite:generate:build) was used to transform files, but didn't generate a sourcemap for the transformation. Consult the plugin documentation for help[39m[2m (x5)[22m


[43m[30m WARN [39m[49m [33m[plugin @tailwindcss/vite:generate:build] Sourcemap is likely to be incorrect: a plugin (@tailwindcss/vite:generate:build) was used to transform files, but didn't generate a sourcemap for the transformation. Consult the plugin documentation for help[39m[2m (x6)[22m


[43m[30m WARN [39m[49m [33m[plugin @tailwindcss/vite:generate:build] Sourcemap is likely to be incorrect: a plugin (@tailwindcss/vite:generate:build) was used to transform files, but didn't generate a sourcemap for the transformation. Consult the plugin documentation for help[39m[2m (x7)[22m


[43m[30m WARN [39m[49m [33m[plugin @tailwindcss/vite:generate:build] Sourcemap is likely to be incorrect: a plugin (@tailwindcss/vite:generate:build) was used to transform files, but didn't generate a sourcemap for the transformation. Consult the plugin documentation for help[39m[2m (x8)[22m


[43m[30m WARN [39m[49m [33m[plugin @tailwindcss/vite:generate:build] Sourcemap is likely to be incorrect: a plugin (@tailwindcss/vite:generate:build) was used to transform files, but didn't generate a sourcemap for the transformation. Consult the plugin documentation for help[39m[2m (x9)[22m


[43m[30m WARN [39m[49m [33m[plugin @tailwindcss/vite:generate:build] Sourcemap is likely to be incorrect: a plugin (@tailwindcss/vite:generate:build) was used to transform files, but didn't generate a sourcemap for the transformation. Consult the plugin documentation for help[39m[2m (x10)[22m


[43m[30m WARN [39m[49m [33m[plugin @tailwindcss/vite:generate:build] Sourcemap is likely to be incorrect: a plugin (@tailwindcss/vite:generate:build) was used to transform files, but didn't generate a sourcemap for the transformation. Consult the plugin documentation for help[39m[2m (x11)[22m


[43m[30m WARN [39m[49m [33m[plugin @tailwindcss/vite:generate:build] Sourcemap is likely to be incorrect: a plugin (@tailwindcss/vite:generate:build) was used to transform files, but didn't generate a sourcemap for the transformation. Consult the plugin documentation for help[39m[2m (x12)[22m


[43m[30m WARN [39m[49m [33m[plugin @tailwindcss/vite:generate:build] Sourcemap is likely to be incorrect: a plugin (@tailwindcss/vite:generate:build) was used to transform files, but didn't generate a sourcemap for the transformation. Consult the plugin documentation for help[39m[2m (x13)[22m


[43m[30m WARN [39m[49m [33m[plugin @tailwindcss/vite:generate:build] Sourcemap is likely to be incorrect: a plugin (@tailwindcss/vite:generate:build) was used to transform files, but didn't generate a sourcemap for the transformation. Consult the plugin documentation for help[39m[2m (x14)[22m


[43m[30m WARN [39m[49m [33m[plugin @tailwindcss/vite:generate:build] Sourcemap is likely to be incorrect: a plugin (@tailwindcss/vite:generate:build) was used to transform files, but didn't generate a sourcemap for the transformation. Consult the plugin documentation for help[39m[2m (x15)[22m


[43m[30m WARN [39m[49m [33m[plugin @tailwindcss/vite:generate:build] Sourcemap is likely to be incorrect: a plugin (@tailwindcss/vite:generate:build) was used to transform files, but didn't generate a sourcemap for the transformation. Consult the plugin documentation for help[39m[2m (x16)[22m


[43m[30m WARN [39m[49m [33m[plugin @tailwindcss/vite:generate:build] Sourcemap is likely to be incorrect: a plugin (@tailwindcss/vite:generate:build) was used to transform files, but didn't generate a sourcemap for the transformation. Consult the plugin documentation for help[39m[2m (x17)[22m


[43m[30m WARN [39m[49m [33m[plugin @tailwindcss/vite:generate:build] Sourcemap is likely to be incorrect: a plugin (@tailwindcss/vite:generate:build) was used to transform files, but didn't generate a sourcemap for the transformation. Consult the plugin documentation for help[39m[2m (x18)[22m


[43m[30m WARN [39m[49m [33m[plugin @tailwindcss/vite:generate:build] Sourcemap is likely to be incorrect: a plugin (@tailwindcss/vite:generate:build) was used to transform files, but didn't generate a sourcemap for the transformation. Consult the plugin documentation for help[39m[2m (x19)[22m


[43m[30m WARN [39m[49m [33m[plugin @tailwindcss/vite:generate:build] Sourcemap is likely to be incorrect: a plugin (@tailwindcss/vite:generate:build) was used to transform files, but didn't generate a sourcemap for the transformation. Consult the plugin documentation for help[39m[2m (x20)[22m


[43m[30m WARN [39m[49m [33m[plugin @tailwindcss/vite:generate:build] Sourcemap is likely to be incorrect: a plugin (@tailwindcss/vite:generate:build) was used to transform files, but didn't generate a sourcemap for the transformation. Consult the plugin documentation for help[39m[2m (x21)[22m


[43m[30m WARN [39m[49m [33m[plugin @tailwindcss/vite:generate:build] Sourcemap is likely to be incorrect: a plugin (@tailwindcss/vite:generate:build) was used to transform files, but didn't generate a sourcemap for the transformation. Consult the plugin documentation for help[39m[2m (x22)[22m


[43m[30m WARN [39m[49m [33m[plugin @tailwindcss/vite:generate:build] Sourcemap is likely to be incorrect: a plugin (@tailwindcss/vite:generate:build) was used to transform files, but didn't generate a sourcemap for the transformation. Consult the plugin documentation for help[39m[2m (x23)[22m


[43m[30m WARN [39m[49m [33m[plugin @tailwindcss/vite:generate:build] Sourcemap is likely to be incorrect: a plugin (@tailwindcss/vite:generate:build) was used to transform files, but didn't generate a sourcemap for the transformation. Consult the plugin documentation for help[39m[2m (x24)[22m


[43m[30m WARN [39m[49m [33m[plugin @tailwindcss/vite:generate:build] Sourcemap is likely to be incorrect: a plugin (@tailwindcss/vite:generate:build) was used to transform files, but didn't generate a sourcemap for the transformation. Consult the plugin documentation for help[39m[2m (x25)[22m


[43m[30m WARN [39m[49m [33m[plugin @tailwindcss/vite:generate:build] Sourcemap is likely to be incorrect: a plugin (@tailwindcss/vite:generate:build) was used to transform files, but didn't generate a sourcemap for the transformation. Consult the plugin documentation for help[39m[2m (x26)[22m


[43m[30m WARN [39m[49m [33m[plugin @tailwindcss/vite:generate:build] Sourcemap is likely to be incorrect: a plugin (@tailwindcss/vite:generate:build) was used to transform files, but didn't generate a sourcemap for the transformation. Consult the plugin documentation for help[39m[2m (x27)[22m


[43m[30m WARN [39m[49m [33m[plugin @tailwindcss/vite:generate:build] Sourcemap is likely to be incorrect: a plugin (@tailwindcss/vite:generate:build) was used to transform files, but didn't generate a sourcemap for the transformation. Consult the plugin documentation for help[39m[2m (x28)[22m


[43m[30m WARN [39m[49m [33m[plugin @tailwindcss/vite:generate:build] Sourcemap is likely to be incorrect: a plugin (@tailwindcss/vite:generate:build) was used to transform files, but didn't generate a sourcemap for the transformation. Consult the plugin documentation for help[39m[2m (x29)[22m


[43m[30m WARN [39m[49m [33m[plugin @tailwindcss/vite:generate:build] Sourcemap is likely to be incorrect: a plugin (@tailwindcss/vite:generate:build) was used to transform files, but didn't generate a sourcemap for the transformation. Consult the plugin documentation for help[39m[2m (x30)[22m


[43m[30m WARN [39m[49m [33m[plugin @tailwindcss/vite:generate:build] Sourcemap is likely to be incorrect: a plugin (@tailwindcss/vite:generate:build) was used to transform files, but didn't generate a sourcemap for the transformation. Consult the plugin documentation for help[39m[2m (x31)[22m

[36mℹ[39m [32m✓[39m 2022 modules transformed.
[36mℹ[39m rendering chunks...
[36mℹ[39m computing gzip size...
[36mℹ[39m [2m../node_modules/.cache/nuxt/.nuxt/dist/client/[22m[32mmanifest.json                                  [39m[1m[2m 40.00 kB[22m[1m[22m[2m │ gzip:   5.21 kB[22m
[36mℹ[39m [2m../node_modules/.cache/nuxt/.nuxt/dist/client/[22m[35m_nuxt/legacy-bridge.B6uRNbS8.css               [39m[1m[2m  0.10 kB[22m[1m[22m[2m │ gzip:   0.11 kB[22m
[36mℹ[39m [2m../node_modules/.cache/nuxt/.nuxt/dist/client/[22m[35m_nuxt/task-management._lpTBZBu.css             [39m[1m[2m  0.65 kB[22m[1m[22m[2m │ gzip:   0.28 kB[22m
[36mℹ[39m [2m../node_modules/.cache/nuxt/.nuxt/dist/client/[22m[35m_nuxt/field-ops-app.B8mxI1mT.css               [39m[1m[2m  0.78 kB[22m[1m[22m[2m │ gzip:   0.36 kB[22m
[36mℹ[39m [2m../node_modules/.cache/nuxt/.nuxt/dist/client/[22m[35m_nuxt/continuous-assurance.BAVRxXfc.css        [39m[1m[2m  0.84 kB[22m[1m[22m[2m │ gzip:   0.34 kB[22m
[36mℹ[39m [2m../node_modules/.cache/nuxt/.nuxt/dist/client/[22m[35m_nuxt/predictive-maintenance.C79S0gSy.css      [39m[1m[2m  0.84 kB[22m[1m[22m[2m │ gzip:   0.29 kB[22m
[36mℹ[39m [2m../node_modules/.cache/nuxt/.nuxt/dist/client/[22m[35m_nuxt/bespoke-crm.BTdNPgwp.css                 [39m[1m[2m  0.89 kB[22m[1m[22m[2m │ gzip:   0.39 kB[22m
[36mℹ[39m [2m../node_modules/.cache/nuxt/.nuxt/dist/client/[22m[35m_nuxt/customer-360.Sv8rZ7bC.css                [39m[1m[2m  1.00 kB[22m[1m[22m[2m │ gzip:   0.39 kB[22m
[36mℹ[39m [2m../node_modules/.cache/nuxt/.nuxt/dist/client/[22m[35m_nuxt/master-data-hub.B14rFqFF.css             [39m[1m[2m  1.08 kB[22m[1m[22m[2m │ gzip:   0.39 kB[22m
[36mℹ[39m [2m../node_modules/.cache/nuxt/.nuxt/dist/client/[22m[35m_nuxt/case-management.BjisYJej.css             [39m[1m[2m  1.17 kB[22m[1m[22m[2m │ gzip:   0.41 kB[22m
[36mℹ[39m [2m../node_modules/.cache/nuxt/.nuxt/dist/client/[22m[35m_nuxt/compliance-reporting.DjQGmnjF.css        [39m[1m[2m  1.21 kB[22m[1m[22m[2m │ gzip:   0.48 kB[22m
[36mℹ[39m [2m../node_modules/.cache/nuxt/.nuxt/dist/client/[22m[35m_nuxt/multi-channel-inbox.DRgmFMu2.css         [39m[1m[2m  1.34 kB[22m[1m[22m[2m │ gzip:   0.55 kB[22m
[36mℹ[39m [2m../node_modules/.cache/nuxt/.nuxt/dist/client/[22m[35m_nuxt/lead-qualifier.CyA2cm8t.css              [39m[1m[2m  1.47 kB[22m[1m[22m[2m │ gzip:   0.49 kB[22m
[36mℹ[39m [2m../node_modules/.cache/nuxt/.nuxt/dist/client/[22m[35m_nuxt/forecasting.bsZYySqH.css                 [39m[1m[2m  1.54 kB[22m[1m[22m[2m │ gzip:   0.54 kB[22m
[36mℹ[39m [2m../node_modules/.cache/nuxt/.nuxt/dist/client/[22m[35m_nuxt/decision-engine.D7t4D83L.css             [39m[1m[2m  1.56 kB[22m[1m[22m[2m │ gzip:   0.50 kB[22m
[36mℹ[39m [2m../node_modules/.cache/nuxt/.nuxt/dist/client/[22m[35m_nuxt/notification-orchestration.BpPbbgDr.css  [39m[1m[2m  1.82 kB[22m[1m[22m[2m │ gzip:   0.81 kB[22m
[36mℹ[39m [2m../node_modules/.cache/nuxt/.nuxt/dist/client/[22m[35m_nuxt/approval-workflow.DKAD8ik3.css           [39m[1m[2m  2.46 kB[22m[1m[22m[2m │ gzip:   0.71 kB[22m
[36mℹ[39m [2m../node_modules/.cache/nuxt/.nuxt/dist/client/[22m[35m_nuxt/document-intelligence.DpbOEpyP.css       [39m[1m[2m  2.78 kB[22m[1m[22m[2m │ gzip:   0.94 kB[22m
[36mℹ[39m [2m../node_modules/.cache/nuxt/.nuxt/dist/client/[22m[35m_nuxt/diagnose.DtmhewcO.css                    [39m[1m[2m  2.81 kB[22m[1m[22m[2m │ gzip:   0.86 kB[22m
[36mℹ[39m [2m../node_modules/.cache/nuxt/.nuxt/dist/client/[22m[35m_nuxt/knowledge-assistant.AbqnYiAg.css         [39m[1m[2m  3.16 kB[22m[1m[22m[2m │ gzip:   0.90 kB[22m
[36mℹ[39m [2m../node_modules/.cache/nuxt/.nuxt/dist/client/[22m[35m_nuxt/pricing-engine.De2lZIbM.css              [39m[1m[2m  3.28 kB[22m[1m[22m[2m │ gzip:   0.82 kB[22m
[36mℹ[39m [2m../node_modules/.cache/nuxt/.nuxt/dist/client/[22m[35m_nuxt/integration-hub.BzriYACr.css             [39m[1m[2m  5.08 kB[22m[1m[22m[2m │ gzip:   1.46 kB[22m
[36mℹ[39m [2m../node_modules/.cache/nuxt/.nuxt/dist/client/[22m[35m_nuxt/index.NscShmY2.css                       [39m[1m[2m  6.72 kB[22m[1m[22m[2m │ gzip:   1.78 kB[22m
[36mℹ[39m [2m../node_modules/.cache/nuxt/.nuxt/dist/client/[22m[35m_nuxt/kairos.CHgrlspm.css                      [39m[1m[2m 28.15 kB[22m[1m[22m[2m │ gzip:   4.76 kB[22m
[36mℹ[39m [2m../node_modules/.cache/nuxt/.nuxt/dist/client/[22m[35m_nuxt/entry.Cie1gDHs.css                       [39m[1m[2m137.96 kB[22m[1m[22m[2m │ gzip:  21.76 kB[22m
[36mℹ[39m [2m../node_modules/.cache/nuxt/.nuxt/dist/client/[22m[36m_nuxt/1W62RMhO.js                              [39m[1m[2m  0.06 kB[22m[1m[22m[2m │ gzip:   0.08 kB[22m
[36mℹ[39m [2m../node_modules/.cache/nuxt/.nuxt/dist/client/[22m[36m_nuxt/BBbpWS4y.js                              [39m[1m[2m  0.12 kB[22m[1m[22m[2m │ gzip:   0.13 kB[22m
[36mℹ[39m [2m../node_modules/.cache/nuxt/.nuxt/dist/client/[22m[36m_nuxt/BsTNk3oh.js                              [39m[1m[2m  0.12 kB[22m[1m[22m[2m │ gzip:   0.14 kB[22m
[36mℹ[39m [2m../node_modules/.cache/nuxt/.nuxt/dist/client/[22m[36m_nuxt/BSnUHM2S.js                              [39m[1m[2m  0.13 kB[22m[1m[22m[2m │ gzip:   0.14 kB[22m
[36mℹ[39m [2m../node_modules/.cache/nuxt/.nuxt/dist/client/[22m[36m_nuxt/Dd89xoNU.js                              [39m[1m[2m  0.13 kB[22m[1m[22m[2m │ gzip:   0.14 kB[22m
[36mℹ[39m [2m../node_modules/.cache/nuxt/.nuxt/dist/client/[22m[36m_nuxt/D_FQL9si.js                              [39m[1m[2m  0.14 kB[22m[1m[22m[2m │ gzip:   0.15 kB[22m
[36mℹ[39m [2m../node_modules/.cache/nuxt/.nuxt/dist/client/[22m[36m_nuxt/DP4_XPvc.js                              [39m[1m[2m  0.15 kB[22m[1m[22m[2m │ gzip:   0.15 kB[22m
[36mℹ[39m [2m../node_modules/.cache/nuxt/.nuxt/dist/client/[22m[36m_nuxt/p5SM8kO7.js                              [39m[1m[2m  0.16 kB[22m[1m[22m[2m │ gzip:   0.16 kB[22m
[36mℹ[39m [2m../node_modules/.cache/nuxt/.nuxt/dist/client/[22m[36m_nuxt/c-ynPttN.js                              [39m[1m[2m  0.16 kB[22m[1m[22m[2m │ gzip:   0.15 kB[22m
[36mℹ[39m [2m../node_modules/.cache/nuxt/.nuxt/dist/client/[22m[36m_nuxt/IfhBm0DO.js                              [39m[1m[2m  0.16 kB[22m[1m[22m[2m │ gzip:   0.16 kB[22m
[36mℹ[39m [2m../node_modules/.cache/nuxt/.nuxt/dist/client/[22m[36m_nuxt/CJO-LHrS.js                              [39m[1m[2m  0.17 kB[22m[1m[22m[2m │ gzip:   0.16 kB[22m
[36mℹ[39m [2m../node_modules/.cache/nuxt/.nuxt/dist/client/[22m[36m_nuxt/D4kEs8ID.js                              [39m[1m[2m  0.17 kB[22m[1m[22m[2m │ gzip:   0.16 kB[22m
[36mℹ[39m [2m../node_modules/.cache/nuxt/.nuxt/dist/client/[22m[36m_nuxt/DnfYoo-H.js                              [39m[1m[2m  0.17 kB[22m[1m[22m[2m │ gzip:   0.17 kB[22m
[36mℹ[39m [2m../node_modules/.cache/nuxt/.nuxt/dist/client/[22m[36m_nuxt/C303Mu9q.js                              [39m[1m[2m  0.17 kB[22m[1m[22m[2m │ gzip:   0.16 kB[22m
[36mℹ[39m [2m../node_modules/.cache/nuxt/.nuxt/dist/client/[22m[36m_nuxt/CTROdeY5.js                              [39m[1m[2m  0.17 kB[22m[1m[22m[2m │ gzip:   0.16 kB[22m
[36mℹ[39m [2m../node_modules/.cache/nuxt/.nuxt/dist/client/[22m[36m_nuxt/BDLrIVpK.js                              [39m[1m[2m  0.18 kB[22m[1m[22m[2m │ gzip:   0.15 kB[22m
[36mℹ[39m [2m../node_modules/.cache/nuxt/.nuxt/dist/client/[22m[36m_nuxt/D3ip3J4a.js                              [39m[1m[2m  0.18 kB[22m[1m[22m[2m │ gzip:   0.17 kB[22m
[36mℹ[39m [2m../node_modules/.cache/nuxt/.nuxt/dist/client/[22m[36m_nuxt/BlBLY0Cd.js                              [39m[1m[2m  0.19 kB[22m[1m[22m[2m │ gzip:   0.18 kB[22m
[36mℹ[39m [2m../node_modules/.cache/nuxt/.nuxt/dist/client/[22m[36m_nuxt/Co5q3u4D.js                              [39m[1m[2m  0.19 kB[22m[1m[22m[2m │ gzip:   0.18 kB[22m
[36mℹ[39m [2m../node_modules/.cache/nuxt/.nuxt/dist/client/[22m[36m_nuxt/DIfuvbU7.js                              [39m[1m[2m  0.20 kB[22m[1m[22m[2m │ gzip:   0.18 kB[22m
[36mℹ[39m [2m../node_modules/.cache/nuxt/.nuxt/dist/client/[22m[36m_nuxt/Sho2hgR-.js                              [39m[1m[2m  0.20 kB[22m[1m[22m[2m │ gzip:   0.17 kB[22m
[36mℹ[39m [2m../node_modules/.cache/nuxt/.nuxt/dist/client/[22m[36m_nuxt/DEQ29YrH.js                              [39m[1m[2m  0.20 kB[22m[1m[22m[2m │ gzip:   0.19 kB[22m
[36mℹ[39m [2m../node_modules/.cache/nuxt/.nuxt/dist/client/[22m[36m_nuxt/BS4Oxq9i.js                              [39m[1m[2m  0.20 kB[22m[1m[22m[2m │ gzip:   0.18 kB[22m
[36mℹ[39m [2m../node_modules/.cache/nuxt/.nuxt/dist/client/[22m[36m_nuxt/B9Z5zhLy.js                              [39m[1m[2m  0.20 kB[22m[1m[22m[2m │ gzip:   0.17 kB[22m
[36mℹ[39m [2m../node_modules/.cache/nuxt/.nuxt/dist/client/[22m[36m_nuxt/Crs3Kguq.js                              [39m[1m[2m  0.21 kB[22m[1m[22m[2m │ gzip:   0.16 kB[22m
[36mℹ[39m [2m../node_modules/.cache/nuxt/.nuxt/dist/client/[22m[36m_nuxt/B7no_YIP.js                              [39m[1m[2m  0.22 kB[22m[1m[22m[2m │ gzip:   0.19 kB[22m
[36mℹ[39m [2m../node_modules/.cache/nuxt/.nuxt/dist/client/[22m[36m_nuxt/TRX4opXv.js                              [39m[1m[2m  0.22 kB[22m[1m[22m[2m │ gzip:   0.16 kB[22m
[36mℹ[39m [2m../node_modules/.cache/nuxt/.nuxt/dist/client/[22m[36m_nuxt/Em9gn9vn.js                              [39m[1m[2m  0.22 kB[22m[1m[22m[2m │ gzip:   0.19 kB[22m
[36mℹ[39m [2m../node_modules/.cache/nuxt/.nuxt/dist/client/[22m[36m_nuxt/Dwdgj1Ld.js                              [39m[1m[2m  0.23 kB[22m[1m[22m[2m │ gzip:   0.20 kB[22m
[36mℹ[39m [2m../node_modules/.cache/nuxt/.nuxt/dist/client/[22m[36m_nuxt/CMm6oeBK.js                              [39m[1m[2m  0.23 kB[22m[1m[22m[2m │ gzip:   0.20 kB[22m
[36mℹ[39m [2m../node_modules/.cache/nuxt/.nuxt/dist/client/[22m[36m_nuxt/yxwSOrnL.js                              [39m[1m[2m  0.23 kB[22m[1m[22m[2m │ gzip:   0.19 kB[22m
[36mℹ[39m [2m../node_modules/.cache/nuxt/.nuxt/dist/client/[22m[36m_nuxt/CHZKH-AG.js                              [39m[1m[2m  0.23 kB[22m[1m[22m[2m │ gzip:   0.18 kB[22m
[36mℹ[39m [2m../node_modules/.cache/nuxt/.nuxt/dist/client/[22m[36m_nuxt/BNIHwH1t.js                              [39m[1m[2m  0.24 kB[22m[1m[22m[2m │ gzip:   0.21 kB[22m
[36mℹ[39m [2m../node_modules/.cache/nuxt/.nuxt/dist/client/[22m[36m_nuxt/DjssOPQW.js                              [39m[1m[2m  0.24 kB[22m[1m[22m[2m │ gzip:   0.19 kB[22m
[36mℹ[39m [2m../node_modules/.cache/nuxt/.nuxt/dist/client/[22m[36m_nuxt/C7LqTjGm.js                              [39m[1m[2m  0.24 kB[22m[1m[22m[2m │ gzip:   0.19 kB[22m
[36mℹ[39m [2m../node_modules/.cache/nuxt/.nuxt/dist/client/[22m[36m_nuxt/BqNj2BUQ.js                              [39m[1m[2m  0.24 kB[22m[1m[22m[2m │ gzip:   0.21 kB[22m
[36mℹ[39m [2m../node_modules/.cache/nuxt/.nuxt/dist/client/[22m[36m_nuxt/DOb7tYce.js                              [39m[1m[2m  0.24 kB[22m[1m[22m[2m │ gzip:   0.20 kB[22m
[36mℹ[39m [2m../node_modules/.cache/nuxt/.nuxt/dist/client/[22m[36m_nuxt/BiMqZSal.js                              [39m[1m[2m  0.25 kB[22m[1m[22m[2m │ gzip:   0.18 kB[22m
[36mℹ[39m [2m../node_modules/.cache/nuxt/.nuxt/dist/client/[22m[36m_nuxt/P0m8_HDy.js                              [39m[1m[2m  0.25 kB[22m[1m[22m[2m │ gzip:   0.21 kB[22m
[36mℹ[39m [2m../node_modules/.cache/nuxt/.nuxt/dist/client/[22m[36m_nuxt/BwFUHLOF.js                              [39m[1m[2m  0.25 kB[22m[1m[22m[2m │ gzip:   0.21 kB[22m
[36mℹ[39m [2m../node_modules/.cache/nuxt/.nuxt/dist/client/[22m[36m_nuxt/CbOscn4h.js                              [39m[1m[2m  0.25 kB[22m[1m[22m[2m │ gzip:   0.19 kB[22m
[36mℹ[39m [2m../node_modules/.cache/nuxt/.nuxt/dist/client/[22m[36m_nuxt/CXsSgGEp.js                              [39m[1m[2m  0.25 kB[22m[1m[22m[2m │ gzip:   0.20 kB[22m
[36mℹ[39m [2m../node_modules/.cache/nuxt/.nuxt/dist/client/[22m[36m_nuxt/DzAw0Esj.js                              [39m[1m[2m  0.25 kB[22m[1m[22m[2m │ gzip:   0.22 kB[22m
[36mℹ[39m [2m../node_modules/.cache/nuxt/.nuxt/dist/client/[22m[36m_nuxt/Bep5q4Tx.js                              [39m[1m[2m  0.26 kB[22m[1m[22m[2m │ gzip:   0.20 kB[22m
[36mℹ[39m [2m../node_modules/.cache/nuxt/.nuxt/dist/client/[22m[36m_nuxt/DIziK7So.js                              [39m[1m[2m  0.26 kB[22m[1m[22m[2m │ gzip:   0.21 kB[22m
[36mℹ[39m [2m../node_modules/.cache/nuxt/.nuxt/dist/client/[22m[36m_nuxt/DyyHIPPH.js                              [39m[1m[2m  0.27 kB[22m[1m[22m[2m │ gzip:   0.20 kB[22m
[36mℹ[39m [2m../node_modules/.cache/nuxt/.nuxt/dist/client/[22m[36m_nuxt/DY1Rdvf6.js                              [39m[1m[2m  0.27 kB[22m[1m[22m[2m │ gzip:   0.22 kB[22m
[36mℹ[39m [2m../node_modules/.cache/nuxt/.nuxt/dist/client/[22m[36m_nuxt/wuApvc-I.js                              [39m[1m[2m  0.27 kB[22m[1m[22m[2m │ gzip:   0.22 kB[22m
[36mℹ[39m [2m../node_modules/.cache/nuxt/.nuxt/dist/client/[22m[36m_nuxt/ppExnlsP.js                              [39m[1m[2m  0.27 kB[22m[1m[22m[2m │ gzip:   0.18 kB[22m
[36mℹ[39m [2m../node_modules/.cache/nuxt/.nuxt/dist/client/[22m[36m_nuxt/N04Oi9dy.js                              [39m[1m[2m  0.27 kB[22m[1m[22m[2m │ gzip:   0.20 kB[22m
[36mℹ[39m [2m../node_modules/.cache/nuxt/.nuxt/dist/client/[22m[36m_nuxt/DTFSSZHe.js                              [39m[1m[2m  0.28 kB[22m[1m[22m[2m │ gzip:   0.19 kB[22m
[36mℹ[39m [2m../node_modules/.cache/nuxt/.nuxt/dist/client/[22m[36m_nuxt/BGDPP2e5.js                              [39m[1m[2m  0.28 kB[22m[1m[22m[2m │ gzip:   0.20 kB[22m
[36mℹ[39m [2m../node_modules/.cache/nuxt/.nuxt/dist/client/[22m[36m_nuxt/CMMETigO.js                              [39m[1m[2m  0.28 kB[22m[1m[22m[2m │ gzip:   0.23 kB[22m
[36mℹ[39m [2m../node_modules/.cache/nuxt/.nuxt/dist/client/[22m[36m_nuxt/Cl2C3PT9.js                              [39m[1m[2m  0.28 kB[22m[1m[22m[2m │ gzip:   0.20 kB[22m
[36mℹ[39m [2m../node_modules/.cache/nuxt/.nuxt/dist/client/[22m[36m_nuxt/DsIUANyU.js                              [39m[1m[2m  0.29 kB[22m[1m[22m[2m │ gzip:   0.23 kB[22m
[36mℹ[39m [2m../node_modules/.cache/nuxt/.nuxt/dist/client/[22m[36m_nuxt/VbcMwpDy.js                              [39m[1m[2m  0.29 kB[22m[1m[22m[2m │ gzip:   0.23 kB[22m
[36mℹ[39m [2m../node_modules/.cache/nuxt/.nuxt/dist/client/[22m[36m_nuxt/BUVZ92vy.js                              [39m[1m[2m  0.29 kB[22m[1m[22m[2m │ gzip:   0.23 kB[22m
[36mℹ[39m [2m../node_modules/.cache/nuxt/.nuxt/dist/client/[22m[36m_nuxt/16h5p9u4.js                              [39m[1m[2m  0.29 kB[22m[1m[22m[2m │ gzip:   0.19 kB[22m
[36mℹ[39m [2m../node_modules/.cache/nuxt/.nuxt/dist/client/[22m[36m_nuxt/BTSnUOwM.js                              [39m[1m[2m  0.30 kB[22m[1m[22m[2m │ gzip:   0.23 kB[22m
[36mℹ[39m [2m../node_modules/.cache/nuxt/.nuxt/dist/client/[22m[36m_nuxt/RlGmtS2B.js                              [39m[1m[2m  0.30 kB[22m[1m[22m[2m │ gzip:   0.23 kB[22m
[36mℹ[39m [2m../node_modules/.cache/nuxt/.nuxt/dist/client/[22m[36m_nuxt/CFE0_2Zp.js                              [39m[1m[2m  0.30 kB[22m[1m[22m[2m │ gzip:   0.22 kB[22m
[36mℹ[39m [2m../node_modules/.cache/nuxt/.nuxt/dist/client/[22m[36m_nuxt/BgMaWcoM.js                              [39m[1m[2m  0.30 kB[22m[1m[22m[2m │ gzip:   0.22 kB[22m
[36mℹ[39m [2m../node_modules/.cache/nuxt/.nuxt/dist/client/[22m[36m_nuxt/DW-L-KBq.js                              [39m[1m[2m  0.31 kB[22m[1m[22m[2m │ gzip:   0.22 kB[22m
[36mℹ[39m [2m../node_modules/.cache/nuxt/.nuxt/dist/client/[22m[36m_nuxt/D68DGnDE.js                              [39m[1m[2m  0.31 kB[22m[1m[22m[2m │ gzip:   0.23 kB[22m
[36mℹ[39m [2m../node_modules/.cache/nuxt/.nuxt/dist/client/[22m[36m_nuxt/DgtgrLsw.js                              [39m[1m[2m  0.31 kB[22m[1m[22m[2m │ gzip:   0.23 kB[22m
[36mℹ[39m [2m../node_modules/.cache/nuxt/.nuxt/dist/client/[22m[36m_nuxt/DEVDYJ7V.js                              [39m[1m[2m  0.32 kB[22m[1m[22m[2m │ gzip:   0.23 kB[22m
[36mℹ[39m [2m../node_modules/.cache/nuxt/.nuxt/dist/client/[22m[36m_nuxt/C6gUSct6.js                              [39m[1m[2m  0.32 kB[22m[1m[22m[2m │ gzip:   0.22 kB[22m
[36mℹ[39m [2m../node_modules/.cache/nuxt/.nuxt/dist/client/[22m[36m_nuxt/BJnz7p2H.js                              [39m[1m[2m  0.32 kB[22m[1m[22m[2m │ gzip:   0.21 kB[22m
[36mℹ[39m [2m../node_modules/.cache/nuxt/.nuxt/dist/client/[22m[36m_nuxt/CWlYUmTk.js                              [39m[1m[2m  0.32 kB[22m[1m[22m[2m │ gzip:   0.23 kB[22m
[36mℹ[39m [2m../node_modules/.cache/nuxt/.nuxt/dist/client/[22m[36m_nuxt/BzzCD6GG.js                              [39m[1m[2m  0.32 kB[22m[1m[22m[2m │ gzip:   0.24 kB[22m
[36mℹ[39m [2m../node_modules/.cache/nuxt/.nuxt/dist/client/[22m[36m_nuxt/BQaJ2cYV.js                              [39m[1m[2m  0.32 kB[22m[1m[22m[2m │ gzip:   0.25 kB[22m
[36mℹ[39m [2m../node_modules/.cache/nuxt/.nuxt/dist/client/[22m[36m_nuxt/ZkaObtNq.js                              [39m[1m[2m  0.32 kB[22m[1m[22m[2m │ gzip:   0.21 kB[22m
[36mℹ[39m [2m../node_modules/.cache/nuxt/.nuxt/dist/client/[22m[36m_nuxt/BmU7yN1o.js                              [39m[1m[2m  0.33 kB[22m[1m[22m[2m │ gzip:   0.22 kB[22m
[36mℹ[39m [2m../node_modules/.cache/nuxt/.nuxt/dist/client/[22m[36m_nuxt/p4mpnedU.js                              [39m[1m[2m  0.33 kB[22m[1m[22m[2m │ gzip:   0.22 kB[22m
[36mℹ[39m [2m../node_modules/.cache/nuxt/.nuxt/dist/client/[22m[36m_nuxt/BEoD4C6K.js                              [39m[1m[2m  0.33 kB[22m[1m[22m[2m │ gzip:   0.21 kB[22m
[36mℹ[39m [2m../node_modules/.cache/nuxt/.nuxt/dist/client/[22m[36m_nuxt/D6iMc_xJ.js                              [39m[1m[2m  0.34 kB[22m[1m[22m[2m │ gzip:   0.24 kB[22m
[36mℹ[39m [2m../node_modules/.cache/nuxt/.nuxt/dist/client/[22m[36m_nuxt/CyuBb5GX.js                              [39m[1m[2m  0.34 kB[22m[1m[22m[2m │ gzip:   0.23 kB[22m
[36mℹ[39m [2m../node_modules/.cache/nuxt/.nuxt/dist/client/[22m[36m_nuxt/Cz-FCkgd.js                              [39m[1m[2m  0.35 kB[22m[1m[22m[2m │ gzip:   0.26 kB[22m
[36mℹ[39m [2m../node_modules/.cache/nuxt/.nuxt/dist/client/[22m[36m_nuxt/DA1lBXc4.js                              [39m[1m[2m  0.36 kB[22m[1m[22m[2m │ gzip:   0.24 kB[22m
[36mℹ[39m [2m../node_modules/.cache/nuxt/.nuxt/dist/client/[22m[36m_nuxt/DzJt73jY.js                              [39m[1m[2m  0.37 kB[22m[1m[22m[2m │ gzip:   0.25 kB[22m
[36mℹ[39m [2m../node_modules/.cache/nuxt/.nuxt/dist/client/[22m[36m_nuxt/Bx_jvUuN.js                              [39m[1m[2m  0.37 kB[22m[1m[22m[2m │ gzip:   0.25 kB[22m
[36mℹ[39m [2m../node_modules/.cache/nuxt/.nuxt/dist/client/[22m[36m_nuxt/Besn1_Ln.js                              [39m[1m[2m  0.38 kB[22m[1m[22m[2m │ gzip:   0.22 kB[22m
[36mℹ[39m [2m../node_modules/.cache/nuxt/.nuxt/dist/client/[22m[36m_nuxt/CnBNEFEz.js                              [39m[1m[2m  0.38 kB[22m[1m[22m[2m │ gzip:   0.24 kB[22m
[36mℹ[39m [2m../node_modules/.cache/nuxt/.nuxt/dist/client/[22m[36m_nuxt/BXIwe8Ek.js                              [39m[1m[2m  0.38 kB[22m[1m[22m[2m │ gzip:   0.23 kB[22m
[36mℹ[39m [2m../node_modules/.cache/nuxt/.nuxt/dist/client/[22m[36m_nuxt/Bj8YNkHz.js                              [39m[1m[2m  0.38 kB[22m[1m[22m[2m │ gzip:   0.25 kB[22m
[36mℹ[39m [2m../node_modules/.cache/nuxt/.nuxt/dist/client/[22m[36m_nuxt/BBLaLDzS.js                              [39m[1m[2m  0.38 kB[22m[1m[22m[2m │ gzip:   0.24 kB[22m
[36mℹ[39m [2m../node_modules/.cache/nuxt/.nuxt/dist/client/[22m[36m_nuxt/D7lIv02Y.js                              [39m[1m[2m  0.40 kB[22m[1m[22m[2m │ gzip:   0.27 kB[22m
[36mℹ[39m [2m../node_modules/.cache/nuxt/.nuxt/dist/client/[22m[36m_nuxt/CcpwFQ05.js                              [39m[1m[2m  0.41 kB[22m[1m[22m[2m │ gzip:   0.26 kB[22m
[36mℹ[39m [2m../node_modules/.cache/nuxt/.nuxt/dist/client/[22m[36m_nuxt/-ZV9JHli.js                              [39m[1m[2m  0.41 kB[22m[1m[22m[2m │ gzip:   0.28 kB[22m
[36mℹ[39m [2m../node_modules/.cache/nuxt/.nuxt/dist/client/[22m[36m_nuxt/C3Fa80VH.js                              [39m[1m[2m  0.42 kB[22m[1m[22m[2m │ gzip:   0.24 kB[22m
[36mℹ[39m [2m../node_modules/.cache/nuxt/.nuxt/dist/client/[22m[36m_nuxt/CJ5St1Q3.js                              [39m[1m[2m  0.42 kB[22m[1m[22m[2m │ gzip:   0.24 kB[22m
[36mℹ[39m [2m../node_modules/.cache/nuxt/.nuxt/dist/client/[22m[36m_nuxt/kvT4eveo.js                              [39m[1m[2m  0.42 kB[22m[1m[22m[2m │ gzip:   0.26 kB[22m
[36mℹ[39m [2m../node_modules/.cache/nuxt/.nuxt/dist/client/[22m[36m_nuxt/BjKtrE9V.js                              [39m[1m[2m  0.44 kB[22m[1m[22m[2m │ gzip:   0.28 kB[22m
[36mℹ[39m [2m../node_modules/.cache/nuxt/.nuxt/dist/client/[22m[36m_nuxt/D5-jwYW5.js                              [39m[1m[2m  0.45 kB[22m[1m[22m[2m │ gzip:   0.29 kB[22m
[36mℹ[39m [2m../node_modules/.cache/nuxt/.nuxt/dist/client/[22m[36m_nuxt/DdevJh8l.js                              [39m[1m[2m  0.47 kB[22m[1m[22m[2m │ gzip:   0.29 kB[22m
[36mℹ[39m [2m../node_modules/.cache/nuxt/.nuxt/dist/client/[22m[36m_nuxt/DscaEG0J.js                              [39m[1m[2m  0.49 kB[22m[1m[22m[2m │ gzip:   0.27 kB[22m
[36mℹ[39m [2m../node_modules/.cache/nuxt/.nuxt/dist/client/[22m[36m_nuxt/hikaQIo5.js                              [39m[1m[2m  0.49 kB[22m[1m[22m[2m │ gzip:   0.28 kB[22m
[36mℹ[39m [2m../node_modules/.cache/nuxt/.nuxt/dist/client/[22m[36m_nuxt/B7baUMUn.js                              [39m[1m[2m  0.49 kB[22m[1m[22m[2m │ gzip:   0.28 kB[22m
[36mℹ[39m [2m../node_modules/.cache/nuxt/.nuxt/dist/client/[22m[36m_nuxt/DBowFnyj.js                              [39m[1m[2m  0.51 kB[22m[1m[22m[2m │ gzip:   0.29 kB[22m
[36mℹ[39m [2m../node_modules/.cache/nuxt/.nuxt/dist/client/[22m[36m_nuxt/DrIPt8hc.js                              [39m[1m[2m  0.53 kB[22m[1m[22m[2m │ gzip:   0.28 kB[22m
[36mℹ[39m [2m../node_modules/.cache/nuxt/.nuxt/dist/client/[22m[36m_nuxt/gjjCMXrM.js                              [39m[1m[2m  0.53 kB[22m[1m[22m[2m │ gzip:   0.33 kB[22m
[36mℹ[39m [2m../node_modules/.cache/nuxt/.nuxt/dist/client/[22m[36m_nuxt/XAL1hRt-.js                              [39m[1m[2m  0.62 kB[22m[1m[22m[2m │ gzip:   0.32 kB[22m
[36mℹ[39m [2m../node_modules/.cache/nuxt/.nuxt/dist/client/[22m[36m_nuxt/BHzMeFg_.js                              [39m[1m[2m  0.65 kB[22m[1m[22m[2m │ gzip:   0.28 kB[22m
[36mℹ[39m [2m../node_modules/.cache/nuxt/.nuxt/dist/client/[22m[36m_nuxt/VlvPhfnu.js                              [39m[1m[2m  0.67 kB[22m[1m[22m[2m │ gzip:   0.32 kB[22m
[36mℹ[39m [2m../node_modules/.cache/nuxt/.nuxt/dist/client/[22m[36m_nuxt/Bq0z53Xu.js                              [39m[1m[2m  0.85 kB[22m[1m[22m[2m │ gzip:   0.39 kB[22m
[36mℹ[39m [2m../node_modules/.cache/nuxt/.nuxt/dist/client/[22m[36m_nuxt/Bp0s8dEN.js                              [39m[1m[2m  0.90 kB[22m[1m[22m[2m │ gzip:   0.42 kB[22m
[36mℹ[39m [2m../node_modules/.cache/nuxt/.nuxt/dist/client/[22m[36m_nuxt/ByJTuMd6.js                              [39m[1m[2m  9.83 kB[22m[1m[22m[2m │ gzip:   4.02 kB[22m
[36mℹ[39m [2m../node_modules/.cache/nuxt/.nuxt/dist/client/[22m[36m_nuxt/DjOJ4KSt.js                              [39m[1m[2m 10.05 kB[22m[1m[22m[2m │ gzip:   3.43 kB[22m
[36mℹ[39m [2m../node_modules/.cache/nuxt/.nuxt/dist/client/[22m[36m_nuxt/B1O_lwVE.js                              [39m[1m[2m 10.92 kB[22m[1m[22m[2m │ gzip:   4.46 kB[22m
[36mℹ[39m [2m../node_modules/.cache/nuxt/.nuxt/dist/client/[22m[36m_nuxt/7gHNntf3.js                              [39m[1m[2m 21.65 kB[22m[1m[22m[2m │ gzip:   6.32 kB[22m
[36mℹ[39m [2m../node_modules/.cache/nuxt/.nuxt/dist/client/[22m[36m_nuxt/DlM1_chN.js                              [39m[1m[2m 24.69 kB[22m[1m[22m[2m │ gzip:   7.65 kB[22m
[36mℹ[39m [2m../node_modules/.cache/nuxt/.nuxt/dist/client/[22m[36m_nuxt/DxqiM41u.js                              [39m[1m[2m 24.74 kB[22m[1m[22m[2m │ gzip:   8.65 kB[22m
[36mℹ[39m [2m../node_modules/.cache/nuxt/.nuxt/dist/client/[22m[36m_nuxt/-Ila-y7w.js                              [39m[1m[2m 24.76 kB[22m[1m[22m[2m │ gzip:   7.82 kB[22m
[36mℹ[39m [2m../node_modules/.cache/nuxt/.nuxt/dist/client/[22m[36m_nuxt/DdodfTQM.js                              [39m[1m[2m 25.62 kB[22m[1m[22m[2m │ gzip:   8.04 kB[22m
[36mℹ[39m [2m../node_modules/.cache/nuxt/.nuxt/dist/client/[22m[36m_nuxt/ZWVyaUg0.js                              [39m[1m[2m 26.05 kB[22m[1m[22m[2m │ gzip:   8.35 kB[22m
[36mℹ[39m [2m../node_modules/.cache/nuxt/.nuxt/dist/client/[22m[36m_nuxt/C5pYon5p.js                              [39m[1m[2m 26.86 kB[22m[1m[22m[2m │ gzip:   8.50 kB[22m
[36mℹ[39m [2m../node_modules/.cache/nuxt/.nuxt/dist/client/[22m[36m_nuxt/DTVq0iau.js                              [39m[1m[2m 27.38 kB[22m[1m[22m[2m │ gzip:   8.19 kB[22m
[36mℹ[39m [2m../node_modules/.cache/nuxt/.nuxt/dist/client/[22m[36m_nuxt/B_9MCHCs.js                              [39m[1m[2m 29.10 kB[22m[1m[22m[2m │ gzip:   7.58 kB[22m
[36mℹ[39m [2m../node_modules/.cache/nuxt/.nuxt/dist/client/[22m[36m_nuxt/CH8jYWle.js                              [39m[1m[2m 29.64 kB[22m[1m[22m[2m │ gzip:   8.17 kB[22m
[36mℹ[39m [2m../node_modules/.cache/nuxt/.nuxt/dist/client/[22m[36m_nuxt/2Y-rYt7d.js                              [39m[1m[2m 30.02 kB[22m[1m[22m[2m │ gzip:   8.81 kB[22m
[36mℹ[39m [2m../node_modules/.cache/nuxt/.nuxt/dist/client/[22m[36m_nuxt/Tip-I3sb.js                              [39m[1m[2m 30.40 kB[22m[1m[22m[2m │ gzip:  10.04 kB[22m
[36mℹ[39m [2m../node_modules/.cache/nuxt/.nuxt/dist/client/[22m[36m_nuxt/BodteuKl.js                              [39m[1m[2m 32.98 kB[22m[1m[22m[2m │ gzip:   9.92 kB[22m
[36mℹ[39m [2m../node_modules/.cache/nuxt/.nuxt/dist/client/[22m[36m_nuxt/a07I-TFp.js                              [39m[1m[2m 33.23 kB[22m[1m[22m[2m │ gzip:  11.07 kB[22m
[36mℹ[39m [2m../node_modules/.cache/nuxt/.nuxt/dist/client/[22m[36m_nuxt/DsLShAYW.js                              [39m[1m[2m 33.36 kB[22m[1m[22m[2m │ gzip:   9.95 kB[22m
[36mℹ[39m [2m../node_modules/.cache/nuxt/.nuxt/dist/client/[22m[36m_nuxt/BnACf21G.js                              [39m[1m[2m 34.91 kB[22m[1m[22m[2m │ gzip:  10.59 kB[22m
[36mℹ[39m [2m../node_modules/.cache/nuxt/.nuxt/dist/client/[22m[36m_nuxt/E5Rmj_Jk.js                              [39m[1m[2m 34.99 kB[22m[1m[22m[2m │ gzip:  10.48 kB[22m
[36mℹ[39m [2m../node_modules/.cache/nuxt/.nuxt/dist/client/[22m[36m_nuxt/CC0BYSEt.js                              [39m[1m[2m 35.03 kB[22m[1m[22m[2m │ gzip:   9.34 kB[22m
[36mℹ[39m [2m../node_modules/.cache/nuxt/.nuxt/dist/client/[22m[36m_nuxt/CcHhpIXd.js                              [39m[1m[2m 35.15 kB[22m[1m[22m[2m │ gzip:  10.88 kB[22m
[36mℹ[39m [2m../node_modules/.cache/nuxt/.nuxt/dist/client/[22m[36m_nuxt/DkeAUSap.js                              [39m[1m[2m 35.47 kB[22m[1m[22m[2m │ gzip:  10.56 kB[22m
[36mℹ[39m [2m../node_modules/.cache/nuxt/.nuxt/dist/client/[22m[36m_nuxt/CehQbewD.js                              [39m[1m[2m 36.50 kB[22m[1m[22m[2m │ gzip:   9.73 kB[22m
[36mℹ[39m [2m../node_modules/.cache/nuxt/.nuxt/dist/client/[22m[36m_nuxt/B4LcBOp7.js                              [39m[1m[2m 36.57 kB[22m[1m[22m[2m │ gzip:   9.05 kB[22m
[36mℹ[39m [2m../node_modules/.cache/nuxt/.nuxt/dist/client/[22m[36m_nuxt/DTN9rTKj.js                              [39m[1m[2m 38.00 kB[22m[1m[22m[2m │ gzip:  10.79 kB[22m
[36mℹ[39m [2m../node_modules/.cache/nuxt/.nuxt/dist/client/[22m[36m_nuxt/DXBPh4xr.js                              [39m[1m[2m 39.49 kB[22m[1m[22m[2m │ gzip:  11.71 kB[22m
[36mℹ[39m [2m../node_modules/.cache/nuxt/.nuxt/dist/client/[22m[36m_nuxt/DZFHLaPw.js                              [39m[1m[2m 41.84 kB[22m[1m[22m[2m │ gzip:  12.21 kB[22m
[36mℹ[39m [2m../node_modules/.cache/nuxt/.nuxt/dist/client/[22m[36m_nuxt/D08BejJa.js                              [39m[1m[2m 42.19 kB[22m[1m[22m[2m │ gzip:  10.06 kB[22m
[36mℹ[39m [2m../node_modules/.cache/nuxt/.nuxt/dist/client/[22m[36m_nuxt/FdVLIec8.js                              [39m[1m[2m 42.23 kB[22m[1m[22m[2m │ gzip:  13.26 kB[22m
[36mℹ[39m [2m../node_modules/.cache/nuxt/.nuxt/dist/client/[22m[36m_nuxt/wO0S0s8q.js                              [39m[1m[2m 43.36 kB[22m[1m[22m[2m │ gzip:  12.97 kB[22m
[36mℹ[39m [2m../node_modules/.cache/nuxt/.nuxt/dist/client/[22m[36m_nuxt/BQsJTYT7.js                              [39m[1m[2m 44.60 kB[22m[1m[22m[2m │ gzip:  13.46 kB[22m
[36mℹ[39m [2m../node_modules/.cache/nuxt/.nuxt/dist/client/[22m[36m_nuxt/xKQnmpp1.js                              [39m[1m[2m 49.04 kB[22m[1m[22m[2m │ gzip:  14.65 kB[22m
[36mℹ[39m [2m../node_modules/.cache/nuxt/.nuxt/dist/client/[22m[36m_nuxt/DX2_zt9M.js                              [39m[1m[2m 50.16 kB[22m[1m[22m[2m │ gzip:  15.12 kB[22m
[36mℹ[39m [2m../node_modules/.cache/nuxt/.nuxt/dist/client/[22m[36m_nuxt/BANDwQ8D.js                              [39m[1m[2m 57.24 kB[22m[1m[22m[2m │ gzip:  14.55 kB[22m
[36mℹ[39m [2m../node_modules/.cache/nuxt/.nuxt/dist/client/[22m[36m_nuxt/DptEwTvg.js                              [39m[1m[2m285.21 kB[22m[1m[22m[2m │ gzip: 104.94 kB[22m
[36mℹ[39m [32m✓ built in 11.55s[39m
[32m✔[39m Client built in 11566ms
[36mℹ[39m Building server...
[36mℹ[39m [36mvite v7.3.3 [32mbuilding ssr environment for production...[36m[39m
[36mℹ[39m transforming...

[43m[30m WARN [39m[49m [33m[plugin @tailwindcss/vite:generate:build] Sourcemap is likely to be incorrect: a plugin (@tailwindcss/vite:generate:build) was used to transform files, but didn't generate a sourcemap for the transformation. Consult the plugin documentation for help[39m


[43m[30m WARN [39m[49m [33m[plugin @tailwindcss/vite:generate:build] Sourcemap is likely to be incorrect: a plugin (@tailwindcss/vite:generate:build) was used to transform files, but didn't generate a sourcemap for the transformation. Consult the plugin documentation for help[39m[2m (x2)[22m


[43m[30m WARN [39m[49m [33m[plugin @tailwindcss/vite:generate:build] Sourcemap is likely to be incorrect: a plugin (@tailwindcss/vite:generate:build) was used to transform files, but didn't generate a sourcemap for the transformation. Consult the plugin documentation for help[39m[2m (x3)[22m


[43m[30m WARN [39m[49m [33m[plugin @tailwindcss/vite:generate:build] Sourcemap is likely to be incorrect: a plugin (@tailwindcss/vite:generate:build) was used to transform files, but didn't generate a sourcemap for the transformation. Consult the plugin documentation for help[39m[2m (x4)[22m


[43m[30m WARN [39m[49m [33m[plugin @tailwindcss/vite:generate:build] Sourcemap is likely to be incorrect: a plugin (@tailwindcss/vite:generate:build) was used to transform files, but didn't generate a sourcemap for the transformation. Consult the plugin documentation for help[39m[2m (x5)[22m


[43m[30m WARN [39m[49m [33m[plugin @tailwindcss/vite:generate:build] Sourcemap is likely to be incorrect: a plugin (@tailwindcss/vite:generate:build) was used to transform files, but didn't generate a sourcemap for the transformation. Consult the plugin documentation for help[39m[2m (x6)[22m


[43m[30m WARN [39m[49m [33m[plugin @tailwindcss/vite:generate:build] Sourcemap is likely to be incorrect: a plugin (@tailwindcss/vite:generate:build) was used to transform files, but didn't generate a sourcemap for the transformation. Consult the plugin documentation for help[39m[2m (x7)[22m


[43m[30m WARN [39m[49m [33m[plugin @tailwindcss/vite:generate:build] Sourcemap is likely to be incorrect: a plugin (@tailwindcss/vite:generate:build) was used to transform files, but didn't generate a sourcemap for the transformation. Consult the plugin documentation for help[39m[2m (x8)[22m


[43m[30m WARN [39m[49m [33m[plugin @tailwindcss/vite:generate:build] Sourcemap is likely to be incorrect: a plugin (@tailwindcss/vite:generate:build) was used to transform files, but didn't generate a sourcemap for the transformation. Consult the plugin documentation for help[39m[2m (x9)[22m


[43m[30m WARN [39m[49m [33m[plugin @tailwindcss/vite:generate:build] Sourcemap is likely to be incorrect: a plugin (@tailwindcss/vite:generate:build) was used to transform files, but didn't generate a sourcemap for the transformation. Consult the plugin documentation for help[39m[2m (x10)[22m


[43m[30m WARN [39m[49m [33m[plugin @tailwindcss/vite:generate:build] Sourcemap is likely to be incorrect: a plugin (@tailwindcss/vite:generate:build) was used to transform files, but didn't generate a sourcemap for the transformation. Consult the plugin documentation for help[39m[2m (x11)[22m


[43m[30m WARN [39m[49m [33m[plugin @tailwindcss/vite:generate:build] Sourcemap is likely to be incorrect: a plugin (@tailwindcss/vite:generate:build) was used to transform files, but didn't generate a sourcemap for the transformation. Consult the plugin documentation for help[39m[2m (x12)[22m


[43m[30m WARN [39m[49m [33m[plugin @tailwindcss/vite:generate:build] Sourcemap is likely to be incorrect: a plugin (@tailwindcss/vite:generate:build) was used to transform files, but didn't generate a sourcemap for the transformation. Consult the plugin documentation for help[39m[2m (x13)[22m


[43m[30m WARN [39m[49m [33m[plugin @tailwindcss/vite:generate:build] Sourcemap is likely to be incorrect: a plugin (@tailwindcss/vite:generate:build) was used to transform files, but didn't generate a sourcemap for the transformation. Consult the plugin documentation for help[39m[2m (x14)[22m


[43m[30m WARN [39m[49m [33m[plugin @tailwindcss/vite:generate:build] Sourcemap is likely to be incorrect: a plugin (@tailwindcss/vite:generate:build) was used to transform files, but didn't generate a sourcemap for the transformation. Consult the plugin documentation for help[39m[2m (x15)[22m


[43m[30m WARN [39m[49m [33m[plugin @tailwindcss/vite:generate:build] Sourcemap is likely to be incorrect: a plugin (@tailwindcss/vite:generate:build) was used to transform files, but didn't generate a sourcemap for the transformation. Consult the plugin documentation for help[39m[2m (x16)[22m


[43m[30m WARN [39m[49m [33m[plugin @tailwindcss/vite:generate:build] Sourcemap is likely to be incorrect: a plugin (@tailwindcss/vite:generate:build) was used to transform files, but didn't generate a sourcemap for the transformation. Consult the plugin documentation for help[39m[2m (x17)[22m


[43m[30m WARN [39m[49m [33m[plugin @tailwindcss/vite:generate:build] Sourcemap is likely to be incorrect: a plugin (@tailwindcss/vite:generate:build) was used to transform files, but didn't generate a sourcemap for the transformation. Consult the plugin documentation for help[39m[2m (x18)[22m


[43m[30m WARN [39m[49m [33m[plugin @tailwindcss/vite:generate:build] Sourcemap is likely to be incorrect: a plugin (@tailwindcss/vite:generate:build) was used to transform files, but didn't generate a sourcemap for the transformation. Consult the plugin documentation for help[39m[2m (x19)[22m


[43m[30m WARN [39m[49m [33m[plugin @tailwindcss/vite:generate:build] Sourcemap is likely to be incorrect: a plugin (@tailwindcss/vite:generate:build) was used to transform files, but didn't generate a sourcemap for the transformation. Consult the plugin documentation for help[39m[2m (x20)[22m


[43m[30m WARN [39m[49m [33m[plugin @tailwindcss/vite:generate:build] Sourcemap is likely to be incorrect: a plugin (@tailwindcss/vite:generate:build) was used to transform files, but didn't generate a sourcemap for the transformation. Consult the plugin documentation for help[39m[2m (x21)[22m


[43m[30m WARN [39m[49m [33m[plugin @tailwindcss/vite:generate:build] Sourcemap is likely to be incorrect: a plugin (@tailwindcss/vite:generate:build) was used to transform files, but didn't generate a sourcemap for the transformation. Consult the plugin documentation for help[39m[2m (x22)[22m


[43m[30m WARN [39m[49m [33m[plugin @tailwindcss/vite:generate:build] Sourcemap is likely to be incorrect: a plugin (@tailwindcss/vite:generate:build) was used to transform files, but didn't generate a sourcemap for the transformation. Consult the plugin documentation for help[39m[2m (x23)[22m


[43m[30m WARN [39m[49m [33m[plugin @tailwindcss/vite:generate:build] Sourcemap is likely to be incorrect: a plugin (@tailwindcss/vite:generate:build) was used to transform files, but didn't generate a sourcemap for the transformation. Consult the plugin documentation for help[39m[2m (x24)[22m


[43m[30m WARN [39m[49m [33m[plugin @tailwindcss/vite:generate:build] Sourcemap is likely to be incorrect: a plugin (@tailwindcss/vite:generate:build) was used to transform files, but didn't generate a sourcemap for the transformation. Consult the plugin documentation for help[39m[2m (x25)[22m


[43m[30m WARN [39m[49m [33m[plugin @tailwindcss/vite:generate:build] Sourcemap is likely to be incorrect: a plugin (@tailwindcss/vite:generate:build) was used to transform files, but didn't generate a sourcemap for the transformation. Consult the plugin documentation for help[39m[2m (x26)[22m


[43m[30m WARN [39m[49m [33m[plugin @tailwindcss/vite:generate:build] Sourcemap is likely to be incorrect: a plugin (@tailwindcss/vite:generate:build) was used to transform files, but didn't generate a sourcemap for the transformation. Consult the plugin documentation for help[39m[2m (x27)[22m


[43m[30m WARN [39m[49m [33m[plugin @tailwindcss/vite:generate:build] Sourcemap is likely to be incorrect: a plugin (@tailwindcss/vite:generate:build) was used to transform files, but didn't generate a sourcemap for the transformation. Consult the plugin documentation for help[39m[2m (x28)[22m


[43m[30m WARN [39m[49m [33m[plugin @tailwindcss/vite:generate:build] Sourcemap is likely to be incorrect: a plugin (@tailwindcss/vite:generate:build) was used to transform files, but didn't generate a sourcemap for the transformation. Consult the plugin documentation for help[39m[2m (x29)[22m


[43m[30m WARN [39m[49m [33m[plugin @tailwindcss/vite:generate:build] Sourcemap is likely to be incorrect: a plugin (@tailwindcss/vite:generate:build) was used to transform files, but didn't generate a sourcemap for the transformation. Consult the plugin documentation for help[39m[2m (x30)[22m


[43m[30m WARN [39m[49m [33m[plugin @tailwindcss/vite:generate:build] Sourcemap is likely to be incorrect: a plugin (@tailwindcss/vite:generate:build) was used to transform files, but didn't generate a sourcemap for the transformation. Consult the plugin documentation for help[39m[2m (x31)[22m


[43m[30m WARN [39m[49m [33m[plugin @tailwindcss/vite:generate:build] Sourcemap is likely to be incorrect: a plugin (@tailwindcss/vite:generate:build) was used to transform files, but didn't generate a sourcemap for the transformation. Consult the plugin documentation for help[39m[2m (x32)[22m


[43m[30m WARN [39m[49m [33m[plugin @tailwindcss/vite:generate:build] Sourcemap is likely to be incorrect: a plugin (@tailwindcss/vite:generate:build) was used to transform files, but didn't generate a sourcemap for the transformation. Consult the plugin documentation for help[39m[2m (x33)[22m


[43m[30m WARN [39m[49m [33m[plugin @tailwindcss/vite:generate:build] Sourcemap is likely to be incorrect: a plugin (@tailwindcss/vite:generate:build) was used to transform files, but didn't generate a sourcemap for the transformation. Consult the plugin documentation for help[39m[2m (x34)[22m


[43m[30m WARN [39m[49m [33m[plugin @tailwindcss/vite:generate:build] Sourcemap is likely to be incorrect: a plugin (@tailwindcss/vite:generate:build) was used to transform files, but didn't generate a sourcemap for the transformation. Consult the plugin documentation for help[39m[2m (x35)[22m


[43m[30m WARN [39m[49m [33m[plugin @tailwindcss/vite:generate:build] Sourcemap is likely to be incorrect: a plugin (@tailwindcss/vite:generate:build) was used to transform files, but didn't generate a sourcemap for the transformation. Consult the plugin documentation for help[39m[2m (x36)[22m


[43m[30m WARN [39m[49m [33m[plugin @tailwindcss/vite:generate:build] Sourcemap is likely to be incorrect: a plugin (@tailwindcss/vite:generate:build) was used to transform files, but didn't generate a sourcemap for the transformation. Consult the plugin documentation for help[39m[2m (x37)[22m


[43m[30m WARN [39m[49m [33m[plugin @tailwindcss/vite:generate:build] Sourcemap is likely to be incorrect: a plugin (@tailwindcss/vite:generate:build) was used to transform files, but didn't generate a sourcemap for the transformation. Consult the plugin documentation for help[39m[2m (x38)[22m


[43m[30m WARN [39m[49m [33m[plugin @tailwindcss/vite:generate:build] Sourcemap is likely to be incorrect: a plugin (@tailwindcss/vite:generate:build) was used to transform files, but didn't generate a sourcemap for the transformation. Consult the plugin documentation for help[39m[2m (x39)[22m


[43m[30m WARN [39m[49m [33m[plugin @tailwindcss/vite:generate:build] Sourcemap is likely to be incorrect: a plugin (@tailwindcss/vite:generate:build) was used to transform files, but didn't generate a sourcemap for the transformation. Consult the plugin documentation for help[39m[2m (x40)[22m


[43m[30m WARN [39m[49m [33m[plugin @tailwindcss/vite:generate:build] Sourcemap is likely to be incorrect: a plugin (@tailwindcss/vite:generate:build) was used to transform files, but didn't generate a sourcemap for the transformation. Consult the plugin documentation for help[39m[2m (x41)[22m


[43m[30m WARN [39m[49m [33m[plugin @tailwindcss/vite:generate:build] Sourcemap is likely to be incorrect: a plugin (@tailwindcss/vite:generate:build) was used to transform files, but didn't generate a sourcemap for the transformation. Consult the plugin documentation for help[39m[2m (x42)[22m


[43m[30m WARN [39m[49m [33m[plugin @tailwindcss/vite:generate:build] Sourcemap is likely to be incorrect: a plugin (@tailwindcss/vite:generate:build) was used to transform files, but didn't generate a sourcemap for the transformation. Consult the plugin documentation for help[39m[2m (x43)[22m


[43m[30m WARN [39m[49m [33m[plugin @tailwindcss/vite:generate:build] Sourcemap is likely to be incorrect: a plugin (@tailwindcss/vite:generate:build) was used to transform files, but didn't generate a sourcemap for the transformation. Consult the plugin documentation for help[39m[2m (x44)[22m


[43m[30m WARN [39m[49m [33m[plugin @tailwindcss/vite:generate:build] Sourcemap is likely to be incorrect: a plugin (@tailwindcss/vite:generate:build) was used to transform files, but didn't generate a sourcemap for the transformation. Consult the plugin documentation for help[39m[2m (x45)[22m


[43m[30m WARN [39m[49m [33m[plugin @tailwindcss/vite:generate:build] Sourcemap is likely to be incorrect: a plugin (@tailwindcss/vite:generate:build) was used to transform files, but didn't generate a sourcemap for the transformation. Consult the plugin documentation for help[39m[2m (x46)[22m


[43m[30m WARN [39m[49m [33m[plugin @tailwindcss/vite:generate:build] Sourcemap is likely to be incorrect: a plugin (@tailwindcss/vite:generate:build) was used to transform files, but didn't generate a sourcemap for the transformation. Consult the plugin documentation for help[39m[2m (x47)[22m


[43m[30m WARN [39m[49m [33m[plugin @tailwindcss/vite:generate:build] Sourcemap is likely to be incorrect: a plugin (@tailwindcss/vite:generate:build) was used to transform files, but didn't generate a sourcemap for the transformation. Consult the plugin documentation for help[39m[2m (x48)[22m


[43m[30m WARN [39m[49m [33m[plugin @tailwindcss/vite:generate:build] Sourcemap is likely to be incorrect: a plugin (@tailwindcss/vite:generate:build) was used to transform files, but didn't generate a sourcemap for the transformation. Consult the plugin documentation for help[39m[2m (x49)[22m


[43m[30m WARN [39m[49m [33m[plugin @tailwindcss/vite:generate:build] Sourcemap is likely to be incorrect: a plugin (@tailwindcss/vite:generate:build) was used to transform files, but didn't generate a sourcemap for the transformation. Consult the plugin documentation for help[39m[2m (x50)[22m


[43m[30m WARN [39m[49m [33m[plugin @tailwindcss/vite:generate:build] Sourcemap is likely to be incorrect: a plugin (@tailwindcss/vite:generate:build) was used to transform files, but didn't generate a sourcemap for the transformation. Consult the plugin documentation for help[39m[2m (x51)[22m


[43m[30m WARN [39m[49m [33m[plugin @tailwindcss/vite:generate:build] Sourcemap is likely to be incorrect: a plugin (@tailwindcss/vite:generate:build) was used to transform files, but didn't generate a sourcemap for the transformation. Consult the plugin documentation for help[39m[2m (x52)[22m


[43m[30m WARN [39m[49m [33m[plugin @tailwindcss/vite:generate:build] Sourcemap is likely to be incorrect: a plugin (@tailwindcss/vite:generate:build) was used to transform files, but didn't generate a sourcemap for the transformation. Consult the plugin documentation for help[39m[2m (x53)[22m


[43m[30m WARN [39m[49m [33m[plugin @tailwindcss/vite:generate:build] Sourcemap is likely to be incorrect: a plugin (@tailwindcss/vite:generate:build) was used to transform files, but didn't generate a sourcemap for the transformation. Consult the plugin documentation for help[39m[2m (x54)[22m


[43m[30m WARN [39m[49m [33m[plugin @tailwindcss/vite:generate:build] Sourcemap is likely to be incorrect: a plugin (@tailwindcss/vite:generate:build) was used to transform files, but didn't generate a sourcemap for the transformation. Consult the plugin documentation for help[39m[2m (x55)[22m


[43m[30m WARN [39m[49m [33m[plugin @tailwindcss/vite:generate:build] Sourcemap is likely to be incorrect: a plugin (@tailwindcss/vite:generate:build) was used to transform files, but didn't generate a sourcemap for the transformation. Consult the plugin documentation for help[39m[2m (x56)[22m


[43m[30m WARN [39m[49m [33m[plugin @tailwindcss/vite:generate:build] Sourcemap is likely to be incorrect: a plugin (@tailwindcss/vite:generate:build) was used to transform files, but didn't generate a sourcemap for the transformation. Consult the plugin documentation for help[39m[2m (x57)[22m


[43m[30m WARN [39m[49m [33m[plugin @tailwindcss/vite:generate:build] Sourcemap is likely to be incorrect: a plugin (@tailwindcss/vite:generate:build) was used to transform files, but didn't generate a sourcemap for the transformation. Consult the plugin documentation for help[39m[2m (x58)[22m


[43m[30m WARN [39m[49m [33m[plugin @tailwindcss/vite:generate:build] Sourcemap is likely to be incorrect: a plugin (@tailwindcss/vite:generate:build) was used to transform files, but didn't generate a sourcemap for the transformation. Consult the plugin documentation for help[39m[2m (x59)[22m

[36mℹ[39m [32m✓[39m 261 modules transformed.
[36mℹ[39m rendering chunks...
[36mℹ[39m [32m✓ built in 5.21s[39m
[32m✔[39m Server built in 5234ms
[90m[[90mnitro[90m][39m [36mℹ[39m Initializing prerenderer

[43m[30m WARN [39m[49m "file:///C:/Users/nashe/zabble-seo-01-technical/node_modules/@nuxt/nitro-server/dist/runtime/utils/cache-driver.js" is imported by " virtual:#nitro-internal-virtual/storage", but could not be resolved – treating it as an external dependency.

[90m[[90mnitro[90m][39m [36mℹ[39m Prerendering 33 initial routes with crawler
[90m[[90mnitro[90m][39m [90m  ├─ / (814ms)[39m
[90m[[90mnitro[90m][39m [90m  ├─ /_payload.json?9355c63f-744a-49c5-9112-457127324961 (5ms)[90m (skipped)[90m[39m
[90m[[90mnitro[90m][39m [90m  ├─ /diagnose (836ms)[39m
[90m[[90mnitro[90m][39m [90m  ├─ /systems/workflow-orchestrator (601ms)[39m
[90m[[90mnitro[90m][39m [90m  ├─ /diagnose/_payload.json?9355c63f-744a-49c5-9112-457127324961 (30ms)[90m (skipped)[90m[39m
[90m[[90mnitro[90m][39m [90m  ├─ /systems/workflow-orchestrator/_payload.json?9355c63f-744a-49c5-9112-457127324961 (22ms)[90m (skipped)[90m[39m
[90m[[90mnitro[90m][39m [90m  ├─ /systems/inventory-clarity (643ms)[39m
[90m[[90mnitro[90m][39m [90m  ├─ /systems/document-assembly (639ms)[39m
[90m[[90mnitro[90m][39m [90m  ├─ /systems/client-onboarding (655ms)[39m
[90m[[90mnitro[90m][39m [90m  ├─ /systems (839ms)[39m
[90m[[90mnitro[90m][39m [90m  ├─ /systems/accounting-engine (664ms)[39m
[90m[[90mnitro[90m][39m [90m  ├─ /systems/analytics-suite (660ms)[39m
[90m[[90mnitro[90m][39m [90m  ├─ /systems/reconciliation-engine (669ms)[39m
[90m[[90mnitro[90m][39m [90m  ├─ /systems/cross-system-sync (679ms)[39m
[90m[[90mnitro[90m][39m [90m  ├─ /systems/approval-workflow (685ms)[39m
[90m[[90mnitro[90m][39m [90m  ├─ /systems/data-routing (674ms)[39m
[90m[[90mnitro[90m][39m [90m  ├─ /systems/decision-engine (693ms)[39m
[90m[[90mnitro[90m][39m [90m  ├─ /systems/multi-channel-inbox (689ms)[39m
[90m[[90mnitro[90m][39m [90m  ├─ /systems/document-intelligence (697ms)[39m
[90m[[90mnitro[90m][39m [90m  ├─ /systems/customer-360 (703ms)[39m
[90m[[90mnitro[90m][39m [90m  ├─ /systems/lead-qualifier (719ms)[39m
[90m[[90mnitro[90m][39m [90m  ├─ /systems/knowledge-assistant (709ms)[39m
[90m[[90mnitro[90m][39m [90m  ├─ /systems/legacy-bridge (713ms)[39m
[90m[[90mnitro[90m][39m [90m  ├─ /systems/case-management (722ms)[39m
[90m[[90mnitro[90m][39m [90m  ├─ /systems/task-management (725ms)[39m
[90m[[90mnitro[90m][39m [90m  ├─ /systems/field-ops-app (733ms)[39m
[90m[[90mnitro[90m][39m [90m  ├─ /systems/compliance-reporting (739ms)[39m
[90m[[90mnitro[90m][39m [90m  ├─ /systems/continuous-assurance (745ms)[39m
[90m[[90mnitro[90m][39m [90m  ├─ /systems/pricing-engine (749ms)[39m
[90m[[90mnitro[90m][39m [90m  ├─ /systems/forecasting (757ms)[39m
[90m[[90mnitro[90m][39m [90m  ├─ /systems/predictive-maintenance (765ms)[39m
[90m[[90mnitro[90m][39m [90m  ├─ /systems/notification-orchestration (781ms)[39m
[90m[[90mnitro[90m][39m [90m  ├─ /systems/master-data-hub (775ms)[39m
[90m[[90mnitro[90m][39m [90m  ├─ /systems/integration-hub (795ms)[39m
[90m[[90mnitro[90m][39m [90m  ├─ /systems/inventory-clarity/_payload.json?9355c63f-744a-49c5-9112-457127324961 (223ms)[90m (skipped)[90m[39m
[90m[[90mnitro[90m][39m [90m  ├─ /systems/document-assembly/_payload.json?9355c63f-744a-49c5-9112-457127324961 (211ms)[90m (skipped)[90m[39m
[90m[[90mnitro[90m][39m [90m  ├─ /systems/client-onboarding/_payload.json?9355c63f-744a-49c5-9112-457127324961 (206ms)[90m (skipped)[90m[39m
[90m[[90mnitro[90m][39m [90m  ├─ /systems/_payload.json?9355c63f-744a-49c5-9112-457127324961 (199ms)[90m (skipped)[90m[39m
[90m[[90mnitro[90m][39m [90m  ├─ /systems/accounting-engine/_payload.json?9355c63f-744a-49c5-9112-457127324961 (188ms)[90m (skipped)[90m[39m
[90m[[90mnitro[90m][39m [90m  ├─ /systems/analytics-suite/_payload.json?9355c63f-744a-49c5-9112-457127324961 (183ms)[90m (skipped)[90m[39m
[90m[[90mnitro[90m][39m [90m  ├─ /systems/reconciliation-engine/_payload.json?9355c63f-744a-49c5-9112-457127324961 (177ms)[90m (skipped)[90m[39m
[90m[[90mnitro[90m][39m [90m  ├─ /systems/cross-system-sync/_payload.json?9355c63f-744a-49c5-9112-457127324961 (170ms)[90m (skipped)[90m[39m
[90m[[90mnitro[90m][39m [90m  ├─ /systems/approval-workflow/_payload.json?9355c63f-744a-49c5-9112-457127324961 (165ms)[90m (skipped)[90m[39m
[90m[[90mnitro[90m][39m [90m  ├─ /systems/data-routing/_payload.json?9355c63f-744a-49c5-9112-457127324961 (160ms)[90m (skipped)[90m[39m
[90m[[90mnitro[90m][39m [90m  ├─ /systems/decision-engine/_payload.json?9355c63f-744a-49c5-9112-457127324961 (155ms)[90m (skipped)[90m[39m
[90m[[90mnitro[90m][39m [90m  ├─ /systems/multi-channel-inbox/_payload.json?9355c63f-744a-49c5-9112-457127324961 (150ms)[90m (skipped)[90m[39m
[90m[[90mnitro[90m][39m [90m  ├─ /systems/document-intelligence/_payload.json?9355c63f-744a-49c5-9112-457127324961 (145ms)[90m (skipped)[90m[39m
[90m[[90mnitro[90m][39m [90m  ├─ /systems/customer-360/_payload.json?9355c63f-744a-49c5-9112-457127324961 (140ms)[90m (skipped)[90m[39m
[90m[[90mnitro[90m][39m [90m  ├─ /systems/lead-qualifier/_payload.json?9355c63f-744a-49c5-9112-457127324961 (135ms)[90m (skipped)[90m[39m
[90m[[90mnitro[90m][39m [90m  ├─ /systems/knowledge-assistant/_payload.json?9355c63f-744a-49c5-9112-457127324961 (132ms)[90m (skipped)[90m[39m
[90m[[90mnitro[90m][39m [90m  ├─ /systems/legacy-bridge/_payload.json?9355c63f-744a-49c5-9112-457127324961 (125ms)[90m (skipped)[90m[39m
[90m[[90mnitro[90m][39m [90m  ├─ /systems/case-management/_payload.json?9355c63f-744a-49c5-9112-457127324961 (115ms)[90m (skipped)[90m[39m
[90m[[90mnitro[90m][39m [90m  ├─ /systems/task-management/_payload.json?9355c63f-744a-49c5-9112-457127324961 (108ms)[90m (skipped)[90m[39m
[90m[[90mnitro[90m][39m [90m  ├─ /systems/field-ops-app/_payload.json?9355c63f-744a-49c5-9112-457127324961 (102ms)[90m (skipped)[90m[39m
[90m[[90mnitro[90m][39m [90m  ├─ /systems/compliance-reporting/_payload.json?9355c63f-744a-49c5-9112-457127324961 (97ms)[90m (skipped)[90m[39m
[90m[[90mnitro[90m][39m [90m  ├─ /systems/continuous-assurance/_payload.json?9355c63f-744a-49c5-9112-457127324961 (92ms)[90m (skipped)[90m[39m
[90m[[90mnitro[90m][39m [90m  ├─ /systems/pricing-engine/_payload.json?9355c63f-744a-49c5-9112-457127324961 (84ms)[90m (skipped)[90m[39m
[90m[[90mnitro[90m][39m [90m  ├─ /systems/forecasting/_payload.json?9355c63f-744a-49c5-9112-457127324961 (79ms)[90m (skipped)[90m[39m
[90m[[90mnitro[90m][39m [90m  ├─ /systems/predictive-maintenance/_payload.json?9355c63f-744a-49c5-9112-457127324961 (70ms)[90m (skipped)[90m[39m
[90m[[90mnitro[90m][39m [90m  ├─ /systems/notification-orchestration/_payload.json?9355c63f-744a-49c5-9112-457127324961 (61ms)[90m (skipped)[90m[39m
[90m[[90mnitro[90m][39m [90m  ├─ /systems/master-data-hub/_payload.json?9355c63f-744a-49c5-9112-457127324961 (50ms)[90m (skipped)[90m[39m
[90m[[90mnitro[90m][39m [90m  ├─ /systems/integration-hub/_payload.json?9355c63f-744a-49c5-9112-457127324961 (33ms)[90m (skipped)[90m[39m
[90m[[90mnitro[90m][39m [90m  ├─ /systems/bespoke-crm (789ms)[39m
[90m[[90mnitro[90m][39m [90m  ├─ /systems/kairos (806ms)[39m
[90m[[90mnitro[90m][39m [90m  ├─ /systems/bespoke-crm/_payload.json?9355c63f-744a-49c5-9112-457127324961 (24ms)[90m (skipped)[90m[39m
[90m[[90mnitro[90m][39m [90m  ├─ /systems/kairos/_payload.json?9355c63f-744a-49c5-9112-457127324961 (14ms)[90m (skipped)[90m[39m
[90m[[90mnitro[90m][39m [90m  ├─ /systems?pillar=automation (310ms)[90m (skipped)[90m[39m
[90m[[90mnitro[90m][39m [90m  ├─ /systems?pillar=audit-trails (336ms)[90m (skipped)[90m[39m
[90m[[90mnitro[90m][39m [90m  ├─ /systems?pillar=analytics (331ms)[90m (skipped)[90m[39m
[90m[[90mnitro[90m][39m [90m  ├─ /systems?pillar=anomaly-detection (314ms)[90m (skipped)[90m[39m
[90m[[90mnitro[90m][39m [90m  ├─ /_payload.json (5ms)[39m
[90m[[90mnitro[90m][39m [90m  ├─ /diagnose/_payload.json (30ms)[39m
[90m[[90mnitro[90m][39m [90m  ├─ /systems/workflow-orchestrator/_payload.json (23ms)[39m
[90m[[90mnitro[90m][39m [90m  ├─ /systems/inventory-clarity/_payload.json (223ms)[39m
[90m[[90mnitro[90m][39m [90m  ├─ /systems/document-assembly/_payload.json (212ms)[39m
[90m[[90mnitro[90m][39m [90m  ├─ /systems/accounting-engine/_payload.json (188ms)[39m
[90m[[90mnitro[90m][39m [90m  ├─ /systems/client-onboarding/_payload.json (207ms)[39m
[90m[[90mnitro[90m][39m [90m  ├─ /systems/_payload.json (199ms)[39m
[90m[[90mnitro[90m][39m [90m  ├─ /systems/reconciliation-engine/_payload.json (177ms)[39m
[90m[[90mnitro[90m][39m [90m  ├─ /systems/cross-system-sync/_payload.json (171ms)[39m
[90m[[90mnitro[90m][39m [90m  ├─ /systems/approval-workflow/_payload.json (166ms)[39m
[90m[[90mnitro[90m][39m [90m  ├─ /systems/multi-channel-inbox/_payload.json (150ms)[39m
[90m[[90mnitro[90m][39m [90m  ├─ /systems/decision-engine/_payload.json (156ms)[39m
[90m[[90mnitro[90m][39m [90m  ├─ /systems/analytics-suite/_payload.json (183ms)[39m
[90m[[90mnitro[90m][39m [90m  ├─ /systems/document-intelligence/_payload.json (145ms)[39m
[90m[[90mnitro[90m][39m [90m  ├─ /systems/customer-360/_payload.json (141ms)[39m
[90m[[90mnitro[90m][39m [90m  ├─ /systems/lead-qualifier/_payload.json (136ms)[39m
[90m[[90mnitro[90m][39m [90m  ├─ /systems/knowledge-assistant/_payload.json (132ms)[39m
[90m[[90mnitro[90m][39m [90m  ├─ /systems/data-routing/_payload.json (161ms)[39m
[90m[[90mnitro[90m][39m [90m  ├─ /systems/legacy-bridge/_payload.json (126ms)[39m
[90m[[90mnitro[90m][39m [90m  ├─ /systems/task-management/_payload.json (108ms)[39m
[90m[[90mnitro[90m][39m [90m  ├─ /systems/case-management/_payload.json (114ms)[39m
[90m[[90mnitro[90m][39m [90m  ├─ /systems/field-ops-app/_payload.json (103ms)[39m
[90m[[90mnitro[90m][39m [90m  ├─ /systems/continuous-assurance/_payload.json (93ms)[39m
[90m[[90mnitro[90m][39m [90m  ├─ /systems/pricing-engine/_payload.json (84ms)[39m
[90m[[90mnitro[90m][39m [90m  ├─ /systems/forecasting/_payload.json (79ms)[39m
[90m[[90mnitro[90m][39m [90m  ├─ /systems/notification-orchestration/_payload.json (61ms)[39m
[90m[[90mnitro[90m][39m [90m  ├─ /systems/predictive-maintenance/_payload.json (71ms)[39m
[90m[[90mnitro[90m][39m [90m  ├─ /systems/master-data-hub/_payload.json (51ms)[39m
[90m[[90mnitro[90m][39m [90m  ├─ /systems/compliance-reporting/_payload.json (97ms)[39m
[90m[[90mnitro[90m][39m [90m  ├─ /systems/integration-hub/_payload.json (32ms)[39m
[90m[[90mnitro[90m][39m [90m  ├─ /systems/bespoke-crm/_payload.json (24ms)[39m
[90m[[90mnitro[90m][39m [90m  ├─ /systems/kairos/_payload.json (14ms)[39m
[90m[[90mnitro[90m][39m [90m  ├─ /sitemap.xml (13ms)[39m
[90m[[90mnitro[90m][39m [36mℹ[39m Running link inspections...
[90m[[90mnitro[90m][39m [36mℹ[39m Nuxt Link Checker Summary
[90m[[90mnitro[90m][39m   [37mFailing Pages:[39m 0 of 37
[90m[[90mnitro[90m][39m   [37mTotal errors:[39m 0
[90m[[90mnitro[90m][39m   [37mTotal warnings:[39m 0
[90m[[90mnitro[90m][39m [36mℹ[39m [2mNuxt Link Checker[22m Reports written to:
[90m[[90mnitro[90m][39m   • [36m.output/link-checker-report.html[39m
[90m[[90mnitro[90m][39m   • [36m.output/link-checker-report.md[39m
[90m[[90mnitro[90m][39m [36mℹ[39m Prerendered 67 routes in 21.735 seconds
[90m[[90mnitro[90m][39m [32m✔[39m Generated public [36m.output/public[39m
[90m[[90mnitro[90m][39m [36mℹ[39m Building Nuxt Nitro server (preset: [36mnode-server[39m, compatibility date: [36m2025-07-15[39m)
(node:36980) [DEP0155] DeprecationWarning: Use of deprecated trailing slash pattern mapping "./" in the "exports" field module resolution of the package at C:\Users\nashe\zabble-seo-01-technical\node_modules\@vue\shared\package.json imported from C:\Users\nashe\zabble-seo-01-technical\node_modules\@nuxt\nitro-server\dist\runtime\templates\error-500.mjs. Mapping specifiers ending in "/" is no longer supported.
(Use `node --trace-deprecation ...` to show where the warning was created)
[90m[[90mnitro[90m][39m [32m✔[39m Nuxt Nitro server built
[90m  ├─ .output/server/chunks/_/error-500.mjs (5.09 kB)[39m[90m (2.06 kB gzip)[39m
[90m  ├─ .output/server/chunks/_/error-500.mjs.map (182 B)[39m[90m (154 B gzip)[39m
[90m  ├─ .output/server/chunks/_/nitro.mjs (342 kB)[39m[90m (82.5 kB gzip)[39m
[90m  ├─ .output/server/chunks/_/nitro.mjs.map (6.22 kB)[39m[90m (1.28 kB gzip)[39m
[90m  ├─ .output/server/chunks/build/_slug_-CtGICAS_.mjs (16.8 kB)[39m[90m (4.2 kB gzip)[39m
[90m  ├─ .output/server/chunks/build/_slug_-CtGICAS_.mjs.map (207 B)[39m[90m (170 B gzip)[39m
[90m  ├─ .output/server/chunks/build/accounting-engine-bCTszmCf.mjs (37.2 kB)[39m[90m (7.44 kB gzip)[39m
[90m  ├─ .output/server/chunks/build/accounting-engine-bCTszmCf.mjs.map (209 B)[39m[90m (163 B gzip)[39m
[90m  ├─ .output/server/chunks/build/analytics-suite-Bqu5urhb.mjs (65.4 kB)[39m[90m (14.7 kB gzip)[39m
[90m  ├─ .output/server/chunks/build/analytics-suite-Bqu5urhb.mjs.map (205 B)[39m[90m (163 B gzip)[39m
[90m  ├─ .output/server/chunks/build/approval-workflow-DwP3qCwa.mjs (41.7 kB)[39m[90m (8.77 kB gzip)[39m
[90m  ├─ .output/server/chunks/build/approval-workflow-DwP3qCwa.mjs.map (209 B)[39m[90m (165 B gzip)[39m
[90m  ├─ .output/server/chunks/build/approval-workflow-styles.BPILyZty.mjs (2.77 kB)[39m[90m (853 B gzip)[39m
[90m  ├─ .output/server/chunks/build/approval-workflow-styles.BPILyZty.mjs.map (341 B)[39m[90m (199 B gzip)[39m
[90m  ├─ .output/server/chunks/build/bespoke-crm-r3MJB2DL.mjs (47.1 kB)[39m[90m (9.5 kB gzip)[39m
[90m  ├─ .output/server/chunks/build/bespoke-crm-r3MJB2DL.mjs.map (197 B)[39m[90m (162 B gzip)[39m
[90m  ├─ .output/server/chunks/build/bespoke-crm-styles.DVbLL-mN.mjs (1.16 kB)[39m[90m (521 B gzip)[39m
[90m  ├─ .output/server/chunks/build/bespoke-crm-styles.DVbLL-mN.mjs.map (323 B)[39m[90m (192 B gzip)[39m
[90m  ├─ .output/server/chunks/build/case-management-BaNXXbOT.mjs (56.3 kB)[39m[90m (10.2 kB gzip)[39m
[90m  ├─ .output/server/chunks/build/case-management-BaNXXbOT.mjs.map (205 B)[39m[90m (164 B gzip)[39m
[90m  ├─ .output/server/chunks/build/case-management-styles.CBzJNBHW.mjs (1.47 kB)[39m[90m (543 B gzip)[39m
[90m  ├─ .output/server/chunks/build/case-management-styles.CBzJNBHW.mjs.map (335 B)[39m[90m (195 B gzip)[39m
[90m  ├─ .output/server/chunks/build/client-onboarding-Czs3NW28.mjs (25.5 kB)[39m[90m (5.55 kB gzip)[39m
[90m  ├─ .output/server/chunks/build/client-onboarding-Czs3NW28.mjs.map (209 B)[39m[90m (166 B gzip)[39m
[90m  ├─ .output/server/chunks/build/client.precomputed.mjs (91.4 kB)[39m[90m (10.3 kB gzip)[39m
[90m  ├─ .output/server/chunks/build/client.precomputed.mjs.map (188 B)[39m[90m (150 B gzip)[39m
[90m  ├─ .output/server/chunks/build/compliance-reporting-CLj8K3p2.mjs (47.1 kB)[39m[90m (9.03 kB gzip)[39m
[90m  ├─ .output/server/chunks/build/compliance-reporting-CLj8K3p2.mjs.map (215 B)[39m[90m (166 B gzip)[39m
[90m  ├─ .output/server/chunks/build/compliance-reporting-styles.YCI57YvH.mjs (1.53 kB)[39m[90m (619 B gzip)[39m
[90m  ├─ .output/server/chunks/build/compliance-reporting-styles.YCI57YvH.mjs.map (350 B)[39m[90m (198 B gzip)[39m
[90m  ├─ .output/server/chunks/build/continuous-assurance-nJ6iNPUY.mjs (27.5 kB)[39m[90m (6.47 kB gzip)[39m
[90m  ├─ .output/server/chunks/build/continuous-assurance-nJ6iNPUY.mjs.map (215 B)[39m[90m (168 B gzip)[39m
[90m  ├─ .output/server/chunks/build/continuous-assurance-styles.D70E8vPy.mjs (1.16 kB)[39m[90m (480 B gzip)[39m
[90m  ├─ .output/server/chunks/build/continuous-assurance-styles.D70E8vPy.mjs.map (350 B)[39m[90m (200 B gzip)[39m
[90m  ├─ .output/server/chunks/build/cross-system-sync-NzbLjl1u.mjs (47.4 kB)[39m[90m (7.89 kB gzip)[39m
[90m  ├─ .output/server/chunks/build/cross-system-sync-NzbLjl1u.mjs.map (209 B)[39m[90m (163 B gzip)[39m
[90m  ├─ .output/server/chunks/build/CtaStrip-BBv_Jq0n.mjs (10 kB)[39m[90m (2.88 kB gzip)[39m
[90m  ├─ .output/server/chunks/build/CtaStrip-BBv_Jq0n.mjs.map (211 B)[39m[90m (171 B gzip)[39m
[90m  ├─ .output/server/chunks/build/customer-360-BaoIdklv.mjs (60.4 kB)[39m[90m (13 kB gzip)[39m
[90m  ├─ .output/server/chunks/build/customer-360-BaoIdklv.mjs.map (199 B)[39m[90m (162 B gzip)[39m
[90m  ├─ .output/server/chunks/build/customer-360-styles.Bl34SWgQ.mjs (1.28 kB)[39m[90m (525 B gzip)[39m
[90m  ├─ .output/server/chunks/build/customer-360-styles.Bl34SWgQ.mjs.map (326 B)[39m[90m (194 B gzip)[39m
[90m  ├─ .output/server/chunks/build/data-routing-wMjJToDl.mjs (47.6 kB)[39m[90m (9.37 kB gzip)[39m
[90m  ├─ .output/server/chunks/build/data-routing-wMjJToDl.mjs.map (199 B)[39m[90m (162 B gzip)[39m
[90m  ├─ .output/server/chunks/build/decision-engine-BBnAqWuE.mjs (43 kB)[39m[90m (8.74 kB gzip)[39m
[90m  ├─ .output/server/chunks/build/decision-engine-BBnAqWuE.mjs.map (205 B)[39m[90m (163 B gzip)[39m
[90m  ├─ .output/server/chunks/build/decision-engine-styles.BVyWTjoO.mjs (1.85 kB)[39m[90m (633 B gzip)[39m
[90m  ├─ .output/server/chunks/build/decision-engine-styles.BVyWTjoO.mjs.map (335 B)[39m[90m (196 B gzip)[39m
[90m  ├─ .output/server/chunks/build/diagnose-fdfG2Wb-.mjs (34.2 kB)[39m[90m (8.82 kB gzip)[39m
[90m  ├─ .output/server/chunks/build/diagnose-fdfG2Wb-.mjs.map (211 B)[39m[90m (170 B gzip)[39m
[90m  ├─ .output/server/chunks/build/diagnose-styles.CiKpg_CP.mjs (3.08 kB)[39m[90m (982 B gzip)[39m
[90m  ├─ .output/server/chunks/build/diagnose-styles.CiKpg_CP.mjs.map (314 B)[39m[90m (190 B gzip)[39m
[90m  ├─ .output/server/chunks/build/document-assembly-DlgIc7ex.mjs (42.5 kB)[39m[90m (9.59 kB gzip)[39m
[90m  ├─ .output/server/chunks/build/document-assembly-DlgIc7ex.mjs.map (209 B)[39m[90m (165 B gzip)[39m
[90m  ├─ .output/server/chunks/build/document-intelligence-DDizUmRY.mjs (51.2 kB)[39m[90m (10.3 kB gzip)[39m
[90m  ├─ .output/server/chunks/build/document-intelligence-DDizUmRY.mjs.map (217 B)[39m[90m (167 B gzip)[39m
[90m  ├─ .output/server/chunks/build/document-intelligence-styles.ZLz68c0z.mjs (3.11 kB)[39m[90m (1.09 kB gzip)[39m
[90m  ├─ .output/server/chunks/build/document-intelligence-styles.ZLz68c0z.mjs.map (353 B)[39m[90m (198 B gzip)[39m
[90m  ├─ .output/server/chunks/build/field-ops-app-styles.CxJJT27M.mjs (1.06 kB)[39m[90m (501 B gzip)[39m
[90m  ├─ .output/server/chunks/build/field-ops-app-styles.CxJJT27M.mjs.map (329 B)[39m[90m (195 B gzip)[39m
[90m  ├─ .output/server/chunks/build/field-ops-app-zpgKNbud.mjs (47.3 kB)[39m[90m (9.77 kB gzip)[39m
[90m  ├─ .output/server/chunks/build/field-ops-app-zpgKNbud.mjs.map (201 B)[39m[90m (161 B gzip)[39m
[90m  ├─ .output/server/chunks/build/forecasting-BXPu_YWF.mjs (40.4 kB)[39m[90m (8.82 kB gzip)[39m
[90m  ├─ .output/server/chunks/build/forecasting-BXPu_YWF.mjs.map (197 B)[39m[90m (162 B gzip)[39m
[90m  ├─ .output/server/chunks/build/forecasting-styles.CU_n657Y.mjs (1.83 kB)[39m[90m (663 B gzip)[39m
[90m  ├─ .output/server/chunks/build/forecasting-styles.CU_n657Y.mjs.map (323 B)[39m[90m (192 B gzip)[39m
[90m  ├─ .output/server/chunks/build/index-C3935UET.mjs (17.5 kB)[39m[90m (4.95 kB gzip)[39m
[90m  ├─ .output/server/chunks/build/index-C3935UET.mjs.map (205 B)[39m[90m (170 B gzip)[39m
[90m  ├─ .output/server/chunks/build/index-DKLaEXCM.mjs (61.8 kB)[39m[90m (12.9 kB gzip)[39m
[90m  ├─ .output/server/chunks/build/index-DKLaEXCM.mjs.map (207 B)[39m[90m (171 B gzip)[39m
[90m  ├─ .output/server/chunks/build/index-styles-1.mjs-DXAKIQ96.mjs (454 B)[39m[90m (275 B gzip)[39m
[90m  ├─ .output/server/chunks/build/index-styles-1.mjs-DXAKIQ96.mjs.map (211 B)[39m[90m (169 B gzip)[39m
[90m  ├─ .output/server/chunks/build/index-styles-2.mjs-DQ1DLEem.mjs (1.94 kB)[39m[90m (793 B gzip)[39m
[90m  ├─ .output/server/chunks/build/index-styles-2.mjs-DQ1DLEem.mjs.map (211 B)[39m[90m (165 B gzip)[39m
[90m  ├─ .output/server/chunks/build/index-styles-3.mjs-DMUCVAu-.mjs (1.18 kB)[39m[90m (504 B gzip)[39m
[90m  ├─ .output/server/chunks/build/index-styles-3.mjs-DMUCVAu-.mjs.map (211 B)[39m[90m (166 B gzip)[39m
[90m  ├─ .output/server/chunks/build/index-styles-4.mjs-DWEklILp.mjs (1.99 kB)[39m[90m (757 B gzip)[39m
[90m  ├─ .output/server/chunks/build/index-styles-4.mjs-DWEklILp.mjs.map (211 B)[39m[90m (166 B gzip)[39m
[90m  ├─ .output/server/chunks/build/index-styles-5.mjs-DqSah6L5.mjs (1.91 kB)[39m[90m (803 B gzip)[39m
[90m  ├─ .output/server/chunks/build/index-styles-5.mjs-DqSah6L5.mjs.map (211 B)[39m[90m (165 B gzip)[39m
[90m  ├─ .output/server/chunks/build/index-styles.GRLJ7ouB.mjs (1.42 kB)[39m[90m (509 B gzip)[39m
[90m  ├─ .output/server/chunks/build/index-styles.GRLJ7ouB.mjs.map (355 B)[39m[90m (204 B gzip)[39m
[90m  ├─ .output/server/chunks/build/integration-hub-DtjlYBOa.mjs (52.9 kB)[39m[90m (10.9 kB gzip)[39m
[90m  ├─ .output/server/chunks/build/integration-hub-DtjlYBOa.mjs.map (205 B)[39m[90m (163 B gzip)[39m
[90m  ├─ .output/server/chunks/build/integration-hub-styles.QhHJEnoE.mjs (5.37 kB)[39m[90m (1.6 kB gzip)[39m
[90m  ├─ .output/server/chunks/build/integration-hub-styles.QhHJEnoE.mjs.map (335 B)[39m[90m (193 B gzip)[39m
[90m  ├─ .output/server/chunks/build/inventory-clarity-ByCvSw6y.mjs (30.3 kB)[39m[90m (6.91 kB gzip)[39m
[90m  ├─ .output/server/chunks/build/inventory-clarity-ByCvSw6y.mjs.map (209 B)[39m[90m (166 B gzip)[39m
[90m  ├─ .output/server/chunks/build/kairos-BQ9tU_vl.mjs (55.4 kB)[39m[90m (11.5 kB gzip)[39m
[90m  ├─ .output/server/chunks/build/kairos-BQ9tU_vl.mjs.map (187 B)[39m[90m (157 B gzip)[39m
[90m  ├─ .output/server/chunks/build/kairos-styles.C6TyZuFe.mjs (28.9 kB)[39m[90m (5.01 kB gzip)[39m
[90m  ├─ .output/server/chunks/build/kairos-styles.C6TyZuFe.mjs.map (308 B)[39m[90m (189 B gzip)[39m
[90m  ├─ .output/server/chunks/build/knowledge-assistant-BYprSi36.mjs (56.1 kB)[39m[90m (13 kB gzip)[39m
[90m  ├─ .output/server/chunks/build/knowledge-assistant-BYprSi36.mjs.map (213 B)[39m[90m (166 B gzip)[39m
[90m  ├─ .output/server/chunks/build/knowledge-assistant-styles.CD0dT_Uh.mjs (3.47 kB)[39m[90m (1.04 kB gzip)[39m
[90m  ├─ .output/server/chunks/build/knowledge-assistant-styles.CD0dT_Uh.mjs.map (347 B)[39m[90m (198 B gzip)[39m
[90m  ├─ .output/server/chunks/build/lead-qualifier-CGb7KDY6.mjs (46.5 kB)[39m[90m (10.9 kB gzip)[39m
[90m  ├─ .output/server/chunks/build/lead-qualifier-CGb7KDY6.mjs.map (203 B)[39m[90m (166 B gzip)[39m
[90m  ├─ .output/server/chunks/build/lead-qualifier-styles.QGO5Z3qH.mjs (1.76 kB)[39m[90m (628 B gzip)[39m
[90m  ├─ .output/server/chunks/build/lead-qualifier-styles.QGO5Z3qH.mjs.map (332 B)[39m[90m (195 B gzip)[39m
[90m  ├─ .output/server/chunks/build/legacy-bridge-DNIPJaDy.mjs (38.2 kB)[39m[90m (7.47 kB gzip)[39m
[90m  ├─ .output/server/chunks/build/legacy-bridge-DNIPJaDy.mjs.map (201 B)[39m[90m (163 B gzip)[39m
[90m  ├─ .output/server/chunks/build/legacy-bridge-styles.C7VZH1Ep.mjs (384 B)[39m[90m (244 B gzip)[39m
[90m  ├─ .output/server/chunks/build/legacy-bridge-styles.C7VZH1Ep.mjs.map (329 B)[39m[90m (197 B gzip)[39m
[90m  ├─ .output/server/chunks/build/master-data-hub-DjSLJm9j.mjs (43 kB)[39m[90m (9.34 kB gzip)[39m
[90m  ├─ .output/server/chunks/build/master-data-hub-DjSLJm9j.mjs.map (205 B)[39m[90m (164 B gzip)[39m
[90m  ├─ .output/server/chunks/build/master-data-hub-styles.RbG_-cMZ.mjs (1.37 kB)[39m[90m (529 B gzip)[39m
[90m  ├─ .output/server/chunks/build/master-data-hub-styles.RbG_-cMZ.mjs.map (335 B)[39m[90m (196 B gzip)[39m
[90m  ├─ .output/server/chunks/build/multi-channel-inbox-BG9rTcmC.mjs (27.6 kB)[39m[90m (5.65 kB gzip)[39m
[90m  ├─ .output/server/chunks/build/multi-channel-inbox-BG9rTcmC.mjs.map (213 B)[39m[90m (167 B gzip)[39m
[90m  ├─ .output/server/chunks/build/multi-channel-inbox-styles.BqIVwMKa.mjs (1.65 kB)[39m[90m (695 B gzip)[39m
[90m  ├─ .output/server/chunks/build/multi-channel-inbox-styles.BqIVwMKa.mjs.map (347 B)[39m[90m (201 B gzip)[39m
[90m  ├─ .output/server/chunks/build/notification-orchestration-B5byoFlU.mjs (32.9 kB)[39m[90m (7.3 kB gzip)[39m
[90m  ├─ .output/server/chunks/build/notification-orchestration-B5byoFlU.mjs.map (227 B)[39m[90m (170 B gzip)[39m
[90m  ├─ .output/server/chunks/build/notification-orchestration-styles.DrZhdT2V.mjs (2.17 kB)[39m[90m (947 B gzip)[39m
[90m  ├─ .output/server/chunks/build/notification-orchestration-styles.DrZhdT2V.mjs.map (368 B)[39m[90m (200 B gzip)[39m
[90m  ├─ .output/server/chunks/build/predictive-maintenance-BYJ7weRi.mjs (59.7 kB)[39m[90m (12.7 kB gzip)[39m
[90m  ├─ .output/server/chunks/build/predictive-maintenance-BYJ7weRi.mjs.map (219 B)[39m[90m (168 B gzip)[39m
[90m  ├─ .output/server/chunks/build/predictive-maintenance-styles.DmR4tYFb.mjs (1.18 kB)[39m[90m (426 B gzip)[39m
[90m  ├─ .output/server/chunks/build/predictive-maintenance-styles.DmR4tYFb.mjs.map (356 B)[39m[90m (199 B gzip)[39m
[90m  ├─ .output/server/chunks/build/pricing-engine-65ntVU62.mjs (47.3 kB)[39m[90m (10.3 kB gzip)[39m
[90m  ├─ .output/server/chunks/build/pricing-engine-65ntVU62.mjs.map (203 B)[39m[90m (162 B gzip)[39m
[90m  ├─ .output/server/chunks/build/pricing-engine-styles.D1jNr83-.mjs (3.58 kB)[39m[90m (960 B gzip)[39m
[90m  ├─ .output/server/chunks/build/pricing-engine-styles.D1jNr83-.mjs.map (332 B)[39m[90m (193 B gzip)[39m
[90m  ├─ .output/server/chunks/build/reconciliation-engine-BmhIrZFC.mjs (44.2 kB)[39m[90m (8.38 kB gzip)[39m
[90m  ├─ .output/server/chunks/build/reconciliation-engine-BmhIrZFC.mjs.map (217 B)[39m[90m (167 B gzip)[39m
[90m  ├─ .output/server/chunks/build/server.mjs (164 kB)[39m[90m (45.7 kB gzip)[39m
[90m  ├─ .output/server/chunks/build/server.mjs.map (278 B)[39m[90m (176 B gzip)[39m
[90m  ├─ .output/server/chunks/build/styles.mjs (3.44 kB)[39m[90m (855 B gzip)[39m
[90m  ├─ .output/server/chunks/build/styles.mjs.map (164 B)[39m[90m (142 B gzip)[39m
[90m  ├─ .output/server/chunks/build/task-management-6qe9QOBy.mjs (32 kB)[39m[90m (7.3 kB gzip)[39m
[90m  ├─ .output/server/chunks/build/task-management-6qe9QOBy.mjs.map (205 B)[39m[90m (164 B gzip)[39m
[90m  ├─ .output/server/chunks/build/task-management-styles.Cf0edbia.mjs (947 B)[39m[90m (407 B gzip)[39m
[90m  ├─ .output/server/chunks/build/task-management-styles.Cf0edbia.mjs.map (335 B)[39m[90m (192 B gzip)[39m
[90m  ├─ .output/server/chunks/build/TheDoNothing-styles.4QrtfRTF.mjs (334 B)[39m[90m (210 B gzip)[39m
[90m  ├─ .output/server/chunks/build/TheDoNothing-styles.4QrtfRTF.mjs.map (223 B)[39m[90m (171 B gzip)[39m
[90m  ├─ .output/server/chunks/build/TheFinalCta-styles.DPYV36PC.mjs (329 B)[39m[90m (208 B gzip)[39m
[90m  ├─ .output/server/chunks/build/TheFinalCta-styles.DPYV36PC.mjs.map (221 B)[39m[90m (172 B gzip)[39m
[90m  ├─ .output/server/chunks/build/TheHero-styles.CeYUmh9H.mjs (309 B)[39m[90m (205 B gzip)[39m
[90m  ├─ .output/server/chunks/build/TheHero-styles.CeYUmh9H.mjs.map (213 B)[39m[90m (167 B gzip)[39m
[90m  ├─ .output/server/chunks/build/TheNav-styles.DqQp6A4j.mjs (1.07 kB)[39m[90m (501 B gzip)[39m
[90m  ├─ .output/server/chunks/build/TheNav-styles.DqQp6A4j.mjs.map (308 B)[39m[90m (193 B gzip)[39m
[90m  ├─ .output/server/chunks/build/ThePlan-styles.DWu1NqTw.mjs (309 B)[39m[90m (202 B gzip)[39m
[90m  ├─ .output/server/chunks/build/ThePlan-styles.DWu1NqTw.mjs.map (213 B)[39m[90m (168 B gzip)[39m
[90m  ├─ .output/server/chunks/build/TheWhenItWorks-styles.B57Q72fg.mjs (344 B)[39m[90m (213 B gzip)[39m
[90m  ├─ .output/server/chunks/build/TheWhenItWorks-styles.B57Q72fg.mjs.map (227 B)[39m[90m (174 B gzip)[39m
[90m  ├─ .output/server/chunks/build/workflow-orchestrator-hDu7ZmaL.mjs (42.9 kB)[39m[90m (9.18 kB gzip)[39m
[90m  ├─ .output/server/chunks/build/workflow-orchestrator-hDu7ZmaL.mjs.map (217 B)[39m[90m (168 B gzip)[39m
[90m  ├─ .output/server/chunks/routes/renderer.mjs (16.1 kB)[39m[90m (5.03 kB gzip)[39m
[90m  ├─ .output/server/chunks/routes/renderer.mjs.map (845 B)[39m[90m (273 B gzip)[39m
[90m  ├─ .output/server/chunks/virtual/_virtual_spa-template.mjs (94 B)[39m[90m (100 B gzip)[39m
[90m  ├─ .output/server/chunks/virtual/_virtual_spa-template.mjs.map (90 B)[39m[90m (98 B gzip)[39m
[90m  ├─ .output/server/chunks/virtual/child-sources.mjs (84 B)[39m[90m (86 B gzip)[39m
[90m  ├─ .output/server/chunks/virtual/child-sources.mjs.map (82 B)[39m[90m (90 B gzip)[39m
[90m  ├─ .output/server/chunks/virtual/global-sources.mjs (5.19 kB)[39m[90m (927 B gzip)[39m
[90m  ├─ .output/server/chunks/virtual/global-sources.mjs.map (257 B)[39m[90m (90 B gzip)[39m
[90m  ├─ .output/server/index.mjs (1.73 kB)[39m[90m (760 B gzip)[39m
[90m  └─ .output/server/package.json (1.17 kB)[39m[90m (479 B gzip)[39m
[36mΣ Total size:[39m 5.33 MB (1.23 MB gzip)
[90m[[90mnitro[90m][39m [32m✔[39m You can preview this build using [36mnode .output/server/index.mjs[39m
│
└  ✨ Build complete!
