
> generate
> nuxt generate

┌  [36mBuilding Nuxt for production...[39m
│
●  [32mNuxt [1m4.4.6[22m[39m[90m (with [39m[90mNitro [1m2.13.4[22m[39m[90m, Vite [1m7.3.3[22m[39m[90m and Vue [1m3.5.34[22m[39m[90m)[39m
[90m[[90m@nuxtjs/sitemap[90m][39m [36mℹ[39m No dynamic sources detected. Consider enabling [36mzeroRuntime[39m to reduce server bundle size. See https://nuxtseo.com/sitemap/guides/zero-runtime
│
●  Nitro preset: [36mstatic[39m
[36mℹ[39m Building client...
[36mℹ[39m [36mvite v7.3.3 [32mbuilding client environment for production...[36m[39m

[43m[30m WARN [39m[49m [33m[plugin nuxt:module-preload-polyfill] Sourcemap is likely to be incorrect: a plugin (nuxt:module-preload-polyfill) was used to transform files, but didn't generate a sourcemap for the transformation. Consult the plugin documentation for help[39m

[36mℹ[39m transforming...

[43m[30m WARN [39m[49m [33m[plugin @tailwindcss/vite:generate:build] Sourcemap is likely to be incorrect: a plugin (@tailwindcss/vite:generate:build) was used to transform files, but didn't generate a sourcemap for the transformation. Consult the plugin documentation for help[39m


[43m[30m WARN [39m[49m [33m[plugin @tailwindcss/vite:generate:build] Sourcemap is likely to be incorrect: a plugin (@tailwindcss/vite:generate:build) was used to transform files, but didn't generate a sourcemap for the transformation. Consult the plugin documentation for help[39m[2m (x2)[22m


[43m[30m WARN [39m[49m [33m[plugin @tailwindcss/vite:generate:build] Sourcemap is likely to be incorrect: a plugin (@tailwindcss/vite:generate:build) was used to transform files, but didn't generate a sourcemap for the transformation. Consult the plugin documentation for help[39m[2m (x3)[22m


[43m[30m WARN [39m[49m [33m[plugin @tailwindcss/vite:generate:build] Sourcemap is likely to be incorrect: a plugin (@tailwindcss/vite:generate:build) was used to transform files, but didn't generate a sourcemap for the transformation. Consult the plugin documentation for help[39m[2m (x4)[22m


[43m[30m WARN [39m[49m [33m[plugin @tailwindcss/vite:generate:build] Sourcemap is likely to be incorrect: a plugin (@tailwindcss/vite:generate:build) was used to transform files, but didn't generate a sourcemap for the transformation. Consult the plugin documentation for help[39m[2m (x5)[22m


[43m[30m WARN [39m[49m [33m[plugin @tailwindcss/vite:generate:build] Sourcemap is likely to be incorrect: a plugin (@tailwindcss/vite:generate:build) was used to transform files, but didn't generate a sourcemap for the transformation. Consult the plugin documentation for help[39m[2m (x6)[22m


[43m[30m WARN [39m[49m [33m[plugin @tailwindcss/vite:generate:build] Sourcemap is likely to be incorrect: a plugin (@tailwindcss/vite:generate:build) was used to transform files, but didn't generate a sourcemap for the transformation. Consult the plugin documentation for help[39m[2m (x7)[22m


[43m[30m WARN [39m[49m [33m[plugin @tailwindcss/vite:generate:build] Sourcemap is likely to be incorrect: a plugin (@tailwindcss/vite:generate:build) was used to transform files, but didn't generate a sourcemap for the transformation. Consult the plugin documentation for help[39m[2m (x8)[22m


[43m[30m WARN [39m[49m [33m[plugin @tailwindcss/vite:generate:build] Sourcemap is likely to be incorrect: a plugin (@tailwindcss/vite:generate:build) was used to transform files, but didn't generate a sourcemap for the transformation. Consult the plugin documentation for help[39m[2m (x9)[22m


[43m[30m WARN [39m[49m [33m[plugin @tailwindcss/vite:generate:build] Sourcemap is likely to be incorrect: a plugin (@tailwindcss/vite:generate:build) was used to transform files, but didn't generate a sourcemap for the transformation. Consult the plugin documentation for help[39m[2m (x10)[22m


[43m[30m WARN [39m[49m [33m[plugin @tailwindcss/vite:generate:build] Sourcemap is likely to be incorrect: a plugin (@tailwindcss/vite:generate:build) was used to transform files, but didn't generate a sourcemap for the transformation. Consult the plugin documentation for help[39m[2m (x11)[22m


[43m[30m WARN [39m[49m [33m[plugin @tailwindcss/vite:generate:build] Sourcemap is likely to be incorrect: a plugin (@tailwindcss/vite:generate:build) was used to transform files, but didn't generate a sourcemap for the transformation. Consult the plugin documentation for help[39m[2m (x12)[22m


[43m[30m WARN [39m[49m [33m[plugin @tailwindcss/vite:generate:build] Sourcemap is likely to be incorrect: a plugin (@tailwindcss/vite:generate:build) was used to transform files, but didn't generate a sourcemap for the transformation. Consult the plugin documentation for help[39m[2m (x13)[22m


[43m[30m WARN [39m[49m [33m[plugin @tailwindcss/vite:generate:build] Sourcemap is likely to be incorrect: a plugin (@tailwindcss/vite:generate:build) was used to transform files, but didn't generate a sourcemap for the transformation. Consult the plugin documentation for help[39m[2m (x14)[22m


[43m[30m WARN [39m[49m [33m[plugin @tailwindcss/vite:generate:build] Sourcemap is likely to be incorrect: a plugin (@tailwindcss/vite:generate:build) was used to transform files, but didn't generate a sourcemap for the transformation. Consult the plugin documentation for help[39m[2m (x15)[22m


[43m[30m WARN [39m[49m [33m[plugin @tailwindcss/vite:generate:build] Sourcemap is likely to be incorrect: a plugin (@tailwindcss/vite:generate:build) was used to transform files, but didn't generate a sourcemap for the transformation. Consult the plugin documentation for help[39m[2m (x16)[22m


[43m[30m WARN [39m[49m [33m[plugin @tailwindcss/vite:generate:build] Sourcemap is likely to be incorrect: a plugin (@tailwindcss/vite:generate:build) was used to transform files, but didn't generate a sourcemap for the transformation. Consult the plugin documentation for help[39m[2m (x17)[22m


[43m[30m WARN [39m[49m [33m[plugin @tailwindcss/vite:generate:build] Sourcemap is likely to be incorrect: a plugin (@tailwindcss/vite:generate:build) was used to transform files, but didn't generate a sourcemap for the transformation. Consult the plugin documentation for help[39m[2m (x18)[22m


[43m[30m WARN [39m[49m [33m[plugin @tailwindcss/vite:generate:build] Sourcemap is likely to be incorrect: a plugin (@tailwindcss/vite:generate:build) was used to transform files, but didn't generate a sourcemap for the transformation. Consult the plugin documentation for help[39m[2m (x19)[22m


[43m[30m WARN [39m[49m [33m[plugin @tailwindcss/vite:generate:build] Sourcemap is likely to be incorrect: a plugin (@tailwindcss/vite:generate:build) was used to transform files, but didn't generate a sourcemap for the transformation. Consult the plugin documentation for help[39m[2m (x20)[22m


[43m[30m WARN [39m[49m [33m[plugin @tailwindcss/vite:generate:build] Sourcemap is likely to be incorrect: a plugin (@tailwindcss/vite:generate:build) was used to transform files, but didn't generate a sourcemap for the transformation. Consult the plugin documentation for help[39m[2m (x21)[22m


[43m[30m WARN [39m[49m [33m[plugin @tailwindcss/vite:generate:build] Sourcemap is likely to be incorrect: a plugin (@tailwindcss/vite:generate:build) was used to transform files, but didn't generate a sourcemap for the transformation. Consult the plugin documentation for help[39m[2m (x22)[22m


[43m[30m WARN [39m[49m [33m[plugin @tailwindcss/vite:generate:build] Sourcemap is likely to be incorrect: a plugin (@tailwindcss/vite:generate:build) was used to transform files, but didn't generate a sourcemap for the transformation. Consult the plugin documentation for help[39m[2m (x23)[22m


[43m[30m WARN [39m[49m [33m[plugin @tailwindcss/vite:generate:build] Sourcemap is likely to be incorrect: a plugin (@tailwindcss/vite:generate:build) was used to transform files, but didn't generate a sourcemap for the transformation. Consult the plugin documentation for help[39m[2m (x24)[22m


[43m[30m WARN [39m[49m [33m[plugin @tailwindcss/vite:generate:build] Sourcemap is likely to be incorrect: a plugin (@tailwindcss/vite:generate:build) was used to transform files, but didn't generate a sourcemap for the transformation. Consult the plugin documentation for help[39m[2m (x25)[22m


[43m[30m WARN [39m[49m [33m[plugin @tailwindcss/vite:generate:build] Sourcemap is likely to be incorrect: a plugin (@tailwindcss/vite:generate:build) was used to transform files, but didn't generate a sourcemap for the transformation. Consult the plugin documentation for help[39m[2m (x26)[22m


[43m[30m WARN [39m[49m [33m[plugin @tailwindcss/vite:generate:build] Sourcemap is likely to be incorrect: a plugin (@tailwindcss/vite:generate:build) was used to transform files, but didn't generate a sourcemap for the transformation. Consult the plugin documentation for help[39m[2m (x27)[22m


[43m[30m WARN [39m[49m [33m[plugin @tailwindcss/vite:generate:build] Sourcemap is likely to be incorrect: a plugin (@tailwindcss/vite:generate:build) was used to transform files, but didn't generate a sourcemap for the transformation. Consult the plugin documentation for help[39m[2m (x28)[22m


[43m[30m WARN [39m[49m [33m[plugin @tailwindcss/vite:generate:build] Sourcemap is likely to be incorrect: a plugin (@tailwindcss/vite:generate:build) was used to transform files, but didn't generate a sourcemap for the transformation. Consult the plugin documentation for help[39m[2m (x29)[22m


[43m[30m WARN [39m[49m [33m[plugin @tailwindcss/vite:generate:build] Sourcemap is likely to be incorrect: a plugin (@tailwindcss/vite:generate:build) was used to transform files, but didn't generate a sourcemap for the transformation. Consult the plugin documentation for help[39m[2m (x30)[22m


[43m[30m WARN [39m[49m [33m[plugin @tailwindcss/vite:generate:build] Sourcemap is likely to be incorrect: a plugin (@tailwindcss/vite:generate:build) was used to transform files, but didn't generate a sourcemap for the transformation. Consult the plugin documentation for help[39m[2m (x31)[22m

[36mℹ[39m [32m✓[39m 2021 modules transformed.
[36mℹ[39m rendering chunks...
[36mℹ[39m computing gzip size...
[36mℹ[39m [2m../node_modules/.cache/nuxt/.nuxt/dist/client/[22m[32mmanifest.json                                  [39m[1m[2m 40.63 kB[22m[1m[22m[2m │ gzip:  5.27 kB[22m
[36mℹ[39m [2m../node_modules/.cache/nuxt/.nuxt/dist/client/[22m[35m_nuxt/legacy-bridge.B6uRNbS8.css               [39m[1m[2m  0.10 kB[22m[1m[22m[2m │ gzip:  0.11 kB[22m
[36mℹ[39m [2m../node_modules/.cache/nuxt/.nuxt/dist/client/[22m[35m_nuxt/task-management._lpTBZBu.css             [39m[1m[2m  0.65 kB[22m[1m[22m[2m │ gzip:  0.28 kB[22m
[36mℹ[39m [2m../node_modules/.cache/nuxt/.nuxt/dist/client/[22m[35m_nuxt/field-ops-app.B8mxI1mT.css               [39m[1m[2m  0.78 kB[22m[1m[22m[2m │ gzip:  0.36 kB[22m
[36mℹ[39m [2m../node_modules/.cache/nuxt/.nuxt/dist/client/[22m[35m_nuxt/continuous-assurance.BAVRxXfc.css        [39m[1m[2m  0.84 kB[22m[1m[22m[2m │ gzip:  0.34 kB[22m
[36mℹ[39m [2m../node_modules/.cache/nuxt/.nuxt/dist/client/[22m[35m_nuxt/predictive-maintenance.C79S0gSy.css      [39m[1m[2m  0.84 kB[22m[1m[22m[2m │ gzip:  0.29 kB[22m
[36mℹ[39m [2m../node_modules/.cache/nuxt/.nuxt/dist/client/[22m[35m_nuxt/bespoke-crm.BTdNPgwp.css                 [39m[1m[2m  0.89 kB[22m[1m[22m[2m │ gzip:  0.39 kB[22m
[36mℹ[39m [2m../node_modules/.cache/nuxt/.nuxt/dist/client/[22m[35m_nuxt/customer-360.Sv8rZ7bC.css                [39m[1m[2m  1.00 kB[22m[1m[22m[2m │ gzip:  0.39 kB[22m
[36mℹ[39m [2m../node_modules/.cache/nuxt/.nuxt/dist/client/[22m[35m_nuxt/master-data-hub.B14rFqFF.css             [39m[1m[2m  1.08 kB[22m[1m[22m[2m │ gzip:  0.39 kB[22m
[36mℹ[39m [2m../node_modules/.cache/nuxt/.nuxt/dist/client/[22m[35m_nuxt/case-management.BjisYJej.css             [39m[1m[2m  1.17 kB[22m[1m[22m[2m │ gzip:  0.41 kB[22m
[36mℹ[39m [2m../node_modules/.cache/nuxt/.nuxt/dist/client/[22m[35m_nuxt/compliance-reporting.DjQGmnjF.css        [39m[1m[2m  1.21 kB[22m[1m[22m[2m │ gzip:  0.48 kB[22m
[36mℹ[39m [2m../node_modules/.cache/nuxt/.nuxt/dist/client/[22m[35m_nuxt/multi-channel-inbox.DRgmFMu2.css         [39m[1m[2m  1.34 kB[22m[1m[22m[2m │ gzip:  0.55 kB[22m
[36mℹ[39m [2m../node_modules/.cache/nuxt/.nuxt/dist/client/[22m[35m_nuxt/lead-qualifier.CyA2cm8t.css              [39m[1m[2m  1.47 kB[22m[1m[22m[2m │ gzip:  0.49 kB[22m
[36mℹ[39m [2m../node_modules/.cache/nuxt/.nuxt/dist/client/[22m[35m_nuxt/forecasting.bsZYySqH.css                 [39m[1m[2m  1.54 kB[22m[1m[22m[2m │ gzip:  0.54 kB[22m
[36mℹ[39m [2m../node_modules/.cache/nuxt/.nuxt/dist/client/[22m[35m_nuxt/decision-engine.D7t4D83L.css             [39m[1m[2m  1.56 kB[22m[1m[22m[2m │ gzip:  0.50 kB[22m
[36mℹ[39m [2m../node_modules/.cache/nuxt/.nuxt/dist/client/[22m[35m_nuxt/notification-orchestration.BpPbbgDr.css  [39m[1m[2m  1.82 kB[22m[1m[22m[2m │ gzip:  0.81 kB[22m
[36mℹ[39m [2m../node_modules/.cache/nuxt/.nuxt/dist/client/[22m[35m_nuxt/approval-workflow.DKAD8ik3.css           [39m[1m[2m  2.46 kB[22m[1m[22m[2m │ gzip:  0.71 kB[22m
[36mℹ[39m [2m../node_modules/.cache/nuxt/.nuxt/dist/client/[22m[35m_nuxt/document-intelligence.DpbOEpyP.css       [39m[1m[2m  2.78 kB[22m[1m[22m[2m │ gzip:  0.94 kB[22m
[36mℹ[39m [2m../node_modules/.cache/nuxt/.nuxt/dist/client/[22m[35m_nuxt/diagnose.DtmhewcO.css                    [39m[1m[2m  2.81 kB[22m[1m[22m[2m │ gzip:  0.86 kB[22m
[36mℹ[39m [2m../node_modules/.cache/nuxt/.nuxt/dist/client/[22m[35m_nuxt/knowledge-assistant.AbqnYiAg.css         [39m[1m[2m  3.16 kB[22m[1m[22m[2m │ gzip:  0.90 kB[22m
[36mℹ[39m [2m../node_modules/.cache/nuxt/.nuxt/dist/client/[22m[35m_nuxt/pricing-engine.De2lZIbM.css              [39m[1m[2m  3.28 kB[22m[1m[22m[2m │ gzip:  0.82 kB[22m
[36mℹ[39m [2m../node_modules/.cache/nuxt/.nuxt/dist/client/[22m[35m_nuxt/integration-hub.BzriYACr.css             [39m[1m[2m  5.08 kB[22m[1m[22m[2m │ gzip:  1.46 kB[22m
[36mℹ[39m [2m../node_modules/.cache/nuxt/.nuxt/dist/client/[22m[35m_nuxt/index.NscShmY2.css                       [39m[1m[2m  6.72 kB[22m[1m[22m[2m │ gzip:  1.78 kB[22m
[36mℹ[39m [2m../node_modules/.cache/nuxt/.nuxt/dist/client/[22m[35m_nuxt/kairos.CR_oQZEU.css                      [39m[1m[2m 28.15 kB[22m[1m[22m[2m │ gzip:  4.76 kB[22m
[36mℹ[39m [2m../node_modules/.cache/nuxt/.nuxt/dist/client/[22m[35m_nuxt/entry.Cie1gDHs.css                       [39m[1m[2m137.96 kB[22m[1m[22m[2m │ gzip: 21.76 kB[22m
[36mℹ[39m [2m../node_modules/.cache/nuxt/.nuxt/dist/client/[22m[36m_nuxt/DjJWEXdP.js                              [39m[1m[2m  0.06 kB[22m[1m[22m[2m │ gzip:  0.08 kB[22m
[36mℹ[39m [2m../node_modules/.cache/nuxt/.nuxt/dist/client/[22m[36m_nuxt/C2uQ6MJJ.js                              [39m[1m[2m  0.12 kB[22m[1m[22m[2m │ gzip:  0.13 kB[22m
[36mℹ[39m [2m../node_modules/.cache/nuxt/.nuxt/dist/client/[22m[36m_nuxt/Cu7gcBim.js                              [39m[1m[2m  0.12 kB[22m[1m[22m[2m │ gzip:  0.14 kB[22m
[36mℹ[39m [2m../node_modules/.cache/nuxt/.nuxt/dist/client/[22m[36m_nuxt/-Ei26OwW.js                              [39m[1m[2m  0.13 kB[22m[1m[22m[2m │ gzip:  0.14 kB[22m
[36mℹ[39m [2m../node_modules/.cache/nuxt/.nuxt/dist/client/[22m[36m_nuxt/LDBg0-aX.js                              [39m[1m[2m  0.13 kB[22m[1m[22m[2m │ gzip:  0.14 kB[22m
[36mℹ[39m [2m../node_modules/.cache/nuxt/.nuxt/dist/client/[22m[36m_nuxt/UAT-5Jfm.js                              [39m[1m[2m  0.14 kB[22m[1m[22m[2m │ gzip:  0.15 kB[22m
[36mℹ[39m [2m../node_modules/.cache/nuxt/.nuxt/dist/client/[22m[36m_nuxt/syb9m7o1.js                              [39m[1m[2m  0.15 kB[22m[1m[22m[2m │ gzip:  0.15 kB[22m
[36mℹ[39m [2m../node_modules/.cache/nuxt/.nuxt/dist/client/[22m[36m_nuxt/mxnoJGNf.js                              [39m[1m[2m  0.16 kB[22m[1m[22m[2m │ gzip:  0.16 kB[22m
[36mℹ[39m [2m../node_modules/.cache/nuxt/.nuxt/dist/client/[22m[36m_nuxt/DllT4W8l.js                              [39m[1m[2m  0.16 kB[22m[1m[22m[2m │ gzip:  0.16 kB[22m
[36mℹ[39m [2m../node_modules/.cache/nuxt/.nuxt/dist/client/[22m[36m_nuxt/BNArhhWc.js                              [39m[1m[2m  0.16 kB[22m[1m[22m[2m │ gzip:  0.16 kB[22m
[36mℹ[39m [2m../node_modules/.cache/nuxt/.nuxt/dist/client/[22m[36m_nuxt/C3Sumslu.js                              [39m[1m[2m  0.17 kB[22m[1m[22m[2m │ gzip:  0.16 kB[22m
[36mℹ[39m [2m../node_modules/.cache/nuxt/.nuxt/dist/client/[22m[36m_nuxt/B08_ODy9.js                              [39m[1m[2m  0.17 kB[22m[1m[22m[2m │ gzip:  0.17 kB[22m
[36mℹ[39m [2m../node_modules/.cache/nuxt/.nuxt/dist/client/[22m[36m_nuxt/-LaIWgLx.js                              [39m[1m[2m  0.17 kB[22m[1m[22m[2m │ gzip:  0.16 kB[22m
[36mℹ[39m [2m../node_modules/.cache/nuxt/.nuxt/dist/client/[22m[36m_nuxt/CJExasjF.js                              [39m[1m[2m  0.17 kB[22m[1m[22m[2m │ gzip:  0.17 kB[22m
[36mℹ[39m [2m../node_modules/.cache/nuxt/.nuxt/dist/client/[22m[36m_nuxt/C66WqLEA.js                              [39m[1m[2m  0.17 kB[22m[1m[22m[2m │ gzip:  0.16 kB[22m
[36mℹ[39m [2m../node_modules/.cache/nuxt/.nuxt/dist/client/[22m[36m_nuxt/BLpVhGjM.js                              [39m[1m[2m  0.18 kB[22m[1m[22m[2m │ gzip:  0.15 kB[22m
[36mℹ[39m [2m../node_modules/.cache/nuxt/.nuxt/dist/client/[22m[36m_nuxt/BTAW35ln.js                              [39m[1m[2m  0.18 kB[22m[1m[22m[2m │ gzip:  0.17 kB[22m
[36mℹ[39m [2m../node_modules/.cache/nuxt/.nuxt/dist/client/[22m[36m_nuxt/DrjNwRIK.js                              [39m[1m[2m  0.19 kB[22m[1m[22m[2m │ gzip:  0.17 kB[22m
[36mℹ[39m [2m../node_modules/.cache/nuxt/.nuxt/dist/client/[22m[36m_nuxt/Beuzs5M5.js                              [39m[1m[2m  0.19 kB[22m[1m[22m[2m │ gzip:  0.18 kB[22m
[36mℹ[39m [2m../node_modules/.cache/nuxt/.nuxt/dist/client/[22m[36m_nuxt/T3MHxGtD.js                              [39m[1m[2m  0.20 kB[22m[1m[22m[2m │ gzip:  0.18 kB[22m
[36mℹ[39m [2m../node_modules/.cache/nuxt/.nuxt/dist/client/[22m[36m_nuxt/DsXv2MEb.js                              [39m[1m[2m  0.20 kB[22m[1m[22m[2m │ gzip:  0.18 kB[22m
[36mℹ[39m [2m../node_modules/.cache/nuxt/.nuxt/dist/client/[22m[36m_nuxt/omvWM3oD.js                              [39m[1m[2m  0.20 kB[22m[1m[22m[2m │ gzip:  0.19 kB[22m
[36mℹ[39m [2m../node_modules/.cache/nuxt/.nuxt/dist/client/[22m[36m_nuxt/Br6DZG_h.js                              [39m[1m[2m  0.20 kB[22m[1m[22m[2m │ gzip:  0.18 kB[22m
[36mℹ[39m [2m../node_modules/.cache/nuxt/.nuxt/dist/client/[22m[36m_nuxt/BMAGeSza.js                              [39m[1m[2m  0.20 kB[22m[1m[22m[2m │ gzip:  0.17 kB[22m
[36mℹ[39m [2m../node_modules/.cache/nuxt/.nuxt/dist/client/[22m[36m_nuxt/BNmBNW-i.js                              [39m[1m[2m  0.21 kB[22m[1m[22m[2m │ gzip:  0.16 kB[22m
[36mℹ[39m [2m../node_modules/.cache/nuxt/.nuxt/dist/client/[22m[36m_nuxt/DoOOPLeN.js                              [39m[1m[2m  0.22 kB[22m[1m[22m[2m │ gzip:  0.19 kB[22m
[36mℹ[39m [2m../node_modules/.cache/nuxt/.nuxt/dist/client/[22m[36m_nuxt/H5I3VvIq.js                              [39m[1m[2m  0.22 kB[22m[1m[22m[2m │ gzip:  0.16 kB[22m
[36mℹ[39m [2m../node_modules/.cache/nuxt/.nuxt/dist/client/[22m[36m_nuxt/CE7Zy4rT.js                              [39m[1m[2m  0.22 kB[22m[1m[22m[2m │ gzip:  0.19 kB[22m
[36mℹ[39m [2m../node_modules/.cache/nuxt/.nuxt/dist/client/[22m[36m_nuxt/DyaGlP2Y.js                              [39m[1m[2m  0.23 kB[22m[1m[22m[2m │ gzip:  0.20 kB[22m
[36mℹ[39m [2m../node_modules/.cache/nuxt/.nuxt/dist/client/[22m[36m_nuxt/DJlWGH3x.js                              [39m[1m[2m  0.23 kB[22m[1m[22m[2m │ gzip:  0.20 kB[22m
[36mℹ[39m [2m../node_modules/.cache/nuxt/.nuxt/dist/client/[22m[36m_nuxt/DleT8AGG.js                              [39m[1m[2m  0.23 kB[22m[1m[22m[2m │ gzip:  0.19 kB[22m
[36mℹ[39m [2m../node_modules/.cache/nuxt/.nuxt/dist/client/[22m[36m_nuxt/DETpLnsI.js                              [39m[1m[2m  0.23 kB[22m[1m[22m[2m │ gzip:  0.18 kB[22m
[36mℹ[39m [2m../node_modules/.cache/nuxt/.nuxt/dist/client/[22m[36m_nuxt/BaYqcdow.js                              [39m[1m[2m  0.24 kB[22m[1m[22m[2m │ gzip:  0.21 kB[22m
[36mℹ[39m [2m../node_modules/.cache/nuxt/.nuxt/dist/client/[22m[36m_nuxt/DiReYQdo.js                              [39m[1m[2m  0.24 kB[22m[1m[22m[2m │ gzip:  0.19 kB[22m
[36mℹ[39m [2m../node_modules/.cache/nuxt/.nuxt/dist/client/[22m[36m_nuxt/mfSVK2ii.js                              [39m[1m[2m  0.24 kB[22m[1m[22m[2m │ gzip:  0.19 kB[22m
[36mℹ[39m [2m../node_modules/.cache/nuxt/.nuxt/dist/client/[22m[36m_nuxt/W3WprR0x.js                              [39m[1m[2m  0.24 kB[22m[1m[22m[2m │ gzip:  0.21 kB[22m
[36mℹ[39m [2m../node_modules/.cache/nuxt/.nuxt/dist/client/[22m[36m_nuxt/gu6UWkaX.js                              [39m[1m[2m  0.24 kB[22m[1m[22m[2m │ gzip:  0.20 kB[22m
[36mℹ[39m [2m../node_modules/.cache/nuxt/.nuxt/dist/client/[22m[36m_nuxt/DaJ8r3B1.js                              [39m[1m[2m  0.25 kB[22m[1m[22m[2m │ gzip:  0.18 kB[22m
[36mℹ[39m [2m../node_modules/.cache/nuxt/.nuxt/dist/client/[22m[36m_nuxt/Daxt0rvh.js                              [39m[1m[2m  0.25 kB[22m[1m[22m[2m │ gzip:  0.21 kB[22m
[36mℹ[39m [2m../node_modules/.cache/nuxt/.nuxt/dist/client/[22m[36m_nuxt/BjUa_36n.js                              [39m[1m[2m  0.25 kB[22m[1m[22m[2m │ gzip:  0.20 kB[22m
[36mℹ[39m [2m../node_modules/.cache/nuxt/.nuxt/dist/client/[22m[36m_nuxt/DsY6NONC.js                              [39m[1m[2m  0.25 kB[22m[1m[22m[2m │ gzip:  0.21 kB[22m
[36mℹ[39m [2m../node_modules/.cache/nuxt/.nuxt/dist/client/[22m[36m_nuxt/Cap7zjSX.js                              [39m[1m[2m  0.25 kB[22m[1m[22m[2m │ gzip:  0.20 kB[22m
[36mℹ[39m [2m../node_modules/.cache/nuxt/.nuxt/dist/client/[22m[36m_nuxt/dLrhUmnN.js                              [39m[1m[2m  0.25 kB[22m[1m[22m[2m │ gzip:  0.22 kB[22m
[36mℹ[39m [2m../node_modules/.cache/nuxt/.nuxt/dist/client/[22m[36m_nuxt/UQsFXmZU.js                              [39m[1m[2m  0.26 kB[22m[1m[22m[2m │ gzip:  0.20 kB[22m
[36mℹ[39m [2m../node_modules/.cache/nuxt/.nuxt/dist/client/[22m[36m_nuxt/Dy3IwQt0.js                              [39m[1m[2m  0.26 kB[22m[1m[22m[2m │ gzip:  0.21 kB[22m
[36mℹ[39m [2m../node_modules/.cache/nuxt/.nuxt/dist/client/[22m[36m_nuxt/CwZkrhRc.js                              [39m[1m[2m  0.27 kB[22m[1m[22m[2m │ gzip:  0.20 kB[22m
[36mℹ[39m [2m../node_modules/.cache/nuxt/.nuxt/dist/client/[22m[36m_nuxt/BWyS52CU.js                              [39m[1m[2m  0.27 kB[22m[1m[22m[2m │ gzip:  0.22 kB[22m
[36mℹ[39m [2m../node_modules/.cache/nuxt/.nuxt/dist/client/[22m[36m_nuxt/Bq2D7JDZ.js                              [39m[1m[2m  0.27 kB[22m[1m[22m[2m │ gzip:  0.22 kB[22m
[36mℹ[39m [2m../node_modules/.cache/nuxt/.nuxt/dist/client/[22m[36m_nuxt/B8wOTgDp.js                              [39m[1m[2m  0.27 kB[22m[1m[22m[2m │ gzip:  0.18 kB[22m
[36mℹ[39m [2m../node_modules/.cache/nuxt/.nuxt/dist/client/[22m[36m_nuxt/D32zKxyM.js                              [39m[1m[2m  0.27 kB[22m[1m[22m[2m │ gzip:  0.20 kB[22m
[36mℹ[39m [2m../node_modules/.cache/nuxt/.nuxt/dist/client/[22m[36m_nuxt/Bxo781pN.js                              [39m[1m[2m  0.28 kB[22m[1m[22m[2m │ gzip:  0.19 kB[22m
[36mℹ[39m [2m../node_modules/.cache/nuxt/.nuxt/dist/client/[22m[36m_nuxt/CVtdxnsd.js                              [39m[1m[2m  0.28 kB[22m[1m[22m[2m │ gzip:  0.20 kB[22m
[36mℹ[39m [2m../node_modules/.cache/nuxt/.nuxt/dist/client/[22m[36m_nuxt/Cf_WthcT.js                              [39m[1m[2m  0.28 kB[22m[1m[22m[2m │ gzip:  0.23 kB[22m
[36mℹ[39m [2m../node_modules/.cache/nuxt/.nuxt/dist/client/[22m[36m_nuxt/c_L5-cnF.js                              [39m[1m[2m  0.28 kB[22m[1m[22m[2m │ gzip:  0.20 kB[22m
[36mℹ[39m [2m../node_modules/.cache/nuxt/.nuxt/dist/client/[22m[36m_nuxt/CNjGKI3e.js                              [39m[1m[2m  0.29 kB[22m[1m[22m[2m │ gzip:  0.23 kB[22m
[36mℹ[39m [2m../node_modules/.cache/nuxt/.nuxt/dist/client/[22m[36m_nuxt/BebQ9fuX.js                              [39m[1m[2m  0.29 kB[22m[1m[22m[2m │ gzip:  0.23 kB[22m
[36mℹ[39m [2m../node_modules/.cache/nuxt/.nuxt/dist/client/[22m[36m_nuxt/CRvBX7Am.js                              [39m[1m[2m  0.29 kB[22m[1m[22m[2m │ gzip:  0.23 kB[22m
[36mℹ[39m [2m../node_modules/.cache/nuxt/.nuxt/dist/client/[22m[36m_nuxt/pi7yj9iO.js                              [39m[1m[2m  0.29 kB[22m[1m[22m[2m │ gzip:  0.19 kB[22m
[36mℹ[39m [2m../node_modules/.cache/nuxt/.nuxt/dist/client/[22m[36m_nuxt/CklmSq_N.js                              [39m[1m[2m  0.30 kB[22m[1m[22m[2m │ gzip:  0.23 kB[22m
[36mℹ[39m [2m../node_modules/.cache/nuxt/.nuxt/dist/client/[22m[36m_nuxt/9v49fwmO.js                              [39m[1m[2m  0.30 kB[22m[1m[22m[2m │ gzip:  0.23 kB[22m
[36mℹ[39m [2m../node_modules/.cache/nuxt/.nuxt/dist/client/[22m[36m_nuxt/t7Jbu11W.js                              [39m[1m[2m  0.30 kB[22m[1m[22m[2m │ gzip:  0.22 kB[22m
[36mℹ[39m [2m../node_modules/.cache/nuxt/.nuxt/dist/client/[22m[36m_nuxt/uei1qeLQ.js                              [39m[1m[2m  0.30 kB[22m[1m[22m[2m │ gzip:  0.22 kB[22m
[36mℹ[39m [2m../node_modules/.cache/nuxt/.nuxt/dist/client/[22m[36m_nuxt/C7zfXmk3.js                              [39m[1m[2m  0.31 kB[22m[1m[22m[2m │ gzip:  0.22 kB[22m
[36mℹ[39m [2m../node_modules/.cache/nuxt/.nuxt/dist/client/[22m[36m_nuxt/hzYXMCDn.js                              [39m[1m[2m  0.31 kB[22m[1m[22m[2m │ gzip:  0.23 kB[22m
[36mℹ[39m [2m../node_modules/.cache/nuxt/.nuxt/dist/client/[22m[36m_nuxt/CHL-f7jV.js                              [39m[1m[2m  0.31 kB[22m[1m[22m[2m │ gzip:  0.23 kB[22m
[36mℹ[39m [2m../node_modules/.cache/nuxt/.nuxt/dist/client/[22m[36m_nuxt/NN4mvIPV.js                              [39m[1m[2m  0.32 kB[22m[1m[22m[2m │ gzip:  0.22 kB[22m
[36mℹ[39m [2m../node_modules/.cache/nuxt/.nuxt/dist/client/[22m[36m_nuxt/BUqm7m1-.js                              [39m[1m[2m  0.32 kB[22m[1m[22m[2m │ gzip:  0.22 kB[22m
[36mℹ[39m [2m../node_modules/.cache/nuxt/.nuxt/dist/client/[22m[36m_nuxt/43Xu8oYF.js                              [39m[1m[2m  0.32 kB[22m[1m[22m[2m │ gzip:  0.21 kB[22m
[36mℹ[39m [2m../node_modules/.cache/nuxt/.nuxt/dist/client/[22m[36m_nuxt/ByWZkKwP.js                              [39m[1m[2m  0.32 kB[22m[1m[22m[2m │ gzip:  0.23 kB[22m
[36mℹ[39m [2m../node_modules/.cache/nuxt/.nuxt/dist/client/[22m[36m_nuxt/-rvWMer3.js                              [39m[1m[2m  0.32 kB[22m[1m[22m[2m │ gzip:  0.24 kB[22m
[36mℹ[39m [2m../node_modules/.cache/nuxt/.nuxt/dist/client/[22m[36m_nuxt/DKmdchig.js                              [39m[1m[2m  0.32 kB[22m[1m[22m[2m │ gzip:  0.25 kB[22m
[36mℹ[39m [2m../node_modules/.cache/nuxt/.nuxt/dist/client/[22m[36m_nuxt/UVrlqnK1.js                              [39m[1m[2m  0.32 kB[22m[1m[22m[2m │ gzip:  0.21 kB[22m
[36mℹ[39m [2m../node_modules/.cache/nuxt/.nuxt/dist/client/[22m[36m_nuxt/BJy_f1lE.js                              [39m[1m[2m  0.33 kB[22m[1m[22m[2m │ gzip:  0.21 kB[22m
[36mℹ[39m [2m../node_modules/.cache/nuxt/.nuxt/dist/client/[22m[36m_nuxt/jCnkeOu8.js                              [39m[1m[2m  0.33 kB[22m[1m[22m[2m │ gzip:  0.22 kB[22m
[36mℹ[39m [2m../node_modules/.cache/nuxt/.nuxt/dist/client/[22m[36m_nuxt/ByRGt2RZ.js                              [39m[1m[2m  0.33 kB[22m[1m[22m[2m │ gzip:  0.21 kB[22m
[36mℹ[39m [2m../node_modules/.cache/nuxt/.nuxt/dist/client/[22m[36m_nuxt/3XzZ_Hpw.js                              [39m[1m[2m  0.34 kB[22m[1m[22m[2m │ gzip:  0.24 kB[22m
[36mℹ[39m [2m../node_modules/.cache/nuxt/.nuxt/dist/client/[22m[36m_nuxt/CKkslZr-.js                              [39m[1m[2m  0.34 kB[22m[1m[22m[2m │ gzip:  0.23 kB[22m
[36mℹ[39m [2m../node_modules/.cache/nuxt/.nuxt/dist/client/[22m[36m_nuxt/7ytp-hO9.js                              [39m[1m[2m  0.35 kB[22m[1m[22m[2m │ gzip:  0.26 kB[22m
[36mℹ[39m [2m../node_modules/.cache/nuxt/.nuxt/dist/client/[22m[36m_nuxt/ZU1VqyrR.js                              [39m[1m[2m  0.36 kB[22m[1m[22m[2m │ gzip:  0.24 kB[22m
[36mℹ[39m [2m../node_modules/.cache/nuxt/.nuxt/dist/client/[22m[36m_nuxt/C_pwiHG1.js                              [39m[1m[2m  0.37 kB[22m[1m[22m[2m │ gzip:  0.25 kB[22m
[36mℹ[39m [2m../node_modules/.cache/nuxt/.nuxt/dist/client/[22m[36m_nuxt/Br2tduWi.js                              [39m[1m[2m  0.37 kB[22m[1m[22m[2m │ gzip:  0.25 kB[22m
[36mℹ[39m [2m../node_modules/.cache/nuxt/.nuxt/dist/client/[22m[36m_nuxt/DU3v0gbv.js                              [39m[1m[2m  0.38 kB[22m[1m[22m[2m │ gzip:  0.22 kB[22m
[36mℹ[39m [2m../node_modules/.cache/nuxt/.nuxt/dist/client/[22m[36m_nuxt/CwHujjtK.js                              [39m[1m[2m  0.38 kB[22m[1m[22m[2m │ gzip:  0.24 kB[22m
[36mℹ[39m [2m../node_modules/.cache/nuxt/.nuxt/dist/client/[22m[36m_nuxt/vA6ehsCM.js                              [39m[1m[2m  0.38 kB[22m[1m[22m[2m │ gzip:  0.23 kB[22m
[36mℹ[39m [2m../node_modules/.cache/nuxt/.nuxt/dist/client/[22m[36m_nuxt/Bxv0ROxC.js                              [39m[1m[2m  0.38 kB[22m[1m[22m[2m │ gzip:  0.25 kB[22m
[36mℹ[39m [2m../node_modules/.cache/nuxt/.nuxt/dist/client/[22m[36m_nuxt/DFjhY_b5.js                              [39m[1m[2m  0.38 kB[22m[1m[22m[2m │ gzip:  0.24 kB[22m
[36mℹ[39m [2m../node_modules/.cache/nuxt/.nuxt/dist/client/[22m[36m_nuxt/CX0dz477.js                              [39m[1m[2m  0.40 kB[22m[1m[22m[2m │ gzip:  0.27 kB[22m
[36mℹ[39m [2m../node_modules/.cache/nuxt/.nuxt/dist/client/[22m[36m_nuxt/DwSOeq8e.js                              [39m[1m[2m  0.41 kB[22m[1m[22m[2m │ gzip:  0.26 kB[22m
[36mℹ[39m [2m../node_modules/.cache/nuxt/.nuxt/dist/client/[22m[36m_nuxt/DNHamg-s.js                              [39m[1m[2m  0.41 kB[22m[1m[22m[2m │ gzip:  0.28 kB[22m
[36mℹ[39m [2m../node_modules/.cache/nuxt/.nuxt/dist/client/[22m[36m_nuxt/BjxfED4W.js                              [39m[1m[2m  0.42 kB[22m[1m[22m[2m │ gzip:  0.24 kB[22m
[36mℹ[39m [2m../node_modules/.cache/nuxt/.nuxt/dist/client/[22m[36m_nuxt/CU-z20m-.js                              [39m[1m[2m  0.42 kB[22m[1m[22m[2m │ gzip:  0.24 kB[22m
[36mℹ[39m [2m../node_modules/.cache/nuxt/.nuxt/dist/client/[22m[36m_nuxt/Di5sp2PE.js                              [39m[1m[2m  0.42 kB[22m[1m[22m[2m │ gzip:  0.26 kB[22m
[36mℹ[39m [2m../node_modules/.cache/nuxt/.nuxt/dist/client/[22m[36m_nuxt/DFmeKHbD.js                              [39m[1m[2m  0.44 kB[22m[1m[22m[2m │ gzip:  0.28 kB[22m
[36mℹ[39m [2m../node_modules/.cache/nuxt/.nuxt/dist/client/[22m[36m_nuxt/CAYU6Gov.js                              [39m[1m[2m  0.45 kB[22m[1m[22m[2m │ gzip:  0.29 kB[22m
[36mℹ[39m [2m../node_modules/.cache/nuxt/.nuxt/dist/client/[22m[36m_nuxt/B9yYs2Zj.js                              [39m[1m[2m  0.47 kB[22m[1m[22m[2m │ gzip:  0.28 kB[22m
[36mℹ[39m [2m../node_modules/.cache/nuxt/.nuxt/dist/client/[22m[36m_nuxt/qNSuPZjD.js                              [39m[1m[2m  0.49 kB[22m[1m[22m[2m │ gzip:  0.27 kB[22m
[36mℹ[39m [2m../node_modules/.cache/nuxt/.nuxt/dist/client/[22m[36m_nuxt/CW5hqgB3.js                              [39m[1m[2m  0.49 kB[22m[1m[22m[2m │ gzip:  0.28 kB[22m
[36mℹ[39m [2m../node_modules/.cache/nuxt/.nuxt/dist/client/[22m[36m_nuxt/COhrT0so.js                              [39m[1m[2m  0.49 kB[22m[1m[22m[2m │ gzip:  0.28 kB[22m
[36mℹ[39m [2m../node_modules/.cache/nuxt/.nuxt/dist/client/[22m[36m_nuxt/BE62iMY-.js                              [39m[1m[2m  0.51 kB[22m[1m[22m[2m │ gzip:  0.29 kB[22m
[36mℹ[39m [2m../node_modules/.cache/nuxt/.nuxt/dist/client/[22m[36m_nuxt/BzPp64lO.js                              [39m[1m[2m  0.53 kB[22m[1m[22m[2m │ gzip:  0.28 kB[22m
[36mℹ[39m [2m../node_modules/.cache/nuxt/.nuxt/dist/client/[22m[36m_nuxt/yOM3QvmG.js                              [39m[1m[2m  0.53 kB[22m[1m[22m[2m │ gzip:  0.32 kB[22m
[36mℹ[39m [2m../node_modules/.cache/nuxt/.nuxt/dist/client/[22m[36m_nuxt/DnQzhGkT.js                              [39m[1m[2m  0.62 kB[22m[1m[22m[2m │ gzip:  0.32 kB[22m
[36mℹ[39m [2m../node_modules/.cache/nuxt/.nuxt/dist/client/[22m[36m_nuxt/C1U7tlSS.js                              [39m[1m[2m  0.65 kB[22m[1m[22m[2m │ gzip:  0.28 kB[22m
[36mℹ[39m [2m../node_modules/.cache/nuxt/.nuxt/dist/client/[22m[36m_nuxt/Wu-JYRxc.js                              [39m[1m[2m  0.67 kB[22m[1m[22m[2m │ gzip:  0.32 kB[22m
[36mℹ[39m [2m../node_modules/.cache/nuxt/.nuxt/dist/client/[22m[36m_nuxt/DUtZ8Hcg.js                              [39m[1m[2m  0.85 kB[22m[1m[22m[2m │ gzip:  0.39 kB[22m
[36mℹ[39m [2m../node_modules/.cache/nuxt/.nuxt/dist/client/[22m[36m_nuxt/Dhy7m02b.js                              [39m[1m[2m  0.90 kB[22m[1m[22m[2m │ gzip:  0.42 kB[22m
[36mℹ[39m [2m../node_modules/.cache/nuxt/.nuxt/dist/client/[22m[36m_nuxt/CEZh3kKh.js                              [39m[1m[2m  1.19 kB[22m[1m[22m[2m │ gzip:  0.60 kB[22m
[36mℹ[39m [2m../node_modules/.cache/nuxt/.nuxt/dist/client/[22m[36m_nuxt/CwrN-xmQ.js                              [39m[1m[2m  9.86 kB[22m[1m[22m[2m │ gzip:  4.04 kB[22m
[36mℹ[39m [2m../node_modules/.cache/nuxt/.nuxt/dist/client/[22m[36m_nuxt/D41mhZk2.js                              [39m[1m[2m  9.98 kB[22m[1m[22m[2m │ gzip:  3.42 kB[22m
[36mℹ[39m [2m../node_modules/.cache/nuxt/.nuxt/dist/client/[22m[36m_nuxt/5lLDoMzU.js                              [39m[1m[2m 21.68 kB[22m[1m[22m[2m │ gzip:  6.32 kB[22m
[36mℹ[39m [2m../node_modules/.cache/nuxt/.nuxt/dist/client/[22m[36m_nuxt/04WXPVcL.js                              [39m[1m[2m 24.70 kB[22m[1m[22m[2m │ gzip:  7.66 kB[22m
[36mℹ[39m [2m../node_modules/.cache/nuxt/.nuxt/dist/client/[22m[36m_nuxt/BPfQ7NZH.js                              [39m[1m[2m 24.77 kB[22m[1m[22m[2m │ gzip:  7.82 kB[22m
[36mℹ[39m [2m../node_modules/.cache/nuxt/.nuxt/dist/client/[22m[36m_nuxt/H-lfA0vt.js                              [39m[1m[2m 24.77 kB[22m[1m[22m[2m │ gzip:  8.66 kB[22m
[36mℹ[39m [2m../node_modules/.cache/nuxt/.nuxt/dist/client/[22m[36m_nuxt/C7IuRC7S.js                              [39m[1m[2m 25.61 kB[22m[1m[22m[2m │ gzip:  8.05 kB[22m
[36mℹ[39m [2m../node_modules/.cache/nuxt/.nuxt/dist/client/[22m[36m_nuxt/BejfIhiD.js                              [39m[1m[2m 26.05 kB[22m[1m[22m[2m │ gzip:  8.35 kB[22m
[36mℹ[39m [2m../node_modules/.cache/nuxt/.nuxt/dist/client/[22m[36m_nuxt/CAWCEaiS.js                              [39m[1m[2m 26.89 kB[22m[1m[22m[2m │ gzip:  8.51 kB[22m
[36mℹ[39m [2m../node_modules/.cache/nuxt/.nuxt/dist/client/[22m[36m_nuxt/Bw-Fnvoo.js                              [39m[1m[2m 27.40 kB[22m[1m[22m[2m │ gzip:  8.20 kB[22m
[36mℹ[39m [2m../node_modules/.cache/nuxt/.nuxt/dist/client/[22m[36m_nuxt/D9qgXgnT.js                              [39m[1m[2m 29.13 kB[22m[1m[22m[2m │ gzip:  7.59 kB[22m
[36mℹ[39m [2m../node_modules/.cache/nuxt/.nuxt/dist/client/[22m[36m_nuxt/DGPE8OWq.js                              [39m[1m[2m 29.67 kB[22m[1m[22m[2m │ gzip:  8.18 kB[22m
[36mℹ[39m [2m../node_modules/.cache/nuxt/.nuxt/dist/client/[22m[36m_nuxt/CTYoS7Bh.js                              [39m[1m[2m 30.03 kB[22m[1m[22m[2m │ gzip:  8.81 kB[22m
[36mℹ[39m [2m../node_modules/.cache/nuxt/.nuxt/dist/client/[22m[36m_nuxt/DiNabbmw.js                              [39m[1m[2m 30.39 kB[22m[1m[22m[2m │ gzip: 10.04 kB[22m
[36mℹ[39m [2m../node_modules/.cache/nuxt/.nuxt/dist/client/[22m[36m_nuxt/D43PC5H4.js                              [39m[1m[2m 33.01 kB[22m[1m[22m[2m │ gzip:  9.92 kB[22m
[36mℹ[39m [2m../node_modules/.cache/nuxt/.nuxt/dist/client/[22m[36m_nuxt/BiNacocQ.js                              [39m[1m[2m 33.22 kB[22m[1m[22m[2m │ gzip: 11.07 kB[22m
[36mℹ[39m [2m../node_modules/.cache/nuxt/.nuxt/dist/client/[22m[36m_nuxt/BcaSWj11.js                              [39m[1m[2m 33.39 kB[22m[1m[22m[2m │ gzip:  9.96 kB[22m
[36mℹ[39m [2m../node_modules/.cache/nuxt/.nuxt/dist/client/[22m[36m_nuxt/CjhLNjR0.js                              [39m[1m[2m 34.91 kB[22m[1m[22m[2m │ gzip: 10.59 kB[22m
[36mℹ[39m [2m../node_modules/.cache/nuxt/.nuxt/dist/client/[22m[36m_nuxt/DUExBav8.js                              [39m[1m[2m 35.00 kB[22m[1m[22m[2m │ gzip: 10.47 kB[22m
[36mℹ[39m [2m../node_modules/.cache/nuxt/.nuxt/dist/client/[22m[36m_nuxt/CSxHP-v0.js                              [39m[1m[2m 35.05 kB[22m[1m[22m[2m │ gzip:  9.34 kB[22m
[36mℹ[39m [2m../node_modules/.cache/nuxt/.nuxt/dist/client/[22m[36m_nuxt/BFKMOu1o.js                              [39m[1m[2m 35.15 kB[22m[1m[22m[2m │ gzip: 10.88 kB[22m
[36mℹ[39m [2m../node_modules/.cache/nuxt/.nuxt/dist/client/[22m[36m_nuxt/iPCZsCZf.js                              [39m[1m[2m 35.50 kB[22m[1m[22m[2m │ gzip: 10.56 kB[22m
[36mℹ[39m [2m../node_modules/.cache/nuxt/.nuxt/dist/client/[22m[36m_nuxt/DczKpIa1.js                              [39m[1m[2m 36.52 kB[22m[1m[22m[2m │ gzip:  9.74 kB[22m
[36mℹ[39m [2m../node_modules/.cache/nuxt/.nuxt/dist/client/[22m[36m_nuxt/CP0KPsj8.js                              [39m[1m[2m 36.58 kB[22m[1m[22m[2m │ gzip:  9.06 kB[22m
[36mℹ[39m [2m../node_modules/.cache/nuxt/.nuxt/dist/client/[22m[36m_nuxt/D9Fdx0-v.js                              [39m[1m[2m 38.03 kB[22m[1m[22m[2m │ gzip: 10.80 kB[22m
[36mℹ[39m [2m../node_modules/.cache/nuxt/.nuxt/dist/client/[22m[36m_nuxt/BVsCYclr.js                              [39m[1m[2m 39.52 kB[22m[1m[22m[2m │ gzip: 11.72 kB[22m
[36mℹ[39m [2m../node_modules/.cache/nuxt/.nuxt/dist/client/[22m[36m_nuxt/24TYppK5.js                              [39m[1m[2m 41.87 kB[22m[1m[22m[2m │ gzip: 12.22 kB[22m
[36mℹ[39m [2m../node_modules/.cache/nuxt/.nuxt/dist/client/[22m[36m_nuxt/CZcONv4z.js                              [39m[1m[2m 42.21 kB[22m[1m[22m[2m │ gzip: 10.07 kB[22m
[36mℹ[39m [2m../node_modules/.cache/nuxt/.nuxt/dist/client/[22m[36m_nuxt/CMUM4SCT.js                              [39m[1m[2m 42.26 kB[22m[1m[22m[2m │ gzip: 13.27 kB[22m
[36mℹ[39m [2m../node_modules/.cache/nuxt/.nuxt/dist/client/[22m[36m_nuxt/QPPTUXr_.js                              [39m[1m[2m 43.35 kB[22m[1m[22m[2m │ gzip: 12.97 kB[22m
[36mℹ[39m [2m../node_modules/.cache/nuxt/.nuxt/dist/client/[22m[36m_nuxt/Dez-KwtT.js                              [39m[1m[2m 44.59 kB[22m[1m[22m[2m │ gzip: 13.46 kB[22m
[36mℹ[39m [2m../node_modules/.cache/nuxt/.nuxt/dist/client/[22m[36m_nuxt/XdEpPoX6.js                              [39m[1m[2m 49.04 kB[22m[1m[22m[2m │ gzip: 14.66 kB[22m
[36mℹ[39m [2m../node_modules/.cache/nuxt/.nuxt/dist/client/[22m[36m_nuxt/B4aA9tO6.js                              [39m[1m[2m 50.18 kB[22m[1m[22m[2m │ gzip: 15.13 kB[22m
[36mℹ[39m [2m../node_modules/.cache/nuxt/.nuxt/dist/client/[22m[36m_nuxt/3Cn4O846.js                              [39m[1m[2m 57.25 kB[22m[1m[22m[2m │ gzip: 14.55 kB[22m
[36mℹ[39m [2m../node_modules/.cache/nuxt/.nuxt/dist/client/[22m[36m_nuxt/BXzbfHg9.js                              [39m[1m[2m 78.20 kB[22m[1m[22m[2m │ gzip: 27.61 kB[22m
[36mℹ[39m [2m../node_modules/.cache/nuxt/.nuxt/dist/client/[22m[36m_nuxt/D3LLkN_9.js                              [39m[1m[2m216.44 kB[22m[1m[22m[2m │ gzip: 81.18 kB[22m
[36mℹ[39m [32m✓ built in 10.99s[39m
[32m✔[39m Client built in 11005ms
[36mℹ[39m Building server...
[36mℹ[39m [36mvite v7.3.3 [32mbuilding ssr environment for production...[36m[39m
[36mℹ[39m transforming...

[43m[30m WARN [39m[49m [33m[plugin @tailwindcss/vite:generate:build] Sourcemap is likely to be incorrect: a plugin (@tailwindcss/vite:generate:build) was used to transform files, but didn't generate a sourcemap for the transformation. Consult the plugin documentation for help[39m


[43m[30m WARN [39m[49m [33m[plugin @tailwindcss/vite:generate:build] Sourcemap is likely to be incorrect: a plugin (@tailwindcss/vite:generate:build) was used to transform files, but didn't generate a sourcemap for the transformation. Consult the plugin documentation for help[39m[2m (x2)[22m


[43m[30m WARN [39m[49m [33m[plugin @tailwindcss/vite:generate:build] Sourcemap is likely to be incorrect: a plugin (@tailwindcss/vite:generate:build) was used to transform files, but didn't generate a sourcemap for the transformation. Consult the plugin documentation for help[39m[2m (x3)[22m


[43m[30m WARN [39m[49m [33m[plugin @tailwindcss/vite:generate:build] Sourcemap is likely to be incorrect: a plugin (@tailwindcss/vite:generate:build) was used to transform files, but didn't generate a sourcemap for the transformation. Consult the plugin documentation for help[39m[2m (x4)[22m


[43m[30m WARN [39m[49m [33m[plugin @tailwindcss/vite:generate:build] Sourcemap is likely to be incorrect: a plugin (@tailwindcss/vite:generate:build) was used to transform files, but didn't generate a sourcemap for the transformation. Consult the plugin documentation for help[39m[2m (x5)[22m


[43m[30m WARN [39m[49m [33m[plugin @tailwindcss/vite:generate:build] Sourcemap is likely to be incorrect: a plugin (@tailwindcss/vite:generate:build) was used to transform files, but didn't generate a sourcemap for the transformation. Consult the plugin documentation for help[39m[2m (x6)[22m


[43m[30m WARN [39m[49m [33m[plugin @tailwindcss/vite:generate:build] Sourcemap is likely to be incorrect: a plugin (@tailwindcss/vite:generate:build) was used to transform files, but didn't generate a sourcemap for the transformation. Consult the plugin documentation for help[39m[2m (x7)[22m


[43m[30m WARN [39m[49m [33m[plugin @tailwindcss/vite:generate:build] Sourcemap is likely to be incorrect: a plugin (@tailwindcss/vite:generate:build) was used to transform files, but didn't generate a sourcemap for the transformation. Consult the plugin documentation for help[39m[2m (x8)[22m


[43m[30m WARN [39m[49m [33m[plugin @tailwindcss/vite:generate:build] Sourcemap is likely to be incorrect: a plugin (@tailwindcss/vite:generate:build) was used to transform files, but didn't generate a sourcemap for the transformation. Consult the plugin documentation for help[39m[2m (x9)[22m


[43m[30m WARN [39m[49m [33m[plugin @tailwindcss/vite:generate:build] Sourcemap is likely to be incorrect: a plugin (@tailwindcss/vite:generate:build) was used to transform files, but didn't generate a sourcemap for the transformation. Consult the plugin documentation for help[39m[2m (x10)[22m


[43m[30m WARN [39m[49m [33m[plugin @tailwindcss/vite:generate:build] Sourcemap is likely to be incorrect: a plugin (@tailwindcss/vite:generate:build) was used to transform files, but didn't generate a sourcemap for the transformation. Consult the plugin documentation for help[39m[2m (x11)[22m


[43m[30m WARN [39m[49m [33m[plugin @tailwindcss/vite:generate:build] Sourcemap is likely to be incorrect: a plugin (@tailwindcss/vite:generate:build) was used to transform files, but didn't generate a sourcemap for the transformation. Consult the plugin documentation for help[39m[2m (x12)[22m


[43m[30m WARN [39m[49m [33m[plugin @tailwindcss/vite:generate:build] Sourcemap is likely to be incorrect: a plugin (@tailwindcss/vite:generate:build) was used to transform files, but didn't generate a sourcemap for the transformation. Consult the plugin documentation for help[39m[2m (x13)[22m


[43m[30m WARN [39m[49m [33m[plugin @tailwindcss/vite:generate:build] Sourcemap is likely to be incorrect: a plugin (@tailwindcss/vite:generate:build) was used to transform files, but didn't generate a sourcemap for the transformation. Consult the plugin documentation for help[39m[2m (x14)[22m


[43m[30m WARN [39m[49m [33m[plugin @tailwindcss/vite:generate:build] Sourcemap is likely to be incorrect: a plugin (@tailwindcss/vite:generate:build) was used to transform files, but didn't generate a sourcemap for the transformation. Consult the plugin documentation for help[39m[2m (x15)[22m


[43m[30m WARN [39m[49m [33m[plugin @tailwindcss/vite:generate:build] Sourcemap is likely to be incorrect: a plugin (@tailwindcss/vite:generate:build) was used to transform files, but didn't generate a sourcemap for the transformation. Consult the plugin documentation for help[39m[2m (x16)[22m


[43m[30m WARN [39m[49m [33m[plugin @tailwindcss/vite:generate:build] Sourcemap is likely to be incorrect: a plugin (@tailwindcss/vite:generate:build) was used to transform files, but didn't generate a sourcemap for the transformation. Consult the plugin documentation for help[39m[2m (x17)[22m


[43m[30m WARN [39m[49m [33m[plugin @tailwindcss/vite:generate:build] Sourcemap is likely to be incorrect: a plugin (@tailwindcss/vite:generate:build) was used to transform files, but didn't generate a sourcemap for the transformation. Consult the plugin documentation for help[39m[2m (x18)[22m


[43m[30m WARN [39m[49m [33m[plugin @tailwindcss/vite:generate:build] Sourcemap is likely to be incorrect: a plugin (@tailwindcss/vite:generate:build) was used to transform files, but didn't generate a sourcemap for the transformation. Consult the plugin documentation for help[39m[2m (x19)[22m


[43m[30m WARN [39m[49m [33m[plugin @tailwindcss/vite:generate:build] Sourcemap is likely to be incorrect: a plugin (@tailwindcss/vite:generate:build) was used to transform files, but didn't generate a sourcemap for the transformation. Consult the plugin documentation for help[39m[2m (x20)[22m


[43m[30m WARN [39m[49m [33m[plugin @tailwindcss/vite:generate:build] Sourcemap is likely to be incorrect: a plugin (@tailwindcss/vite:generate:build) was used to transform files, but didn't generate a sourcemap for the transformation. Consult the plugin documentation for help[39m[2m (x21)[22m


[43m[30m WARN [39m[49m [33m[plugin @tailwindcss/vite:generate:build] Sourcemap is likely to be incorrect: a plugin (@tailwindcss/vite:generate:build) was used to transform files, but didn't generate a sourcemap for the transformation. Consult the plugin documentation for help[39m[2m (x22)[22m


[43m[30m WARN [39m[49m [33m[plugin @tailwindcss/vite:generate:build] Sourcemap is likely to be incorrect: a plugin (@tailwindcss/vite:generate:build) was used to transform files, but didn't generate a sourcemap for the transformation. Consult the plugin documentation for help[39m[2m (x23)[22m


[43m[30m WARN [39m[49m [33m[plugin @tailwindcss/vite:generate:build] Sourcemap is likely to be incorrect: a plugin (@tailwindcss/vite:generate:build) was used to transform files, but didn't generate a sourcemap for the transformation. Consult the plugin documentation for help[39m[2m (x24)[22m


[43m[30m WARN [39m[49m [33m[plugin @tailwindcss/vite:generate:build] Sourcemap is likely to be incorrect: a plugin (@tailwindcss/vite:generate:build) was used to transform files, but didn't generate a sourcemap for the transformation. Consult the plugin documentation for help[39m[2m (x25)[22m


[43m[30m WARN [39m[49m [33m[plugin @tailwindcss/vite:generate:build] Sourcemap is likely to be incorrect: a plugin (@tailwindcss/vite:generate:build) was used to transform files, but didn't generate a sourcemap for the transformation. Consult the plugin documentation for help[39m[2m (x26)[22m


[43m[30m WARN [39m[49m [33m[plugin @tailwindcss/vite:generate:build] Sourcemap is likely to be incorrect: a plugin (@tailwindcss/vite:generate:build) was used to transform files, but didn't generate a sourcemap for the transformation. Consult the plugin documentation for help[39m[2m (x27)[22m


[43m[30m WARN [39m[49m [33m[plugin @tailwindcss/vite:generate:build] Sourcemap is likely to be incorrect: a plugin (@tailwindcss/vite:generate:build) was used to transform files, but didn't generate a sourcemap for the transformation. Consult the plugin documentation for help[39m[2m (x28)[22m


[43m[30m WARN [39m[49m [33m[plugin @tailwindcss/vite:generate:build] Sourcemap is likely to be incorrect: a plugin (@tailwindcss/vite:generate:build) was used to transform files, but didn't generate a sourcemap for the transformation. Consult the plugin documentation for help[39m[2m (x29)[22m


[43m[30m WARN [39m[49m [33m[plugin @tailwindcss/vite:generate:build] Sourcemap is likely to be incorrect: a plugin (@tailwindcss/vite:generate:build) was used to transform files, but didn't generate a sourcemap for the transformation. Consult the plugin documentation for help[39m[2m (x30)[22m


[43m[30m WARN [39m[49m [33m[plugin @tailwindcss/vite:generate:build] Sourcemap is likely to be incorrect: a plugin (@tailwindcss/vite:generate:build) was used to transform files, but didn't generate a sourcemap for the transformation. Consult the plugin documentation for help[39m[2m (x31)[22m


[43m[30m WARN [39m[49m [33m[plugin @tailwindcss/vite:generate:build] Sourcemap is likely to be incorrect: a plugin (@tailwindcss/vite:generate:build) was used to transform files, but didn't generate a sourcemap for the transformation. Consult the plugin documentation for help[39m[2m (x32)[22m


[43m[30m WARN [39m[49m [33m[plugin @tailwindcss/vite:generate:build] Sourcemap is likely to be incorrect: a plugin (@tailwindcss/vite:generate:build) was used to transform files, but didn't generate a sourcemap for the transformation. Consult the plugin documentation for help[39m[2m (x33)[22m


[43m[30m WARN [39m[49m [33m[plugin @tailwindcss/vite:generate:build] Sourcemap is likely to be incorrect: a plugin (@tailwindcss/vite:generate:build) was used to transform files, but didn't generate a sourcemap for the transformation. Consult the plugin documentation for help[39m[2m (x34)[22m


[43m[30m WARN [39m[49m [33m[plugin @tailwindcss/vite:generate:build] Sourcemap is likely to be incorrect: a plugin (@tailwindcss/vite:generate:build) was used to transform files, but didn't generate a sourcemap for the transformation. Consult the plugin documentation for help[39m[2m (x35)[22m


[43m[30m WARN [39m[49m [33m[plugin @tailwindcss/vite:generate:build] Sourcemap is likely to be incorrect: a plugin (@tailwindcss/vite:generate:build) was used to transform files, but didn't generate a sourcemap for the transformation. Consult the plugin documentation for help[39m[2m (x36)[22m


[43m[30m WARN [39m[49m [33m[plugin @tailwindcss/vite:generate:build] Sourcemap is likely to be incorrect: a plugin (@tailwindcss/vite:generate:build) was used to transform files, but didn't generate a sourcemap for the transformation. Consult the plugin documentation for help[39m[2m (x37)[22m


[43m[30m WARN [39m[49m [33m[plugin @tailwindcss/vite:generate:build] Sourcemap is likely to be incorrect: a plugin (@tailwindcss/vite:generate:build) was used to transform files, but didn't generate a sourcemap for the transformation. Consult the plugin documentation for help[39m[2m (x38)[22m


[43m[30m WARN [39m[49m [33m[plugin @tailwindcss/vite:generate:build] Sourcemap is likely to be incorrect: a plugin (@tailwindcss/vite:generate:build) was used to transform files, but didn't generate a sourcemap for the transformation. Consult the plugin documentation for help[39m[2m (x39)[22m


[43m[30m WARN [39m[49m [33m[plugin @tailwindcss/vite:generate:build] Sourcemap is likely to be incorrect: a plugin (@tailwindcss/vite:generate:build) was used to transform files, but didn't generate a sourcemap for the transformation. Consult the plugin documentation for help[39m[2m (x40)[22m


[43m[30m WARN [39m[49m [33m[plugin @tailwindcss/vite:generate:build] Sourcemap is likely to be incorrect: a plugin (@tailwindcss/vite:generate:build) was used to transform files, but didn't generate a sourcemap for the transformation. Consult the plugin documentation for help[39m[2m (x41)[22m


[43m[30m WARN [39m[49m [33m[plugin @tailwindcss/vite:generate:build] Sourcemap is likely to be incorrect: a plugin (@tailwindcss/vite:generate:build) was used to transform files, but didn't generate a sourcemap for the transformation. Consult the plugin documentation for help[39m[2m (x42)[22m


[43m[30m WARN [39m[49m [33m[plugin @tailwindcss/vite:generate:build] Sourcemap is likely to be incorrect: a plugin (@tailwindcss/vite:generate:build) was used to transform files, but didn't generate a sourcemap for the transformation. Consult the plugin documentation for help[39m[2m (x43)[22m


[43m[30m WARN [39m[49m [33m[plugin @tailwindcss/vite:generate:build] Sourcemap is likely to be incorrect: a plugin (@tailwindcss/vite:generate:build) was used to transform files, but didn't generate a sourcemap for the transformation. Consult the plugin documentation for help[39m[2m (x44)[22m


[43m[30m WARN [39m[49m [33m[plugin @tailwindcss/vite:generate:build] Sourcemap is likely to be incorrect: a plugin (@tailwindcss/vite:generate:build) was used to transform files, but didn't generate a sourcemap for the transformation. Consult the plugin documentation for help[39m[2m (x45)[22m


[43m[30m WARN [39m[49m [33m[plugin @tailwindcss/vite:generate:build] Sourcemap is likely to be incorrect: a plugin (@tailwindcss/vite:generate:build) was used to transform files, but didn't generate a sourcemap for the transformation. Consult the plugin documentation for help[39m[2m (x46)[22m


[43m[30m WARN [39m[49m [33m[plugin @tailwindcss/vite:generate:build] Sourcemap is likely to be incorrect: a plugin (@tailwindcss/vite:generate:build) was used to transform files, but didn't generate a sourcemap for the transformation. Consult the plugin documentation for help[39m[2m (x47)[22m


[43m[30m WARN [39m[49m [33m[plugin @tailwindcss/vite:generate:build] Sourcemap is likely to be incorrect: a plugin (@tailwindcss/vite:generate:build) was used to transform files, but didn't generate a sourcemap for the transformation. Consult the plugin documentation for help[39m[2m (x48)[22m


[43m[30m WARN [39m[49m [33m[plugin @tailwindcss/vite:generate:build] Sourcemap is likely to be incorrect: a plugin (@tailwindcss/vite:generate:build) was used to transform files, but didn't generate a sourcemap for the transformation. Consult the plugin documentation for help[39m[2m (x49)[22m


[43m[30m WARN [39m[49m [33m[plugin @tailwindcss/vite:generate:build] Sourcemap is likely to be incorrect: a plugin (@tailwindcss/vite:generate:build) was used to transform files, but didn't generate a sourcemap for the transformation. Consult the plugin documentation for help[39m[2m (x50)[22m


[43m[30m WARN [39m[49m [33m[plugin @tailwindcss/vite:generate:build] Sourcemap is likely to be incorrect: a plugin (@tailwindcss/vite:generate:build) was used to transform files, but didn't generate a sourcemap for the transformation. Consult the plugin documentation for help[39m[2m (x51)[22m


[43m[30m WARN [39m[49m [33m[plugin @tailwindcss/vite:generate:build] Sourcemap is likely to be incorrect: a plugin (@tailwindcss/vite:generate:build) was used to transform files, but didn't generate a sourcemap for the transformation. Consult the plugin documentation for help[39m[2m (x52)[22m


[43m[30m WARN [39m[49m [33m[plugin @tailwindcss/vite:generate:build] Sourcemap is likely to be incorrect: a plugin (@tailwindcss/vite:generate:build) was used to transform files, but didn't generate a sourcemap for the transformation. Consult the plugin documentation for help[39m[2m (x53)[22m


[43m[30m WARN [39m[49m [33m[plugin @tailwindcss/vite:generate:build] Sourcemap is likely to be incorrect: a plugin (@tailwindcss/vite:generate:build) was used to transform files, but didn't generate a sourcemap for the transformation. Consult the plugin documentation for help[39m[2m (x54)[22m


[43m[30m WARN [39m[49m [33m[plugin @tailwindcss/vite:generate:build] Sourcemap is likely to be incorrect: a plugin (@tailwindcss/vite:generate:build) was used to transform files, but didn't generate a sourcemap for the transformation. Consult the plugin documentation for help[39m[2m (x55)[22m


[43m[30m WARN [39m[49m [33m[plugin @tailwindcss/vite:generate:build] Sourcemap is likely to be incorrect: a plugin (@tailwindcss/vite:generate:build) was used to transform files, but didn't generate a sourcemap for the transformation. Consult the plugin documentation for help[39m[2m (x56)[22m


[43m[30m WARN [39m[49m [33m[plugin @tailwindcss/vite:generate:build] Sourcemap is likely to be incorrect: a plugin (@tailwindcss/vite:generate:build) was used to transform files, but didn't generate a sourcemap for the transformation. Consult the plugin documentation for help[39m[2m (x57)[22m


[43m[30m WARN [39m[49m [33m[plugin @tailwindcss/vite:generate:build] Sourcemap is likely to be incorrect: a plugin (@tailwindcss/vite:generate:build) was used to transform files, but didn't generate a sourcemap for the transformation. Consult the plugin documentation for help[39m[2m (x58)[22m


[43m[30m WARN [39m[49m [33m[plugin @tailwindcss/vite:generate:build] Sourcemap is likely to be incorrect: a plugin (@tailwindcss/vite:generate:build) was used to transform files, but didn't generate a sourcemap for the transformation. Consult the plugin documentation for help[39m[2m (x59)[22m

[36mℹ[39m [32m✓[39m 260 modules transformed.
[36mℹ[39m rendering chunks...
[36mℹ[39m [32m✓ built in 4.82s[39m
[32m✔[39m Server built in 4850ms
[90m[[90mnitro[90m][39m [36mℹ[39m Initializing prerenderer

[43m[30m WARN [39m[49m "file:///C:/Users/nashe/zabble-seo-01-technical/node_modules/@nuxt/nitro-server/dist/runtime/utils/cache-driver.js" is imported by " virtual:#nitro-internal-virtual/storage", but could not be resolved – treating it as an external dependency.

[90m[[90mnitro[90m][39m [36mℹ[39m Prerendering 39 initial routes with crawler
[90m[[90mnitro[90m][39m [90m  ├─ /__sitemap__/style.xsl (591ms)[39m
[90m[[90mnitro[90m][39m [90m  ├─ /robots.txt (592ms)[39m
[90m[[90mnitro[90m][39m [90m  ├─ /200.html (592ms)[39m
[90m[[90mnitro[90m][39m [90m  ├─ /404.html (592ms)[39m
[90m[[90mnitro[90m][39m [90m  ├─ /diagnose (706ms)[39m
[90m[[90mnitro[90m][39m [90m  ├─ /diagnose/_payload.json?1cb54cfb-c377-4863-83ee-38355392379c (4ms)[90m (skipped)[90m[39m
[90m[[90mnitro[90m][39m [90m  ├─ / (703ms)[39m
[90m[[90mnitro[90m][39m [90m  ├─ /systems/hospitality-booking-marketing-dashboard (707ms)[39m
[90m[[90mnitro[90m][39m [90m  ├─ /_payload.json?1cb54cfb-c377-4863-83ee-38355392379c (23ms)[90m (skipped)[90m[39m
[90m[[90mnitro[90m][39m [90m  ├─ /systems/hospitality-booking-marketing-dashboard/_payload.json?1cb54cfb-c377-4863-83ee-38355392379c (18ms)[90m (skipped)[90m[39m
[90m[[90mnitro[90m][39m [90m  ├─ /systems/workflow-orchestrator (609ms)[39m
[90m[[90mnitro[90m][39m [90m  ├─ /systems/workflow-orchestrator/_payload.json?1cb54cfb-c377-4863-83ee-38355392379c (11ms)[90m (skipped)[90m[39m
[90m[[90mnitro[90m][39m [90m  ├─ /systems/inventory-clarity (638ms)[39m
[90m[[90mnitro[90m][39m [90m  ├─ /systems/document-assembly (636ms)[39m
[90m[[90mnitro[90m][39m [90m  ├─ /systems (709ms)[39m
[90m[[90mnitro[90m][39m [90m  ├─ /systems/analytics-suite (643ms)[39m
[90m[[90mnitro[90m][39m [90m  ├─ /systems/client-onboarding (640ms)[39m
[90m[[90mnitro[90m][39m [90m  ├─ /systems/inventory-clarity/_payload.json?1cb54cfb-c377-4863-83ee-38355392379c (33ms)[90m (skipped)[90m[39m
[90m[[90mnitro[90m][39m [90m  ├─ /systems/document-assembly/_payload.json?1cb54cfb-c377-4863-83ee-38355392379c (28ms)[90m (skipped)[90m[39m
[90m[[90mnitro[90m][39m [90m  ├─ /systems/_payload.json?1cb54cfb-c377-4863-83ee-38355392379c (20ms)[90m (skipped)[90m[39m
[90m[[90mnitro[90m][39m [90m  ├─ /systems/analytics-suite/_payload.json?1cb54cfb-c377-4863-83ee-38355392379c (9ms)[90m (skipped)[90m[39m
[90m[[90mnitro[90m][39m [90m  ├─ /systems/client-onboarding/_payload.json?1cb54cfb-c377-4863-83ee-38355392379c (5ms)[90m (skipped)[90m[39m
[90m[[90mnitro[90m][39m [90m  ├─ /systems/accounting-engine (645ms)[39m
[90m[[90mnitro[90m][39m [90m  ├─ /systems/reconciliation-engine (646ms)[39m
[90m[[90mnitro[90m][39m [90m  ├─ /systems/approval-workflow (652ms)[39m
[90m[[90mnitro[90m][39m [90m  ├─ /systems/data-routing (649ms)[39m
[90m[[90mnitro[90m][39m [90m  ├─ /systems/cross-system-sync (653ms)[39m
[90m[[90mnitro[90m][39m [90m  ├─ /systems/multi-channel-inbox (655ms)[39m
[90m[[90mnitro[90m][39m [90m  ├─ /systems/decision-engine (657ms)[39m
[90m[[90mnitro[90m][39m [90m  ├─ /systems/document-intelligence (658ms)[39m
[90m[[90mnitro[90m][39m [90m  ├─ /systems/customer-360 (660ms)[39m
[90m[[90mnitro[90m][39m [90m  ├─ /systems/knowledge-assistant (663ms)[39m
[90m[[90mnitro[90m][39m [90m  ├─ /systems/lead-qualifier (665ms)[39m
[90m[[90mnitro[90m][39m [90m  ├─ /systems/legacy-bridge (667ms)[39m
[90m[[90mnitro[90m][39m [90m  ├─ /systems/task-management (671ms)[39m
[90m[[90mnitro[90m][39m [90m  ├─ /systems/case-management (669ms)[39m
[90m[[90mnitro[90m][39m [90m  ├─ /systems/field-ops-app (673ms)[39m
[90m[[90mnitro[90m][39m [90m  ├─ /systems/compliance-reporting (675ms)[39m
[90m[[90mnitro[90m][39m [90m  ├─ /systems/continuous-assurance (677ms)[39m
[90m[[90mnitro[90m][39m [90m  ├─ /systems/pricing-engine (679ms)[39m
[90m[[90mnitro[90m][39m [90m  ├─ /systems/predictive-maintenance (684ms)[39m
[90m[[90mnitro[90m][39m [90m  ├─ /systems/forecasting (681ms)[39m
[90m[[90mnitro[90m][39m [90m  ├─ /systems/master-data-hub (687ms)[39m
[90m[[90mnitro[90m][39m [90m  ├─ /systems/notification-orchestration (689ms)[39m
[90m[[90mnitro[90m][39m [90m  ├─ /systems/bespoke-crm (692ms)[39m
[90m[[90mnitro[90m][39m [90m  ├─ /systems/integration-hub (695ms)[39m
[90m[[90mnitro[90m][39m [90m  ├─ /systems/kairos (700ms)[39m
[90m[[90mnitro[90m][39m [90m  ├─ /systems/legal-intake-automation (704ms)[39m
[90m[[90mnitro[90m][39m [90m  ├─ /systems/accounting-engine/_payload.json?1cb54cfb-c377-4863-83ee-38355392379c (150ms)[90m (skipped)[90m[39m
[90m[[90mnitro[90m][39m [90m  ├─ /systems/reconciliation-engine/_payload.json?1cb54cfb-c377-4863-83ee-38355392379c (145ms)[90m (skipped)[90m[39m
[90m[[90mnitro[90m][39m [90m  ├─ /systems/approval-workflow/_payload.json?1cb54cfb-c377-4863-83ee-38355392379c (140ms)[90m (skipped)[90m[39m
[90m[[90mnitro[90m][39m [90m  ├─ /systems/data-routing/_payload.json?1cb54cfb-c377-4863-83ee-38355392379c (135ms)[90m (skipped)[90m[39m
[90m[[90mnitro[90m][39m [90m  ├─ /systems/cross-system-sync/_payload.json?1cb54cfb-c377-4863-83ee-38355392379c (129ms)[90m (skipped)[90m[39m
[90m[[90mnitro[90m][39m [90m  ├─ /systems/multi-channel-inbox/_payload.json?1cb54cfb-c377-4863-83ee-38355392379c (124ms)[90m (skipped)[90m[39m
[90m[[90mnitro[90m][39m [90m  ├─ /systems/decision-engine/_payload.json?1cb54cfb-c377-4863-83ee-38355392379c (119ms)[90m (skipped)[90m[39m
[90m[[90mnitro[90m][39m [90m  ├─ /systems/document-intelligence/_payload.json?1cb54cfb-c377-4863-83ee-38355392379c (113ms)[90m (skipped)[90m[39m
[90m[[90mnitro[90m][39m [90m  ├─ /systems/customer-360/_payload.json?1cb54cfb-c377-4863-83ee-38355392379c (106ms)[90m (skipped)[90m[39m
[90m[[90mnitro[90m][39m [90m  ├─ /systems/knowledge-assistant/_payload.json?1cb54cfb-c377-4863-83ee-38355392379c (103ms)[90m (skipped)[90m[39m
[90m[[90mnitro[90m][39m [90m  ├─ /systems/lead-qualifier/_payload.json?1cb54cfb-c377-4863-83ee-38355392379c (98ms)[90m (skipped)[90m[39m
[90m[[90mnitro[90m][39m [90m  ├─ /systems/legacy-bridge/_payload.json?1cb54cfb-c377-4863-83ee-38355392379c (90ms)[90m (skipped)[90m[39m
[90m[[90mnitro[90m][39m [90m  ├─ /systems/task-management/_payload.json?1cb54cfb-c377-4863-83ee-38355392379c (85ms)[90m (skipped)[90m[39m
[90m[[90mnitro[90m][39m [90m  ├─ /systems/case-management/_payload.json?1cb54cfb-c377-4863-83ee-38355392379c (80ms)[90m (skipped)[90m[39m
[90m[[90mnitro[90m][39m [90m  ├─ /systems/field-ops-app/_payload.json?1cb54cfb-c377-4863-83ee-38355392379c (71ms)[90m (skipped)[90m[39m
[90m[[90mnitro[90m][39m [90m  ├─ /systems/compliance-reporting/_payload.json?1cb54cfb-c377-4863-83ee-38355392379c (65ms)[90m (skipped)[90m[39m
[90m[[90mnitro[90m][39m [90m  ├─ /systems/continuous-assurance/_payload.json?1cb54cfb-c377-4863-83ee-38355392379c (60ms)[90m (skipped)[90m[39m
[90m[[90mnitro[90m][39m [90m  ├─ /systems/pricing-engine/_payload.json?1cb54cfb-c377-4863-83ee-38355392379c (54ms)[90m (skipped)[90m[39m
[90m[[90mnitro[90m][39m [90m  ├─ /systems/predictive-maintenance/_payload.json?1cb54cfb-c377-4863-83ee-38355392379c (48ms)[90m (skipped)[90m[39m
[90m[[90mnitro[90m][39m [90m  ├─ /systems/forecasting/_payload.json?1cb54cfb-c377-4863-83ee-38355392379c (43ms)[90m (skipped)[90m[39m
[90m[[90mnitro[90m][39m [90m  ├─ /systems/master-data-hub/_payload.json?1cb54cfb-c377-4863-83ee-38355392379c (38ms)[90m (skipped)[90m[39m
[90m[[90mnitro[90m][39m [90m  ├─ /systems/notification-orchestration/_payload.json?1cb54cfb-c377-4863-83ee-38355392379c (32ms)[90m (skipped)[90m[39m
[90m[[90mnitro[90m][39m [90m  ├─ /systems/bespoke-crm/_payload.json?1cb54cfb-c377-4863-83ee-38355392379c (26ms)[90m (skipped)[90m[39m
[90m[[90mnitro[90m][39m [90m  ├─ /systems/integration-hub/_payload.json?1cb54cfb-c377-4863-83ee-38355392379c (20ms)[90m (skipped)[90m[39m
[90m[[90mnitro[90m][39m [90m  ├─ /systems/kairos/_payload.json?1cb54cfb-c377-4863-83ee-38355392379c (15ms)[90m (skipped)[90m[39m
[90m[[90mnitro[90m][39m [90m  ├─ /systems/legal-intake-automation/_payload.json?1cb54cfb-c377-4863-83ee-38355392379c (11ms)[90m (skipped)[90m[39m
[90m[[90mnitro[90m][39m [90m  ├─ /systems?pillar=automation (231ms)[90m (skipped)[90m[39m
[90m[[90mnitro[90m][39m [90m  ├─ /systems?pillar=analytics (239ms)[90m (skipped)[90m[39m
[90m[[90mnitro[90m][39m [90m  ├─ /systems?pillar=audit-trails (223ms)[90m (skipped)[90m[39m
[90m[[90mnitro[90m][39m [90m  ├─ /diagnose/_payload.json (4ms)[39m
[90m[[90mnitro[90m][39m [90m  ├─ /systems?pillar=anomaly-detection (204ms)[90m (skipped)[90m[39m
[90m[[90mnitro[90m][39m [90m  ├─ /_payload.json (23ms)[39m
[90m[[90mnitro[90m][39m [90m  ├─ /systems/hospitality-booking-marketing-dashboard/_payload.json (18ms)[39m
[90m[[90mnitro[90m][39m [90m  ├─ /systems/workflow-orchestrator/_payload.json (11ms)[39m
[90m[[90mnitro[90m][39m [90m  ├─ /systems/inventory-clarity/_payload.json (34ms)[39m
[90m[[90mnitro[90m][39m [90m  ├─ /systems/document-assembly/_payload.json (28ms)[39m
[90m[[90mnitro[90m][39m [90m  ├─ /systems/_payload.json (20ms)[39m
[90m[[90mnitro[90m][39m [90m  ├─ /systems/analytics-suite/_payload.json (10ms)[39m
[90m[[90mnitro[90m][39m [90m  ├─ /systems/client-onboarding/_payload.json (5ms)[39m
[90m[[90mnitro[90m][39m [90m  ├─ /systems/accounting-engine/_payload.json (150ms)[39m
[90m[[90mnitro[90m][39m [90m  ├─ /systems/approval-workflow/_payload.json (141ms)[39m
[90m[[90mnitro[90m][39m [90m  ├─ /systems/reconciliation-engine/_payload.json (145ms)[39m
[90m[[90mnitro[90m][39m [90m  ├─ /systems/data-routing/_payload.json (135ms)[39m
[90m[[90mnitro[90m][39m [90m  ├─ /systems/decision-engine/_payload.json (119ms)[39m
[90m[[90mnitro[90m][39m [90m  ├─ /systems/multi-channel-inbox/_payload.json (124ms)[39m
[90m[[90mnitro[90m][39m [90m  ├─ /systems/cross-system-sync/_payload.json (129ms)[39m
[90m[[90mnitro[90m][39m [90m  ├─ /systems/customer-360/_payload.json (106ms)[39m
[90m[[90mnitro[90m][39m [90m  ├─ /systems/knowledge-assistant/_payload.json (103ms)[39m
[90m[[90mnitro[90m][39m [90m  ├─ /systems/lead-qualifier/_payload.json (98ms)[39m
[90m[[90mnitro[90m][39m [90m  ├─ /systems/document-intelligence/_payload.json (113ms)[39m
[90m[[90mnitro[90m][39m [90m  ├─ /systems/legacy-bridge/_payload.json (90ms)[39m
[90m[[90mnitro[90m][39m [90m  ├─ /systems/task-management/_payload.json (85ms)[39m
[90m[[90mnitro[90m][39m [90m  ├─ /systems/field-ops-app/_payload.json (70ms)[39m
[90m[[90mnitro[90m][39m [90m  ├─ /systems/case-management/_payload.json (79ms)[39m
[90m[[90mnitro[90m][39m [90m  ├─ /systems/pricing-engine/_payload.json (54ms)[39m
[90m[[90mnitro[90m][39m [90m  ├─ /systems/compliance-reporting/_payload.json (66ms)[39m
[90m[[90mnitro[90m][39m [90m  ├─ /systems/continuous-assurance/_payload.json (60ms)[39m
[90m[[90mnitro[90m][39m [90m  ├─ /systems/predictive-maintenance/_payload.json (48ms)[39m
[90m[[90mnitro[90m][39m [90m  ├─ /systems/forecasting/_payload.json (43ms)[39m
[90m[[90mnitro[90m][39m [90m  ├─ /systems/master-data-hub/_payload.json (38ms)[39m
[90m[[90mnitro[90m][39m [90m  ├─ /systems/notification-orchestration/_payload.json (32ms)[39m
[90m[[90mnitro[90m][39m [90m  ├─ /systems/bespoke-crm/_payload.json (27ms)[39m
[90m[[90mnitro[90m][39m [90m  ├─ /systems/integration-hub/_payload.json (20ms)[39m
[90m[[90mnitro[90m][39m [90m  ├─ /systems/kairos/_payload.json (15ms)[39m
[90m[[90mnitro[90m][39m [90m  ├─ /systems/legal-intake-automation/_payload.json (12ms)[39m
[90m[[90mnitro[90m][39m [90m  ├─ /sitemap.xml (12ms)[39m
[90m[[90mnitro[90m][39m [36mℹ[39m Prerendered 75 routes in 5.306 seconds
[90m[[90mnitro[90m][39m [32m✔[39m Generated public [36m.output/public[39m
[90m[[90mnitro[90m][39m [32m✔[39m You can preview this build using [36mnpx serve .output/public[39m
│
└  ✨ You can now deploy [36m.output/public[39m to any static hosting!
