
> generate
> nuxt generate

┌  [36mBuilding Nuxt for production...[39m
│
●  [32mNuxt [1m4.4.6[22m[39m[90m (with [39m[90mNitro [1m2.13.4[22m[39m[90m, Vite [1m7.3.3[22m[39m[90m and Vue [1m3.5.34[22m[39m[90m)[39m
[90m[[90m@nuxtjs/sitemap[90m][39m [36mℹ[39m No dynamic sources detected. Consider enabling [36mzeroRuntime[39m to reduce server bundle size. See https://nuxtseo.com/sitemap/guides/zero-runtime
│
●  Nitro preset: [36mstatic[39m
[36mℹ[39m Building client...
[36mℹ[39m [36mvite v7.3.3 [32mbuilding client environment for production...[36m[39m

[43m[30m WARN [39m[49m [33m[plugin nuxt:module-preload-polyfill] Sourcemap is likely to be incorrect: a plugin (nuxt:module-preload-polyfill) was used to transform files, but didn't generate a sourcemap for the transformation. Consult the plugin documentation for help[39m

[36mℹ[39m transforming...

[43m[30m WARN [39m[49m [33m[plugin @tailwindcss/vite:generate:build] Sourcemap is likely to be incorrect: a plugin (@tailwindcss/vite:generate:build) was used to transform files, but didn't generate a sourcemap for the transformation. Consult the plugin documentation for help[39m


[43m[30m WARN [39m[49m [33m[plugin @tailwindcss/vite:generate:build] Sourcemap is likely to be incorrect: a plugin (@tailwindcss/vite:generate:build) was used to transform files, but didn't generate a sourcemap for the transformation. Consult the plugin documentation for help[39m[2m (x2)[22m


[43m[30m WARN [39m[49m [33m[plugin @tailwindcss/vite:generate:build] Sourcemap is likely to be incorrect: a plugin (@tailwindcss/vite:generate:build) was used to transform files, but didn't generate a sourcemap for the transformation. Consult the plugin documentation for help[39m[2m (x3)[22m


[43m[30m WARN [39m[49m [33m[plugin @tailwindcss/vite:generate:build] Sourcemap is likely to be incorrect: a plugin (@tailwindcss/vite:generate:build) was used to transform files, but didn't generate a sourcemap for the transformation. Consult the plugin documentation for help[39m[2m (x4)[22m


[43m[30m WARN [39m[49m [33m[plugin @tailwindcss/vite:generate:build] Sourcemap is likely to be incorrect: a plugin (@tailwindcss/vite:generate:build) was used to transform files, but didn't generate a sourcemap for the transformation. Consult the plugin documentation for help[39m[2m (x5)[22m


[43m[30m WARN [39m[49m [33m[plugin @tailwindcss/vite:generate:build] Sourcemap is likely to be incorrect: a plugin (@tailwindcss/vite:generate:build) was used to transform files, but didn't generate a sourcemap for the transformation. Consult the plugin documentation for help[39m[2m (x6)[22m


[43m[30m WARN [39m[49m [33m[plugin @tailwindcss/vite:generate:build] Sourcemap is likely to be incorrect: a plugin (@tailwindcss/vite:generate:build) was used to transform files, but didn't generate a sourcemap for the transformation. Consult the plugin documentation for help[39m[2m (x7)[22m


[43m[30m WARN [39m[49m [33m[plugin @tailwindcss/vite:generate:build] Sourcemap is likely to be incorrect: a plugin (@tailwindcss/vite:generate:build) was used to transform files, but didn't generate a sourcemap for the transformation. Consult the plugin documentation for help[39m[2m (x8)[22m


[43m[30m WARN [39m[49m [33m[plugin @tailwindcss/vite:generate:build] Sourcemap is likely to be incorrect: a plugin (@tailwindcss/vite:generate:build) was used to transform files, but didn't generate a sourcemap for the transformation. Consult the plugin documentation for help[39m[2m (x9)[22m


[43m[30m WARN [39m[49m [33m[plugin @tailwindcss/vite:generate:build] Sourcemap is likely to be incorrect: a plugin (@tailwindcss/vite:generate:build) was used to transform files, but didn't generate a sourcemap for the transformation. Consult the plugin documentation for help[39m[2m (x10)[22m


[43m[30m WARN [39m[49m [33m[plugin @tailwindcss/vite:generate:build] Sourcemap is likely to be incorrect: a plugin (@tailwindcss/vite:generate:build) was used to transform files, but didn't generate a sourcemap for the transformation. Consult the plugin documentation for help[39m[2m (x11)[22m


[43m[30m WARN [39m[49m [33m[plugin @tailwindcss/vite:generate:build] Sourcemap is likely to be incorrect: a plugin (@tailwindcss/vite:generate:build) was used to transform files, but didn't generate a sourcemap for the transformation. Consult the plugin documentation for help[39m[2m (x12)[22m


[43m[30m WARN [39m[49m [33m[plugin @tailwindcss/vite:generate:build] Sourcemap is likely to be incorrect: a plugin (@tailwindcss/vite:generate:build) was used to transform files, but didn't generate a sourcemap for the transformation. Consult the plugin documentation for help[39m[2m (x13)[22m


[43m[30m WARN [39m[49m [33m[plugin @tailwindcss/vite:generate:build] Sourcemap is likely to be incorrect: a plugin (@tailwindcss/vite:generate:build) was used to transform files, but didn't generate a sourcemap for the transformation. Consult the plugin documentation for help[39m[2m (x14)[22m


[43m[30m WARN [39m[49m [33m[plugin @tailwindcss/vite:generate:build] Sourcemap is likely to be incorrect: a plugin (@tailwindcss/vite:generate:build) was used to transform files, but didn't generate a sourcemap for the transformation. Consult the plugin documentation for help[39m[2m (x15)[22m


[43m[30m WARN [39m[49m [33m[plugin @tailwindcss/vite:generate:build] Sourcemap is likely to be incorrect: a plugin (@tailwindcss/vite:generate:build) was used to transform files, but didn't generate a sourcemap for the transformation. Consult the plugin documentation for help[39m[2m (x16)[22m


[43m[30m WARN [39m[49m [33m[plugin @tailwindcss/vite:generate:build] Sourcemap is likely to be incorrect: a plugin (@tailwindcss/vite:generate:build) was used to transform files, but didn't generate a sourcemap for the transformation. Consult the plugin documentation for help[39m[2m (x17)[22m


[43m[30m WARN [39m[49m [33m[plugin @tailwindcss/vite:generate:build] Sourcemap is likely to be incorrect: a plugin (@tailwindcss/vite:generate:build) was used to transform files, but didn't generate a sourcemap for the transformation. Consult the plugin documentation for help[39m[2m (x18)[22m


[43m[30m WARN [39m[49m [33m[plugin @tailwindcss/vite:generate:build] Sourcemap is likely to be incorrect: a plugin (@tailwindcss/vite:generate:build) was used to transform files, but didn't generate a sourcemap for the transformation. Consult the plugin documentation for help[39m[2m (x19)[22m


[43m[30m WARN [39m[49m [33m[plugin @tailwindcss/vite:generate:build] Sourcemap is likely to be incorrect: a plugin (@tailwindcss/vite:generate:build) was used to transform files, but didn't generate a sourcemap for the transformation. Consult the plugin documentation for help[39m[2m (x20)[22m


[43m[30m WARN [39m[49m [33m[plugin @tailwindcss/vite:generate:build] Sourcemap is likely to be incorrect: a plugin (@tailwindcss/vite:generate:build) was used to transform files, but didn't generate a sourcemap for the transformation. Consult the plugin documentation for help[39m[2m (x21)[22m


[43m[30m WARN [39m[49m [33m[plugin @tailwindcss/vite:generate:build] Sourcemap is likely to be incorrect: a plugin (@tailwindcss/vite:generate:build) was used to transform files, but didn't generate a sourcemap for the transformation. Consult the plugin documentation for help[39m[2m (x22)[22m


[43m[30m WARN [39m[49m [33m[plugin @tailwindcss/vite:generate:build] Sourcemap is likely to be incorrect: a plugin (@tailwindcss/vite:generate:build) was used to transform files, but didn't generate a sourcemap for the transformation. Consult the plugin documentation for help[39m[2m (x23)[22m


[43m[30m WARN [39m[49m [33m[plugin @tailwindcss/vite:generate:build] Sourcemap is likely to be incorrect: a plugin (@tailwindcss/vite:generate:build) was used to transform files, but didn't generate a sourcemap for the transformation. Consult the plugin documentation for help[39m[2m (x24)[22m


[43m[30m WARN [39m[49m [33m[plugin @tailwindcss/vite:generate:build] Sourcemap is likely to be incorrect: a plugin (@tailwindcss/vite:generate:build) was used to transform files, but didn't generate a sourcemap for the transformation. Consult the plugin documentation for help[39m[2m (x25)[22m


[43m[30m WARN [39m[49m [33m[plugin @tailwindcss/vite:generate:build] Sourcemap is likely to be incorrect: a plugin (@tailwindcss/vite:generate:build) was used to transform files, but didn't generate a sourcemap for the transformation. Consult the plugin documentation for help[39m[2m (x26)[22m


[43m[30m WARN [39m[49m [33m[plugin @tailwindcss/vite:generate:build] Sourcemap is likely to be incorrect: a plugin (@tailwindcss/vite:generate:build) was used to transform files, but didn't generate a sourcemap for the transformation. Consult the plugin documentation for help[39m[2m (x27)[22m


[43m[30m WARN [39m[49m [33m[plugin @tailwindcss/vite:generate:build] Sourcemap is likely to be incorrect: a plugin (@tailwindcss/vite:generate:build) was used to transform files, but didn't generate a sourcemap for the transformation. Consult the plugin documentation for help[39m[2m (x28)[22m


[43m[30m WARN [39m[49m [33m[plugin @tailwindcss/vite:generate:build] Sourcemap is likely to be incorrect: a plugin (@tailwindcss/vite:generate:build) was used to transform files, but didn't generate a sourcemap for the transformation. Consult the plugin documentation for help[39m[2m (x29)[22m


[43m[30m WARN [39m[49m [33m[plugin @tailwindcss/vite:generate:build] Sourcemap is likely to be incorrect: a plugin (@tailwindcss/vite:generate:build) was used to transform files, but didn't generate a sourcemap for the transformation. Consult the plugin documentation for help[39m[2m (x30)[22m


[43m[30m WARN [39m[49m [33m[plugin @tailwindcss/vite:generate:build] Sourcemap is likely to be incorrect: a plugin (@tailwindcss/vite:generate:build) was used to transform files, but didn't generate a sourcemap for the transformation. Consult the plugin documentation for help[39m[2m (x31)[22m

[36mℹ[39m [32m✓[39m 2022 modules transformed.
[36mℹ[39m rendering chunks...
[36mℹ[39m computing gzip size...
[36mℹ[39m [2m../node_modules/.cache/nuxt/.nuxt/dist/client/[22m[32mmanifest.json                                  [39m[1m[2m 40.00 kB[22m[1m[22m[2m │ gzip:   5.17 kB[22m
[36mℹ[39m [2m../node_modules/.cache/nuxt/.nuxt/dist/client/[22m[35m_nuxt/legacy-bridge.B6uRNbS8.css               [39m[1m[2m  0.10 kB[22m[1m[22m[2m │ gzip:   0.11 kB[22m
[36mℹ[39m [2m../node_modules/.cache/nuxt/.nuxt/dist/client/[22m[35m_nuxt/task-management._lpTBZBu.css             [39m[1m[2m  0.65 kB[22m[1m[22m[2m │ gzip:   0.28 kB[22m
[36mℹ[39m [2m../node_modules/.cache/nuxt/.nuxt/dist/client/[22m[35m_nuxt/field-ops-app.B8mxI1mT.css               [39m[1m[2m  0.78 kB[22m[1m[22m[2m │ gzip:   0.36 kB[22m
[36mℹ[39m [2m../node_modules/.cache/nuxt/.nuxt/dist/client/[22m[35m_nuxt/continuous-assurance.BAVRxXfc.css        [39m[1m[2m  0.84 kB[22m[1m[22m[2m │ gzip:   0.34 kB[22m
[36mℹ[39m [2m../node_modules/.cache/nuxt/.nuxt/dist/client/[22m[35m_nuxt/predictive-maintenance.C79S0gSy.css      [39m[1m[2m  0.84 kB[22m[1m[22m[2m │ gzip:   0.29 kB[22m
[36mℹ[39m [2m../node_modules/.cache/nuxt/.nuxt/dist/client/[22m[35m_nuxt/bespoke-crm.BTdNPgwp.css                 [39m[1m[2m  0.89 kB[22m[1m[22m[2m │ gzip:   0.39 kB[22m
[36mℹ[39m [2m../node_modules/.cache/nuxt/.nuxt/dist/client/[22m[35m_nuxt/customer-360.Sv8rZ7bC.css                [39m[1m[2m  1.00 kB[22m[1m[22m[2m │ gzip:   0.39 kB[22m
[36mℹ[39m [2m../node_modules/.cache/nuxt/.nuxt/dist/client/[22m[35m_nuxt/master-data-hub.B14rFqFF.css             [39m[1m[2m  1.08 kB[22m[1m[22m[2m │ gzip:   0.39 kB[22m
[36mℹ[39m [2m../node_modules/.cache/nuxt/.nuxt/dist/client/[22m[35m_nuxt/case-management.BjisYJej.css             [39m[1m[2m  1.17 kB[22m[1m[22m[2m │ gzip:   0.41 kB[22m
[36mℹ[39m [2m../node_modules/.cache/nuxt/.nuxt/dist/client/[22m[35m_nuxt/compliance-reporting.DjQGmnjF.css        [39m[1m[2m  1.21 kB[22m[1m[22m[2m │ gzip:   0.48 kB[22m
[36mℹ[39m [2m../node_modules/.cache/nuxt/.nuxt/dist/client/[22m[35m_nuxt/multi-channel-inbox.DRgmFMu2.css         [39m[1m[2m  1.34 kB[22m[1m[22m[2m │ gzip:   0.55 kB[22m
[36mℹ[39m [2m../node_modules/.cache/nuxt/.nuxt/dist/client/[22m[35m_nuxt/lead-qualifier.CyA2cm8t.css              [39m[1m[2m  1.47 kB[22m[1m[22m[2m │ gzip:   0.49 kB[22m
[36mℹ[39m [2m../node_modules/.cache/nuxt/.nuxt/dist/client/[22m[35m_nuxt/forecasting.bsZYySqH.css                 [39m[1m[2m  1.54 kB[22m[1m[22m[2m │ gzip:   0.54 kB[22m
[36mℹ[39m [2m../node_modules/.cache/nuxt/.nuxt/dist/client/[22m[35m_nuxt/decision-engine.D7t4D83L.css             [39m[1m[2m  1.56 kB[22m[1m[22m[2m │ gzip:   0.50 kB[22m
[36mℹ[39m [2m../node_modules/.cache/nuxt/.nuxt/dist/client/[22m[35m_nuxt/notification-orchestration.BpPbbgDr.css  [39m[1m[2m  1.82 kB[22m[1m[22m[2m │ gzip:   0.81 kB[22m
[36mℹ[39m [2m../node_modules/.cache/nuxt/.nuxt/dist/client/[22m[35m_nuxt/approval-workflow.DKAD8ik3.css           [39m[1m[2m  2.46 kB[22m[1m[22m[2m │ gzip:   0.71 kB[22m
[36mℹ[39m [2m../node_modules/.cache/nuxt/.nuxt/dist/client/[22m[35m_nuxt/document-intelligence.DpbOEpyP.css       [39m[1m[2m  2.78 kB[22m[1m[22m[2m │ gzip:   0.94 kB[22m
[36mℹ[39m [2m../node_modules/.cache/nuxt/.nuxt/dist/client/[22m[35m_nuxt/diagnose.DtmhewcO.css                    [39m[1m[2m  2.81 kB[22m[1m[22m[2m │ gzip:   0.86 kB[22m
[36mℹ[39m [2m../node_modules/.cache/nuxt/.nuxt/dist/client/[22m[35m_nuxt/knowledge-assistant.AbqnYiAg.css         [39m[1m[2m  3.16 kB[22m[1m[22m[2m │ gzip:   0.90 kB[22m
[36mℹ[39m [2m../node_modules/.cache/nuxt/.nuxt/dist/client/[22m[35m_nuxt/pricing-engine.De2lZIbM.css              [39m[1m[2m  3.28 kB[22m[1m[22m[2m │ gzip:   0.82 kB[22m
[36mℹ[39m [2m../node_modules/.cache/nuxt/.nuxt/dist/client/[22m[35m_nuxt/integration-hub.BzriYACr.css             [39m[1m[2m  5.08 kB[22m[1m[22m[2m │ gzip:   1.46 kB[22m
[36mℹ[39m [2m../node_modules/.cache/nuxt/.nuxt/dist/client/[22m[35m_nuxt/index.NscShmY2.css                       [39m[1m[2m  6.72 kB[22m[1m[22m[2m │ gzip:   1.78 kB[22m
[36mℹ[39m [2m../node_modules/.cache/nuxt/.nuxt/dist/client/[22m[35m_nuxt/kairos.Dy3d3Wns.css                      [39m[1m[2m 28.15 kB[22m[1m[22m[2m │ gzip:   4.76 kB[22m
[36mℹ[39m [2m../node_modules/.cache/nuxt/.nuxt/dist/client/[22m[35m_nuxt/entry.Cie1gDHs.css                       [39m[1m[2m137.96 kB[22m[1m[22m[2m │ gzip:  21.76 kB[22m
[36mℹ[39m [2m../node_modules/.cache/nuxt/.nuxt/dist/client/[22m[36m_nuxt/BpNbBpdS.js                              [39m[1m[2m  0.06 kB[22m[1m[22m[2m │ gzip:   0.08 kB[22m
[36mℹ[39m [2m../node_modules/.cache/nuxt/.nuxt/dist/client/[22m[36m_nuxt/QcZKycca.js                              [39m[1m[2m  0.12 kB[22m[1m[22m[2m │ gzip:   0.13 kB[22m
[36mℹ[39m [2m../node_modules/.cache/nuxt/.nuxt/dist/client/[22m[36m_nuxt/IbAcslif.js                              [39m[1m[2m  0.12 kB[22m[1m[22m[2m │ gzip:   0.14 kB[22m
[36mℹ[39m [2m../node_modules/.cache/nuxt/.nuxt/dist/client/[22m[36m_nuxt/Bm4WlPCH.js                              [39m[1m[2m  0.13 kB[22m[1m[22m[2m │ gzip:   0.14 kB[22m
[36mℹ[39m [2m../node_modules/.cache/nuxt/.nuxt/dist/client/[22m[36m_nuxt/D10mZnhX.js                              [39m[1m[2m  0.13 kB[22m[1m[22m[2m │ gzip:   0.14 kB[22m
[36mℹ[39m [2m../node_modules/.cache/nuxt/.nuxt/dist/client/[22m[36m_nuxt/DxYCvYAI.js                              [39m[1m[2m  0.14 kB[22m[1m[22m[2m │ gzip:   0.15 kB[22m
[36mℹ[39m [2m../node_modules/.cache/nuxt/.nuxt/dist/client/[22m[36m_nuxt/DeeAWSAg.js                              [39m[1m[2m  0.15 kB[22m[1m[22m[2m │ gzip:   0.15 kB[22m
[36mℹ[39m [2m../node_modules/.cache/nuxt/.nuxt/dist/client/[22m[36m_nuxt/ClGrR0oB.js                              [39m[1m[2m  0.16 kB[22m[1m[22m[2m │ gzip:   0.16 kB[22m
[36mℹ[39m [2m../node_modules/.cache/nuxt/.nuxt/dist/client/[22m[36m_nuxt/WDK3Kj_g.js                              [39m[1m[2m  0.16 kB[22m[1m[22m[2m │ gzip:   0.16 kB[22m
[36mℹ[39m [2m../node_modules/.cache/nuxt/.nuxt/dist/client/[22m[36m_nuxt/Ck6EYOJy.js                              [39m[1m[2m  0.16 kB[22m[1m[22m[2m │ gzip:   0.16 kB[22m
[36mℹ[39m [2m../node_modules/.cache/nuxt/.nuxt/dist/client/[22m[36m_nuxt/PKr-pUhT.js                              [39m[1m[2m  0.17 kB[22m[1m[22m[2m │ gzip:   0.16 kB[22m
[36mℹ[39m [2m../node_modules/.cache/nuxt/.nuxt/dist/client/[22m[36m_nuxt/B_uZBqCJ.js                              [39m[1m[2m  0.17 kB[22m[1m[22m[2m │ gzip:   0.16 kB[22m
[36mℹ[39m [2m../node_modules/.cache/nuxt/.nuxt/dist/client/[22m[36m_nuxt/Bpn4fNi6.js                              [39m[1m[2m  0.17 kB[22m[1m[22m[2m │ gzip:   0.17 kB[22m
[36mℹ[39m [2m../node_modules/.cache/nuxt/.nuxt/dist/client/[22m[36m_nuxt/Bu68iDcP.js                              [39m[1m[2m  0.17 kB[22m[1m[22m[2m │ gzip:   0.17 kB[22m
[36mℹ[39m [2m../node_modules/.cache/nuxt/.nuxt/dist/client/[22m[36m_nuxt/CVrNSrPw.js                              [39m[1m[2m  0.17 kB[22m[1m[22m[2m │ gzip:   0.16 kB[22m
[36mℹ[39m [2m../node_modules/.cache/nuxt/.nuxt/dist/client/[22m[36m_nuxt/B-82itJK.js                              [39m[1m[2m  0.18 kB[22m[1m[22m[2m │ gzip:   0.15 kB[22m
[36mℹ[39m [2m../node_modules/.cache/nuxt/.nuxt/dist/client/[22m[36m_nuxt/CNz6YlSm.js                              [39m[1m[2m  0.18 kB[22m[1m[22m[2m │ gzip:   0.17 kB[22m
[36mℹ[39m [2m../node_modules/.cache/nuxt/.nuxt/dist/client/[22m[36m_nuxt/Djv_2whq.js                              [39m[1m[2m  0.19 kB[22m[1m[22m[2m │ gzip:   0.18 kB[22m
[36mℹ[39m [2m../node_modules/.cache/nuxt/.nuxt/dist/client/[22m[36m_nuxt/MoT0Nh2a.js                              [39m[1m[2m  0.19 kB[22m[1m[22m[2m │ gzip:   0.18 kB[22m
[36mℹ[39m [2m../node_modules/.cache/nuxt/.nuxt/dist/client/[22m[36m_nuxt/ndgij2w_.js                              [39m[1m[2m  0.20 kB[22m[1m[22m[2m │ gzip:   0.18 kB[22m
[36mℹ[39m [2m../node_modules/.cache/nuxt/.nuxt/dist/client/[22m[36m_nuxt/CUqFy6dm.js                              [39m[1m[2m  0.20 kB[22m[1m[22m[2m │ gzip:   0.18 kB[22m
[36mℹ[39m [2m../node_modules/.cache/nuxt/.nuxt/dist/client/[22m[36m_nuxt/DMZfvnIu.js                              [39m[1m[2m  0.20 kB[22m[1m[22m[2m │ gzip:   0.19 kB[22m
[36mℹ[39m [2m../node_modules/.cache/nuxt/.nuxt/dist/client/[22m[36m_nuxt/DUxJSEoI.js                              [39m[1m[2m  0.20 kB[22m[1m[22m[2m │ gzip:   0.18 kB[22m
[36mℹ[39m [2m../node_modules/.cache/nuxt/.nuxt/dist/client/[22m[36m_nuxt/Dmmh7pGT.js                              [39m[1m[2m  0.20 kB[22m[1m[22m[2m │ gzip:   0.17 kB[22m
[36mℹ[39m [2m../node_modules/.cache/nuxt/.nuxt/dist/client/[22m[36m_nuxt/8Cam5dDa.js                              [39m[1m[2m  0.21 kB[22m[1m[22m[2m │ gzip:   0.16 kB[22m
[36mℹ[39m [2m../node_modules/.cache/nuxt/.nuxt/dist/client/[22m[36m_nuxt/BPaKAHBD.js                              [39m[1m[2m  0.22 kB[22m[1m[22m[2m │ gzip:   0.19 kB[22m
[36mℹ[39m [2m../node_modules/.cache/nuxt/.nuxt/dist/client/[22m[36m_nuxt/Zr-04E34.js                              [39m[1m[2m  0.22 kB[22m[1m[22m[2m │ gzip:   0.16 kB[22m
[36mℹ[39m [2m../node_modules/.cache/nuxt/.nuxt/dist/client/[22m[36m_nuxt/BmK4l1UU.js                              [39m[1m[2m  0.22 kB[22m[1m[22m[2m │ gzip:   0.19 kB[22m
[36mℹ[39m [2m../node_modules/.cache/nuxt/.nuxt/dist/client/[22m[36m_nuxt/DJgYghDJ.js                              [39m[1m[2m  0.23 kB[22m[1m[22m[2m │ gzip:   0.20 kB[22m
[36mℹ[39m [2m../node_modules/.cache/nuxt/.nuxt/dist/client/[22m[36m_nuxt/CoiBaOAx.js                              [39m[1m[2m  0.23 kB[22m[1m[22m[2m │ gzip:   0.20 kB[22m
[36mℹ[39m [2m../node_modules/.cache/nuxt/.nuxt/dist/client/[22m[36m_nuxt/XX4mAODI.js                              [39m[1m[2m  0.23 kB[22m[1m[22m[2m │ gzip:   0.19 kB[22m
[36mℹ[39m [2m../node_modules/.cache/nuxt/.nuxt/dist/client/[22m[36m_nuxt/DC0rzdBG.js                              [39m[1m[2m  0.23 kB[22m[1m[22m[2m │ gzip:   0.18 kB[22m
[36mℹ[39m [2m../node_modules/.cache/nuxt/.nuxt/dist/client/[22m[36m_nuxt/CJ2Ww8PD.js                              [39m[1m[2m  0.24 kB[22m[1m[22m[2m │ gzip:   0.21 kB[22m
[36mℹ[39m [2m../node_modules/.cache/nuxt/.nuxt/dist/client/[22m[36m_nuxt/DXoauRk8.js                              [39m[1m[2m  0.24 kB[22m[1m[22m[2m │ gzip:   0.19 kB[22m
[36mℹ[39m [2m../node_modules/.cache/nuxt/.nuxt/dist/client/[22m[36m_nuxt/CEshC1cJ.js                              [39m[1m[2m  0.24 kB[22m[1m[22m[2m │ gzip:   0.20 kB[22m
[36mℹ[39m [2m../node_modules/.cache/nuxt/.nuxt/dist/client/[22m[36m_nuxt/C0-Of6_G.js                              [39m[1m[2m  0.24 kB[22m[1m[22m[2m │ gzip:   0.20 kB[22m
[36mℹ[39m [2m../node_modules/.cache/nuxt/.nuxt/dist/client/[22m[36m_nuxt/EUxNtl3K.js                              [39m[1m[2m  0.24 kB[22m[1m[22m[2m │ gzip:   0.21 kB[22m
[36mℹ[39m [2m../node_modules/.cache/nuxt/.nuxt/dist/client/[22m[36m_nuxt/BeQGomtt.js                              [39m[1m[2m  0.25 kB[22m[1m[22m[2m │ gzip:   0.18 kB[22m
[36mℹ[39m [2m../node_modules/.cache/nuxt/.nuxt/dist/client/[22m[36m_nuxt/YhrLeb3y.js                              [39m[1m[2m  0.25 kB[22m[1m[22m[2m │ gzip:   0.21 kB[22m
[36mℹ[39m [2m../node_modules/.cache/nuxt/.nuxt/dist/client/[22m[36m_nuxt/CKhQRbmD.js                              [39m[1m[2m  0.25 kB[22m[1m[22m[2m │ gzip:   0.21 kB[22m
[36mℹ[39m [2m../node_modules/.cache/nuxt/.nuxt/dist/client/[22m[36m_nuxt/DWp6Ct2Q.js                              [39m[1m[2m  0.25 kB[22m[1m[22m[2m │ gzip:   0.20 kB[22m
[36mℹ[39m [2m../node_modules/.cache/nuxt/.nuxt/dist/client/[22m[36m_nuxt/D7V8gslN.js                              [39m[1m[2m  0.25 kB[22m[1m[22m[2m │ gzip:   0.20 kB[22m
[36mℹ[39m [2m../node_modules/.cache/nuxt/.nuxt/dist/client/[22m[36m_nuxt/CqD79Ktt.js                              [39m[1m[2m  0.25 kB[22m[1m[22m[2m │ gzip:   0.22 kB[22m
[36mℹ[39m [2m../node_modules/.cache/nuxt/.nuxt/dist/client/[22m[36m_nuxt/CLVceZRi.js                              [39m[1m[2m  0.26 kB[22m[1m[22m[2m │ gzip:   0.20 kB[22m
[36mℹ[39m [2m../node_modules/.cache/nuxt/.nuxt/dist/client/[22m[36m_nuxt/CNeTcBu4.js                              [39m[1m[2m  0.26 kB[22m[1m[22m[2m │ gzip:   0.21 kB[22m
[36mℹ[39m [2m../node_modules/.cache/nuxt/.nuxt/dist/client/[22m[36m_nuxt/BpA_bk2X.js                              [39m[1m[2m  0.27 kB[22m[1m[22m[2m │ gzip:   0.20 kB[22m
[36mℹ[39m [2m../node_modules/.cache/nuxt/.nuxt/dist/client/[22m[36m_nuxt/CZyp302M.js                              [39m[1m[2m  0.27 kB[22m[1m[22m[2m │ gzip:   0.22 kB[22m
[36mℹ[39m [2m../node_modules/.cache/nuxt/.nuxt/dist/client/[22m[36m_nuxt/nr_kr50d.js                              [39m[1m[2m  0.27 kB[22m[1m[22m[2m │ gzip:   0.22 kB[22m
[36mℹ[39m [2m../node_modules/.cache/nuxt/.nuxt/dist/client/[22m[36m_nuxt/DDtGsRgh.js                              [39m[1m[2m  0.27 kB[22m[1m[22m[2m │ gzip:   0.18 kB[22m
[36mℹ[39m [2m../node_modules/.cache/nuxt/.nuxt/dist/client/[22m[36m_nuxt/DCXPDG5W.js                              [39m[1m[2m  0.27 kB[22m[1m[22m[2m │ gzip:   0.20 kB[22m
[36mℹ[39m [2m../node_modules/.cache/nuxt/.nuxt/dist/client/[22m[36m_nuxt/Cl7laJ3_.js                              [39m[1m[2m  0.28 kB[22m[1m[22m[2m │ gzip:   0.19 kB[22m
[36mℹ[39m [2m../node_modules/.cache/nuxt/.nuxt/dist/client/[22m[36m_nuxt/DNyiuNRC.js                              [39m[1m[2m  0.28 kB[22m[1m[22m[2m │ gzip:   0.20 kB[22m
[36mℹ[39m [2m../node_modules/.cache/nuxt/.nuxt/dist/client/[22m[36m_nuxt/tCv1iEaG.js                              [39m[1m[2m  0.28 kB[22m[1m[22m[2m │ gzip:   0.23 kB[22m
[36mℹ[39m [2m../node_modules/.cache/nuxt/.nuxt/dist/client/[22m[36m_nuxt/DaXd11zk.js                              [39m[1m[2m  0.28 kB[22m[1m[22m[2m │ gzip:   0.20 kB[22m
[36mℹ[39m [2m../node_modules/.cache/nuxt/.nuxt/dist/client/[22m[36m_nuxt/DZ_SY-pk.js                              [39m[1m[2m  0.29 kB[22m[1m[22m[2m │ gzip:   0.23 kB[22m
[36mℹ[39m [2m../node_modules/.cache/nuxt/.nuxt/dist/client/[22m[36m_nuxt/DspXxs2X.js                              [39m[1m[2m  0.29 kB[22m[1m[22m[2m │ gzip:   0.23 kB[22m
[36mℹ[39m [2m../node_modules/.cache/nuxt/.nuxt/dist/client/[22m[36m_nuxt/DFGxMuY3.js                              [39m[1m[2m  0.29 kB[22m[1m[22m[2m │ gzip:   0.23 kB[22m
[36mℹ[39m [2m../node_modules/.cache/nuxt/.nuxt/dist/client/[22m[36m_nuxt/jtwRqfyh.js                              [39m[1m[2m  0.29 kB[22m[1m[22m[2m │ gzip:   0.19 kB[22m
[36mℹ[39m [2m../node_modules/.cache/nuxt/.nuxt/dist/client/[22m[36m_nuxt/ChXt_XOy.js                              [39m[1m[2m  0.30 kB[22m[1m[22m[2m │ gzip:   0.23 kB[22m
[36mℹ[39m [2m../node_modules/.cache/nuxt/.nuxt/dist/client/[22m[36m_nuxt/C1PXx0gm.js                              [39m[1m[2m  0.30 kB[22m[1m[22m[2m │ gzip:   0.23 kB[22m
[36mℹ[39m [2m../node_modules/.cache/nuxt/.nuxt/dist/client/[22m[36m_nuxt/DUmM0Onl.js                              [39m[1m[2m  0.30 kB[22m[1m[22m[2m │ gzip:   0.22 kB[22m
[36mℹ[39m [2m../node_modules/.cache/nuxt/.nuxt/dist/client/[22m[36m_nuxt/DyhBca1Y.js                              [39m[1m[2m  0.30 kB[22m[1m[22m[2m │ gzip:   0.22 kB[22m
[36mℹ[39m [2m../node_modules/.cache/nuxt/.nuxt/dist/client/[22m[36m_nuxt/34CEHgew.js                              [39m[1m[2m  0.31 kB[22m[1m[22m[2m │ gzip:   0.22 kB[22m
[36mℹ[39m [2m../node_modules/.cache/nuxt/.nuxt/dist/client/[22m[36m_nuxt/DhAFPeij.js                              [39m[1m[2m  0.31 kB[22m[1m[22m[2m │ gzip:   0.23 kB[22m
[36mℹ[39m [2m../node_modules/.cache/nuxt/.nuxt/dist/client/[22m[36m_nuxt/jk4ExLkw.js                              [39m[1m[2m  0.31 kB[22m[1m[22m[2m │ gzip:   0.23 kB[22m
[36mℹ[39m [2m../node_modules/.cache/nuxt/.nuxt/dist/client/[22m[36m_nuxt/k-DeEwIt.js                              [39m[1m[2m  0.32 kB[22m[1m[22m[2m │ gzip:   0.22 kB[22m
[36mℹ[39m [2m../node_modules/.cache/nuxt/.nuxt/dist/client/[22m[36m_nuxt/xAwjNNT3.js                              [39m[1m[2m  0.32 kB[22m[1m[22m[2m │ gzip:   0.22 kB[22m
[36mℹ[39m [2m../node_modules/.cache/nuxt/.nuxt/dist/client/[22m[36m_nuxt/D0cGUULp.js                              [39m[1m[2m  0.32 kB[22m[1m[22m[2m │ gzip:   0.21 kB[22m
[36mℹ[39m [2m../node_modules/.cache/nuxt/.nuxt/dist/client/[22m[36m_nuxt/DW4AZBEy.js                              [39m[1m[2m  0.32 kB[22m[1m[22m[2m │ gzip:   0.22 kB[22m
[36mℹ[39m [2m../node_modules/.cache/nuxt/.nuxt/dist/client/[22m[36m_nuxt/DWPc96SP.js                              [39m[1m[2m  0.32 kB[22m[1m[22m[2m │ gzip:   0.24 kB[22m
[36mℹ[39m [2m../node_modules/.cache/nuxt/.nuxt/dist/client/[22m[36m_nuxt/D7hwlHX4.js                              [39m[1m[2m  0.32 kB[22m[1m[22m[2m │ gzip:   0.25 kB[22m
[36mℹ[39m [2m../node_modules/.cache/nuxt/.nuxt/dist/client/[22m[36m_nuxt/t6e25e1v.js                              [39m[1m[2m  0.32 kB[22m[1m[22m[2m │ gzip:   0.21 kB[22m
[36mℹ[39m [2m../node_modules/.cache/nuxt/.nuxt/dist/client/[22m[36m_nuxt/BujBNONu.js                              [39m[1m[2m  0.33 kB[22m[1m[22m[2m │ gzip:   0.22 kB[22m
[36mℹ[39m [2m../node_modules/.cache/nuxt/.nuxt/dist/client/[22m[36m_nuxt/CnVEiqua.js                              [39m[1m[2m  0.33 kB[22m[1m[22m[2m │ gzip:   0.22 kB[22m
[36mℹ[39m [2m../node_modules/.cache/nuxt/.nuxt/dist/client/[22m[36m_nuxt/l1TmsTa6.js                              [39m[1m[2m  0.33 kB[22m[1m[22m[2m │ gzip:   0.21 kB[22m
[36mℹ[39m [2m../node_modules/.cache/nuxt/.nuxt/dist/client/[22m[36m_nuxt/DvopEEMc.js                              [39m[1m[2m  0.34 kB[22m[1m[22m[2m │ gzip:   0.24 kB[22m
[36mℹ[39m [2m../node_modules/.cache/nuxt/.nuxt/dist/client/[22m[36m_nuxt/DW6cBwNA.js                              [39m[1m[2m  0.34 kB[22m[1m[22m[2m │ gzip:   0.23 kB[22m
[36mℹ[39m [2m../node_modules/.cache/nuxt/.nuxt/dist/client/[22m[36m_nuxt/C_McqXS0.js                              [39m[1m[2m  0.35 kB[22m[1m[22m[2m │ gzip:   0.26 kB[22m
[36mℹ[39m [2m../node_modules/.cache/nuxt/.nuxt/dist/client/[22m[36m_nuxt/DklhzSXE.js                              [39m[1m[2m  0.36 kB[22m[1m[22m[2m │ gzip:   0.24 kB[22m
[36mℹ[39m [2m../node_modules/.cache/nuxt/.nuxt/dist/client/[22m[36m_nuxt/BefAqyru.js                              [39m[1m[2m  0.37 kB[22m[1m[22m[2m │ gzip:   0.25 kB[22m
[36mℹ[39m [2m../node_modules/.cache/nuxt/.nuxt/dist/client/[22m[36m_nuxt/Jz1ERWsQ.js                              [39m[1m[2m  0.37 kB[22m[1m[22m[2m │ gzip:   0.25 kB[22m
[36mℹ[39m [2m../node_modules/.cache/nuxt/.nuxt/dist/client/[22m[36m_nuxt/C2NrVLp-.js                              [39m[1m[2m  0.38 kB[22m[1m[22m[2m │ gzip:   0.22 kB[22m
[36mℹ[39m [2m../node_modules/.cache/nuxt/.nuxt/dist/client/[22m[36m_nuxt/DC7uS18x.js                              [39m[1m[2m  0.38 kB[22m[1m[22m[2m │ gzip:   0.24 kB[22m
[36mℹ[39m [2m../node_modules/.cache/nuxt/.nuxt/dist/client/[22m[36m_nuxt/Dci4AjVK.js                              [39m[1m[2m  0.38 kB[22m[1m[22m[2m │ gzip:   0.23 kB[22m
[36mℹ[39m [2m../node_modules/.cache/nuxt/.nuxt/dist/client/[22m[36m_nuxt/DZaB3r1i.js                              [39m[1m[2m  0.38 kB[22m[1m[22m[2m │ gzip:   0.25 kB[22m
[36mℹ[39m [2m../node_modules/.cache/nuxt/.nuxt/dist/client/[22m[36m_nuxt/Bhk6ZHdG.js                              [39m[1m[2m  0.38 kB[22m[1m[22m[2m │ gzip:   0.24 kB[22m
[36mℹ[39m [2m../node_modules/.cache/nuxt/.nuxt/dist/client/[22m[36m_nuxt/CpgNJzyb.js                              [39m[1m[2m  0.40 kB[22m[1m[22m[2m │ gzip:   0.27 kB[22m
[36mℹ[39m [2m../node_modules/.cache/nuxt/.nuxt/dist/client/[22m[36m_nuxt/OfUGPNtk.js                              [39m[1m[2m  0.41 kB[22m[1m[22m[2m │ gzip:   0.26 kB[22m
[36mℹ[39m [2m../node_modules/.cache/nuxt/.nuxt/dist/client/[22m[36m_nuxt/DgmfCZ88.js                              [39m[1m[2m  0.41 kB[22m[1m[22m[2m │ gzip:   0.28 kB[22m
[36mℹ[39m [2m../node_modules/.cache/nuxt/.nuxt/dist/client/[22m[36m_nuxt/idgdxt0d.js                              [39m[1m[2m  0.42 kB[22m[1m[22m[2m │ gzip:   0.24 kB[22m
[36mℹ[39m [2m../node_modules/.cache/nuxt/.nuxt/dist/client/[22m[36m_nuxt/85ongLRZ.js                              [39m[1m[2m  0.42 kB[22m[1m[22m[2m │ gzip:   0.24 kB[22m
[36mℹ[39m [2m../node_modules/.cache/nuxt/.nuxt/dist/client/[22m[36m_nuxt/CRlaJ10A.js                              [39m[1m[2m  0.42 kB[22m[1m[22m[2m │ gzip:   0.26 kB[22m
[36mℹ[39m [2m../node_modules/.cache/nuxt/.nuxt/dist/client/[22m[36m_nuxt/CIvJRSqb.js                              [39m[1m[2m  0.44 kB[22m[1m[22m[2m │ gzip:   0.28 kB[22m
[36mℹ[39m [2m../node_modules/.cache/nuxt/.nuxt/dist/client/[22m[36m_nuxt/BUiLcNFo.js                              [39m[1m[2m  0.45 kB[22m[1m[22m[2m │ gzip:   0.29 kB[22m
[36mℹ[39m [2m../node_modules/.cache/nuxt/.nuxt/dist/client/[22m[36m_nuxt/C8WBttC8.js                              [39m[1m[2m  0.47 kB[22m[1m[22m[2m │ gzip:   0.29 kB[22m
[36mℹ[39m [2m../node_modules/.cache/nuxt/.nuxt/dist/client/[22m[36m_nuxt/CekflGW5.js                              [39m[1m[2m  0.49 kB[22m[1m[22m[2m │ gzip:   0.27 kB[22m
[36mℹ[39m [2m../node_modules/.cache/nuxt/.nuxt/dist/client/[22m[36m_nuxt/C3jBYL23.js                              [39m[1m[2m  0.49 kB[22m[1m[22m[2m │ gzip:   0.28 kB[22m
[36mℹ[39m [2m../node_modules/.cache/nuxt/.nuxt/dist/client/[22m[36m_nuxt/8YDjRvrb.js                              [39m[1m[2m  0.49 kB[22m[1m[22m[2m │ gzip:   0.28 kB[22m
[36mℹ[39m [2m../node_modules/.cache/nuxt/.nuxt/dist/client/[22m[36m_nuxt/BGugPi1w.js                              [39m[1m[2m  0.51 kB[22m[1m[22m[2m │ gzip:   0.29 kB[22m
[36mℹ[39m [2m../node_modules/.cache/nuxt/.nuxt/dist/client/[22m[36m_nuxt/B1EFgQYW.js                              [39m[1m[2m  0.53 kB[22m[1m[22m[2m │ gzip:   0.28 kB[22m
[36mℹ[39m [2m../node_modules/.cache/nuxt/.nuxt/dist/client/[22m[36m_nuxt/BXfNt7F_.js                              [39m[1m[2m  0.53 kB[22m[1m[22m[2m │ gzip:   0.32 kB[22m
[36mℹ[39m [2m../node_modules/.cache/nuxt/.nuxt/dist/client/[22m[36m_nuxt/D_AWYxau.js                              [39m[1m[2m  0.62 kB[22m[1m[22m[2m │ gzip:   0.32 kB[22m
[36mℹ[39m [2m../node_modules/.cache/nuxt/.nuxt/dist/client/[22m[36m_nuxt/ZnRZ3hIp.js                              [39m[1m[2m  0.65 kB[22m[1m[22m[2m │ gzip:   0.28 kB[22m
[36mℹ[39m [2m../node_modules/.cache/nuxt/.nuxt/dist/client/[22m[36m_nuxt/CjdzptUQ.js                              [39m[1m[2m  0.67 kB[22m[1m[22m[2m │ gzip:   0.32 kB[22m
[36mℹ[39m [2m../node_modules/.cache/nuxt/.nuxt/dist/client/[22m[36m_nuxt/C2uE_lGd.js                              [39m[1m[2m  0.85 kB[22m[1m[22m[2m │ gzip:   0.39 kB[22m
[36mℹ[39m [2m../node_modules/.cache/nuxt/.nuxt/dist/client/[22m[36m_nuxt/BqgA2huX.js                              [39m[1m[2m  0.90 kB[22m[1m[22m[2m │ gzip:   0.42 kB[22m
[36mℹ[39m [2m../node_modules/.cache/nuxt/.nuxt/dist/client/[22m[36m_nuxt/qc6uExDG.js                              [39m[1m[2m  9.83 kB[22m[1m[22m[2m │ gzip:   4.02 kB[22m
[36mℹ[39m [2m../node_modules/.cache/nuxt/.nuxt/dist/client/[22m[36m_nuxt/D5PKfpzb.js                              [39m[1m[2m 10.05 kB[22m[1m[22m[2m │ gzip:   3.43 kB[22m
[36mℹ[39m [2m../node_modules/.cache/nuxt/.nuxt/dist/client/[22m[36m_nuxt/DLkOb-Oz.js                              [39m[1m[2m 10.92 kB[22m[1m[22m[2m │ gzip:   4.46 kB[22m
[36mℹ[39m [2m../node_modules/.cache/nuxt/.nuxt/dist/client/[22m[36m_nuxt/Cc15kEXh.js                              [39m[1m[2m 21.65 kB[22m[1m[22m[2m │ gzip:   6.31 kB[22m
[36mℹ[39m [2m../node_modules/.cache/nuxt/.nuxt/dist/client/[22m[36m_nuxt/BQTbTRaI.js                              [39m[1m[2m 24.69 kB[22m[1m[22m[2m │ gzip:   7.65 kB[22m
[36mℹ[39m [2m../node_modules/.cache/nuxt/.nuxt/dist/client/[22m[36m_nuxt/E_DZESNW.js                              [39m[1m[2m 24.74 kB[22m[1m[22m[2m │ gzip:   8.65 kB[22m
[36mℹ[39m [2m../node_modules/.cache/nuxt/.nuxt/dist/client/[22m[36m_nuxt/CMPHzW3g.js                              [39m[1m[2m 24.76 kB[22m[1m[22m[2m │ gzip:   7.81 kB[22m
[36mℹ[39m [2m../node_modules/.cache/nuxt/.nuxt/dist/client/[22m[36m_nuxt/DfijKZ1T.js                              [39m[1m[2m 25.62 kB[22m[1m[22m[2m │ gzip:   8.05 kB[22m
[36mℹ[39m [2m../node_modules/.cache/nuxt/.nuxt/dist/client/[22m[36m_nuxt/XBxDtW6j.js                              [39m[1m[2m 26.05 kB[22m[1m[22m[2m │ gzip:   8.35 kB[22m
[36mℹ[39m [2m../node_modules/.cache/nuxt/.nuxt/dist/client/[22m[36m_nuxt/CXAWYCrJ.js                              [39m[1m[2m 26.86 kB[22m[1m[22m[2m │ gzip:   8.50 kB[22m
[36mℹ[39m [2m../node_modules/.cache/nuxt/.nuxt/dist/client/[22m[36m_nuxt/BITyRF-K.js                              [39m[1m[2m 27.38 kB[22m[1m[22m[2m │ gzip:   8.19 kB[22m
[36mℹ[39m [2m../node_modules/.cache/nuxt/.nuxt/dist/client/[22m[36m_nuxt/DVHbAore.js                              [39m[1m[2m 29.10 kB[22m[1m[22m[2m │ gzip:   7.58 kB[22m
[36mℹ[39m [2m../node_modules/.cache/nuxt/.nuxt/dist/client/[22m[36m_nuxt/DR_Uncrj.js                              [39m[1m[2m 29.64 kB[22m[1m[22m[2m │ gzip:   8.16 kB[22m
[36mℹ[39m [2m../node_modules/.cache/nuxt/.nuxt/dist/client/[22m[36m_nuxt/Dc0eZ2kr.js                              [39m[1m[2m 30.02 kB[22m[1m[22m[2m │ gzip:   8.81 kB[22m
[36mℹ[39m [2m../node_modules/.cache/nuxt/.nuxt/dist/client/[22m[36m_nuxt/CoAkJ6H7.js                              [39m[1m[2m 30.40 kB[22m[1m[22m[2m │ gzip:  10.04 kB[22m
[36mℹ[39m [2m../node_modules/.cache/nuxt/.nuxt/dist/client/[22m[36m_nuxt/BtUwij3F.js                              [39m[1m[2m 32.98 kB[22m[1m[22m[2m │ gzip:   9.91 kB[22m
[36mℹ[39m [2m../node_modules/.cache/nuxt/.nuxt/dist/client/[22m[36m_nuxt/BlAXPUbu.js                              [39m[1m[2m 33.23 kB[22m[1m[22m[2m │ gzip:  11.07 kB[22m
[36mℹ[39m [2m../node_modules/.cache/nuxt/.nuxt/dist/client/[22m[36m_nuxt/B3GVrFd-.js                              [39m[1m[2m 33.36 kB[22m[1m[22m[2m │ gzip:   9.95 kB[22m
[36mℹ[39m [2m../node_modules/.cache/nuxt/.nuxt/dist/client/[22m[36m_nuxt/DTS3xsbg.js                              [39m[1m[2m 34.91 kB[22m[1m[22m[2m │ gzip:  10.59 kB[22m
[36mℹ[39m [2m../node_modules/.cache/nuxt/.nuxt/dist/client/[22m[36m_nuxt/BhG97Jp6.js                              [39m[1m[2m 34.99 kB[22m[1m[22m[2m │ gzip:  10.47 kB[22m
[36mℹ[39m [2m../node_modules/.cache/nuxt/.nuxt/dist/client/[22m[36m_nuxt/Cj2fV7jf.js                              [39m[1m[2m 35.03 kB[22m[1m[22m[2m │ gzip:   9.33 kB[22m
[36mℹ[39m [2m../node_modules/.cache/nuxt/.nuxt/dist/client/[22m[36m_nuxt/pXm8k4vg.js                              [39m[1m[2m 35.15 kB[22m[1m[22m[2m │ gzip:  10.88 kB[22m
[36mℹ[39m [2m../node_modules/.cache/nuxt/.nuxt/dist/client/[22m[36m_nuxt/DEzQRoB3.js                              [39m[1m[2m 35.47 kB[22m[1m[22m[2m │ gzip:  10.55 kB[22m
[36mℹ[39m [2m../node_modules/.cache/nuxt/.nuxt/dist/client/[22m[36m_nuxt/C9F8xF6w.js                              [39m[1m[2m 36.50 kB[22m[1m[22m[2m │ gzip:   9.73 kB[22m
[36mℹ[39m [2m../node_modules/.cache/nuxt/.nuxt/dist/client/[22m[36m_nuxt/TX80rs20.js                              [39m[1m[2m 36.57 kB[22m[1m[22m[2m │ gzip:   9.05 kB[22m
[36mℹ[39m [2m../node_modules/.cache/nuxt/.nuxt/dist/client/[22m[36m_nuxt/CgIobb-S.js                              [39m[1m[2m 38.00 kB[22m[1m[22m[2m │ gzip:  10.79 kB[22m
[36mℹ[39m [2m../node_modules/.cache/nuxt/.nuxt/dist/client/[22m[36m_nuxt/DT1n953F.js                              [39m[1m[2m 39.49 kB[22m[1m[22m[2m │ gzip:  11.71 kB[22m
[36mℹ[39m [2m../node_modules/.cache/nuxt/.nuxt/dist/client/[22m[36m_nuxt/CaayxJsi.js                              [39m[1m[2m 41.84 kB[22m[1m[22m[2m │ gzip:  12.21 kB[22m
[36mℹ[39m [2m../node_modules/.cache/nuxt/.nuxt/dist/client/[22m[36m_nuxt/_YSnWqkb.js                              [39m[1m[2m 42.19 kB[22m[1m[22m[2m │ gzip:  10.07 kB[22m
[36mℹ[39m [2m../node_modules/.cache/nuxt/.nuxt/dist/client/[22m[36m_nuxt/DgChhGJt.js                              [39m[1m[2m 42.23 kB[22m[1m[22m[2m │ gzip:  13.26 kB[22m
[36mℹ[39m [2m../node_modules/.cache/nuxt/.nuxt/dist/client/[22m[36m_nuxt/nG1C8mY_.js                              [39m[1m[2m 43.36 kB[22m[1m[22m[2m │ gzip:  12.97 kB[22m
[36mℹ[39m [2m../node_modules/.cache/nuxt/.nuxt/dist/client/[22m[36m_nuxt/CHMU0Tmj.js                              [39m[1m[2m 44.60 kB[22m[1m[22m[2m │ gzip:  13.46 kB[22m
[36mℹ[39m [2m../node_modules/.cache/nuxt/.nuxt/dist/client/[22m[36m_nuxt/Cw-xaHE4.js                              [39m[1m[2m 49.04 kB[22m[1m[22m[2m │ gzip:  14.66 kB[22m
[36mℹ[39m [2m../node_modules/.cache/nuxt/.nuxt/dist/client/[22m[36m_nuxt/CEHuKoPn.js                              [39m[1m[2m 50.16 kB[22m[1m[22m[2m │ gzip:  15.12 kB[22m
[36mℹ[39m [2m../node_modules/.cache/nuxt/.nuxt/dist/client/[22m[36m_nuxt/CPL6lqYm.js                              [39m[1m[2m 57.24 kB[22m[1m[22m[2m │ gzip:  14.54 kB[22m
[36mℹ[39m [2m../node_modules/.cache/nuxt/.nuxt/dist/client/[22m[36m_nuxt/CRcbq4Uv.js                              [39m[1m[2m285.25 kB[22m[1m[22m[2m │ gzip: 104.95 kB[22m
[36mℹ[39m [32m✓ built in 15.41s[39m
[32m✔[39m Client built in 15431ms
[36mℹ[39m Building server...
[36mℹ[39m [36mvite v7.3.3 [32mbuilding ssr environment for production...[36m[39m
[36mℹ[39m transforming...

[43m[30m WARN [39m[49m [33m[plugin @tailwindcss/vite:generate:build] Sourcemap is likely to be incorrect: a plugin (@tailwindcss/vite:generate:build) was used to transform files, but didn't generate a sourcemap for the transformation. Consult the plugin documentation for help[39m


[43m[30m WARN [39m[49m [33m[plugin @tailwindcss/vite:generate:build] Sourcemap is likely to be incorrect: a plugin (@tailwindcss/vite:generate:build) was used to transform files, but didn't generate a sourcemap for the transformation. Consult the plugin documentation for help[39m[2m (x2)[22m


[43m[30m WARN [39m[49m [33m[plugin @tailwindcss/vite:generate:build] Sourcemap is likely to be incorrect: a plugin (@tailwindcss/vite:generate:build) was used to transform files, but didn't generate a sourcemap for the transformation. Consult the plugin documentation for help[39m[2m (x3)[22m


[43m[30m WARN [39m[49m [33m[plugin @tailwindcss/vite:generate:build] Sourcemap is likely to be incorrect: a plugin (@tailwindcss/vite:generate:build) was used to transform files, but didn't generate a sourcemap for the transformation. Consult the plugin documentation for help[39m[2m (x4)[22m


[43m[30m WARN [39m[49m [33m[plugin @tailwindcss/vite:generate:build] Sourcemap is likely to be incorrect: a plugin (@tailwindcss/vite:generate:build) was used to transform files, but didn't generate a sourcemap for the transformation. Consult the plugin documentation for help[39m[2m (x5)[22m


[43m[30m WARN [39m[49m [33m[plugin @tailwindcss/vite:generate:build] Sourcemap is likely to be incorrect: a plugin (@tailwindcss/vite:generate:build) was used to transform files, but didn't generate a sourcemap for the transformation. Consult the plugin documentation for help[39m[2m (x6)[22m


[43m[30m WARN [39m[49m [33m[plugin @tailwindcss/vite:generate:build] Sourcemap is likely to be incorrect: a plugin (@tailwindcss/vite:generate:build) was used to transform files, but didn't generate a sourcemap for the transformation. Consult the plugin documentation for help[39m[2m (x7)[22m


[43m[30m WARN [39m[49m [33m[plugin @tailwindcss/vite:generate:build] Sourcemap is likely to be incorrect: a plugin (@tailwindcss/vite:generate:build) was used to transform files, but didn't generate a sourcemap for the transformation. Consult the plugin documentation for help[39m[2m (x8)[22m


[43m[30m WARN [39m[49m [33m[plugin @tailwindcss/vite:generate:build] Sourcemap is likely to be incorrect: a plugin (@tailwindcss/vite:generate:build) was used to transform files, but didn't generate a sourcemap for the transformation. Consult the plugin documentation for help[39m[2m (x9)[22m


[43m[30m WARN [39m[49m [33m[plugin @tailwindcss/vite:generate:build] Sourcemap is likely to be incorrect: a plugin (@tailwindcss/vite:generate:build) was used to transform files, but didn't generate a sourcemap for the transformation. Consult the plugin documentation for help[39m[2m (x10)[22m


[43m[30m WARN [39m[49m [33m[plugin @tailwindcss/vite:generate:build] Sourcemap is likely to be incorrect: a plugin (@tailwindcss/vite:generate:build) was used to transform files, but didn't generate a sourcemap for the transformation. Consult the plugin documentation for help[39m[2m (x11)[22m


[43m[30m WARN [39m[49m [33m[plugin @tailwindcss/vite:generate:build] Sourcemap is likely to be incorrect: a plugin (@tailwindcss/vite:generate:build) was used to transform files, but didn't generate a sourcemap for the transformation. Consult the plugin documentation for help[39m[2m (x12)[22m


[43m[30m WARN [39m[49m [33m[plugin @tailwindcss/vite:generate:build] Sourcemap is likely to be incorrect: a plugin (@tailwindcss/vite:generate:build) was used to transform files, but didn't generate a sourcemap for the transformation. Consult the plugin documentation for help[39m[2m (x13)[22m


[43m[30m WARN [39m[49m [33m[plugin @tailwindcss/vite:generate:build] Sourcemap is likely to be incorrect: a plugin (@tailwindcss/vite:generate:build) was used to transform files, but didn't generate a sourcemap for the transformation. Consult the plugin documentation for help[39m[2m (x14)[22m


[43m[30m WARN [39m[49m [33m[plugin @tailwindcss/vite:generate:build] Sourcemap is likely to be incorrect: a plugin (@tailwindcss/vite:generate:build) was used to transform files, but didn't generate a sourcemap for the transformation. Consult the plugin documentation for help[39m[2m (x15)[22m


[43m[30m WARN [39m[49m [33m[plugin @tailwindcss/vite:generate:build] Sourcemap is likely to be incorrect: a plugin (@tailwindcss/vite:generate:build) was used to transform files, but didn't generate a sourcemap for the transformation. Consult the plugin documentation for help[39m[2m (x16)[22m


[43m[30m WARN [39m[49m [33m[plugin @tailwindcss/vite:generate:build] Sourcemap is likely to be incorrect: a plugin (@tailwindcss/vite:generate:build) was used to transform files, but didn't generate a sourcemap for the transformation. Consult the plugin documentation for help[39m[2m (x17)[22m


[43m[30m WARN [39m[49m [33m[plugin @tailwindcss/vite:generate:build] Sourcemap is likely to be incorrect: a plugin (@tailwindcss/vite:generate:build) was used to transform files, but didn't generate a sourcemap for the transformation. Consult the plugin documentation for help[39m[2m (x18)[22m


[43m[30m WARN [39m[49m [33m[plugin @tailwindcss/vite:generate:build] Sourcemap is likely to be incorrect: a plugin (@tailwindcss/vite:generate:build) was used to transform files, but didn't generate a sourcemap for the transformation. Consult the plugin documentation for help[39m[2m (x19)[22m


[43m[30m WARN [39m[49m [33m[plugin @tailwindcss/vite:generate:build] Sourcemap is likely to be incorrect: a plugin (@tailwindcss/vite:generate:build) was used to transform files, but didn't generate a sourcemap for the transformation. Consult the plugin documentation for help[39m[2m (x20)[22m


[43m[30m WARN [39m[49m [33m[plugin @tailwindcss/vite:generate:build] Sourcemap is likely to be incorrect: a plugin (@tailwindcss/vite:generate:build) was used to transform files, but didn't generate a sourcemap for the transformation. Consult the plugin documentation for help[39m[2m (x21)[22m


[43m[30m WARN [39m[49m [33m[plugin @tailwindcss/vite:generate:build] Sourcemap is likely to be incorrect: a plugin (@tailwindcss/vite:generate:build) was used to transform files, but didn't generate a sourcemap for the transformation. Consult the plugin documentation for help[39m[2m (x22)[22m


[43m[30m WARN [39m[49m [33m[plugin @tailwindcss/vite:generate:build] Sourcemap is likely to be incorrect: a plugin (@tailwindcss/vite:generate:build) was used to transform files, but didn't generate a sourcemap for the transformation. Consult the plugin documentation for help[39m[2m (x23)[22m


[43m[30m WARN [39m[49m [33m[plugin @tailwindcss/vite:generate:build] Sourcemap is likely to be incorrect: a plugin (@tailwindcss/vite:generate:build) was used to transform files, but didn't generate a sourcemap for the transformation. Consult the plugin documentation for help[39m[2m (x24)[22m


[43m[30m WARN [39m[49m [33m[plugin @tailwindcss/vite:generate:build] Sourcemap is likely to be incorrect: a plugin (@tailwindcss/vite:generate:build) was used to transform files, but didn't generate a sourcemap for the transformation. Consult the plugin documentation for help[39m[2m (x25)[22m


[43m[30m WARN [39m[49m [33m[plugin @tailwindcss/vite:generate:build] Sourcemap is likely to be incorrect: a plugin (@tailwindcss/vite:generate:build) was used to transform files, but didn't generate a sourcemap for the transformation. Consult the plugin documentation for help[39m[2m (x26)[22m


[43m[30m WARN [39m[49m [33m[plugin @tailwindcss/vite:generate:build] Sourcemap is likely to be incorrect: a plugin (@tailwindcss/vite:generate:build) was used to transform files, but didn't generate a sourcemap for the transformation. Consult the plugin documentation for help[39m[2m (x27)[22m


[43m[30m WARN [39m[49m [33m[plugin @tailwindcss/vite:generate:build] Sourcemap is likely to be incorrect: a plugin (@tailwindcss/vite:generate:build) was used to transform files, but didn't generate a sourcemap for the transformation. Consult the plugin documentation for help[39m[2m (x28)[22m


[43m[30m WARN [39m[49m [33m[plugin @tailwindcss/vite:generate:build] Sourcemap is likely to be incorrect: a plugin (@tailwindcss/vite:generate:build) was used to transform files, but didn't generate a sourcemap for the transformation. Consult the plugin documentation for help[39m[2m (x29)[22m


[43m[30m WARN [39m[49m [33m[plugin @tailwindcss/vite:generate:build] Sourcemap is likely to be incorrect: a plugin (@tailwindcss/vite:generate:build) was used to transform files, but didn't generate a sourcemap for the transformation. Consult the plugin documentation for help[39m[2m (x30)[22m


[43m[30m WARN [39m[49m [33m[plugin @tailwindcss/vite:generate:build] Sourcemap is likely to be incorrect: a plugin (@tailwindcss/vite:generate:build) was used to transform files, but didn't generate a sourcemap for the transformation. Consult the plugin documentation for help[39m[2m (x31)[22m


[43m[30m WARN [39m[49m [33m[plugin @tailwindcss/vite:generate:build] Sourcemap is likely to be incorrect: a plugin (@tailwindcss/vite:generate:build) was used to transform files, but didn't generate a sourcemap for the transformation. Consult the plugin documentation for help[39m[2m (x32)[22m


[43m[30m WARN [39m[49m [33m[plugin @tailwindcss/vite:generate:build] Sourcemap is likely to be incorrect: a plugin (@tailwindcss/vite:generate:build) was used to transform files, but didn't generate a sourcemap for the transformation. Consult the plugin documentation for help[39m[2m (x33)[22m


[43m[30m WARN [39m[49m [33m[plugin @tailwindcss/vite:generate:build] Sourcemap is likely to be incorrect: a plugin (@tailwindcss/vite:generate:build) was used to transform files, but didn't generate a sourcemap for the transformation. Consult the plugin documentation for help[39m[2m (x34)[22m


[43m[30m WARN [39m[49m [33m[plugin @tailwindcss/vite:generate:build] Sourcemap is likely to be incorrect: a plugin (@tailwindcss/vite:generate:build) was used to transform files, but didn't generate a sourcemap for the transformation. Consult the plugin documentation for help[39m[2m (x35)[22m


[43m[30m WARN [39m[49m [33m[plugin @tailwindcss/vite:generate:build] Sourcemap is likely to be incorrect: a plugin (@tailwindcss/vite:generate:build) was used to transform files, but didn't generate a sourcemap for the transformation. Consult the plugin documentation for help[39m[2m (x36)[22m


[43m[30m WARN [39m[49m [33m[plugin @tailwindcss/vite:generate:build] Sourcemap is likely to be incorrect: a plugin (@tailwindcss/vite:generate:build) was used to transform files, but didn't generate a sourcemap for the transformation. Consult the plugin documentation for help[39m[2m (x37)[22m


[43m[30m WARN [39m[49m [33m[plugin @tailwindcss/vite:generate:build] Sourcemap is likely to be incorrect: a plugin (@tailwindcss/vite:generate:build) was used to transform files, but didn't generate a sourcemap for the transformation. Consult the plugin documentation for help[39m[2m (x38)[22m


[43m[30m WARN [39m[49m [33m[plugin @tailwindcss/vite:generate:build] Sourcemap is likely to be incorrect: a plugin (@tailwindcss/vite:generate:build) was used to transform files, but didn't generate a sourcemap for the transformation. Consult the plugin documentation for help[39m[2m (x39)[22m


[43m[30m WARN [39m[49m [33m[plugin @tailwindcss/vite:generate:build] Sourcemap is likely to be incorrect: a plugin (@tailwindcss/vite:generate:build) was used to transform files, but didn't generate a sourcemap for the transformation. Consult the plugin documentation for help[39m[2m (x40)[22m


[43m[30m WARN [39m[49m [33m[plugin @tailwindcss/vite:generate:build] Sourcemap is likely to be incorrect: a plugin (@tailwindcss/vite:generate:build) was used to transform files, but didn't generate a sourcemap for the transformation. Consult the plugin documentation for help[39m[2m (x41)[22m


[43m[30m WARN [39m[49m [33m[plugin @tailwindcss/vite:generate:build] Sourcemap is likely to be incorrect: a plugin (@tailwindcss/vite:generate:build) was used to transform files, but didn't generate a sourcemap for the transformation. Consult the plugin documentation for help[39m[2m (x42)[22m


[43m[30m WARN [39m[49m [33m[plugin @tailwindcss/vite:generate:build] Sourcemap is likely to be incorrect: a plugin (@tailwindcss/vite:generate:build) was used to transform files, but didn't generate a sourcemap for the transformation. Consult the plugin documentation for help[39m[2m (x43)[22m


[43m[30m WARN [39m[49m [33m[plugin @tailwindcss/vite:generate:build] Sourcemap is likely to be incorrect: a plugin (@tailwindcss/vite:generate:build) was used to transform files, but didn't generate a sourcemap for the transformation. Consult the plugin documentation for help[39m[2m (x44)[22m


[43m[30m WARN [39m[49m [33m[plugin @tailwindcss/vite:generate:build] Sourcemap is likely to be incorrect: a plugin (@tailwindcss/vite:generate:build) was used to transform files, but didn't generate a sourcemap for the transformation. Consult the plugin documentation for help[39m[2m (x45)[22m


[43m[30m WARN [39m[49m [33m[plugin @tailwindcss/vite:generate:build] Sourcemap is likely to be incorrect: a plugin (@tailwindcss/vite:generate:build) was used to transform files, but didn't generate a sourcemap for the transformation. Consult the plugin documentation for help[39m[2m (x46)[22m


[43m[30m WARN [39m[49m [33m[plugin @tailwindcss/vite:generate:build] Sourcemap is likely to be incorrect: a plugin (@tailwindcss/vite:generate:build) was used to transform files, but didn't generate a sourcemap for the transformation. Consult the plugin documentation for help[39m[2m (x47)[22m


[43m[30m WARN [39m[49m [33m[plugin @tailwindcss/vite:generate:build] Sourcemap is likely to be incorrect: a plugin (@tailwindcss/vite:generate:build) was used to transform files, but didn't generate a sourcemap for the transformation. Consult the plugin documentation for help[39m[2m (x48)[22m


[43m[30m WARN [39m[49m [33m[plugin @tailwindcss/vite:generate:build] Sourcemap is likely to be incorrect: a plugin (@tailwindcss/vite:generate:build) was used to transform files, but didn't generate a sourcemap for the transformation. Consult the plugin documentation for help[39m[2m (x49)[22m


[43m[30m WARN [39m[49m [33m[plugin @tailwindcss/vite:generate:build] Sourcemap is likely to be incorrect: a plugin (@tailwindcss/vite:generate:build) was used to transform files, but didn't generate a sourcemap for the transformation. Consult the plugin documentation for help[39m[2m (x50)[22m


[43m[30m WARN [39m[49m [33m[plugin @tailwindcss/vite:generate:build] Sourcemap is likely to be incorrect: a plugin (@tailwindcss/vite:generate:build) was used to transform files, but didn't generate a sourcemap for the transformation. Consult the plugin documentation for help[39m[2m (x51)[22m


[43m[30m WARN [39m[49m [33m[plugin @tailwindcss/vite:generate:build] Sourcemap is likely to be incorrect: a plugin (@tailwindcss/vite:generate:build) was used to transform files, but didn't generate a sourcemap for the transformation. Consult the plugin documentation for help[39m[2m (x52)[22m


[43m[30m WARN [39m[49m [33m[plugin @tailwindcss/vite:generate:build] Sourcemap is likely to be incorrect: a plugin (@tailwindcss/vite:generate:build) was used to transform files, but didn't generate a sourcemap for the transformation. Consult the plugin documentation for help[39m[2m (x53)[22m


[43m[30m WARN [39m[49m [33m[plugin @tailwindcss/vite:generate:build] Sourcemap is likely to be incorrect: a plugin (@tailwindcss/vite:generate:build) was used to transform files, but didn't generate a sourcemap for the transformation. Consult the plugin documentation for help[39m[2m (x54)[22m


[43m[30m WARN [39m[49m [33m[plugin @tailwindcss/vite:generate:build] Sourcemap is likely to be incorrect: a plugin (@tailwindcss/vite:generate:build) was used to transform files, but didn't generate a sourcemap for the transformation. Consult the plugin documentation for help[39m[2m (x55)[22m


[43m[30m WARN [39m[49m [33m[plugin @tailwindcss/vite:generate:build] Sourcemap is likely to be incorrect: a plugin (@tailwindcss/vite:generate:build) was used to transform files, but didn't generate a sourcemap for the transformation. Consult the plugin documentation for help[39m[2m (x56)[22m


[43m[30m WARN [39m[49m [33m[plugin @tailwindcss/vite:generate:build] Sourcemap is likely to be incorrect: a plugin (@tailwindcss/vite:generate:build) was used to transform files, but didn't generate a sourcemap for the transformation. Consult the plugin documentation for help[39m[2m (x57)[22m


[43m[30m WARN [39m[49m [33m[plugin @tailwindcss/vite:generate:build] Sourcemap is likely to be incorrect: a plugin (@tailwindcss/vite:generate:build) was used to transform files, but didn't generate a sourcemap for the transformation. Consult the plugin documentation for help[39m[2m (x58)[22m


[43m[30m WARN [39m[49m [33m[plugin @tailwindcss/vite:generate:build] Sourcemap is likely to be incorrect: a plugin (@tailwindcss/vite:generate:build) was used to transform files, but didn't generate a sourcemap for the transformation. Consult the plugin documentation for help[39m[2m (x59)[22m

[36mℹ[39m [32m✓[39m 261 modules transformed.
[36mℹ[39m rendering chunks...
[36mℹ[39m [32m✓ built in 6.36s[39m
[32m✔[39m Server built in 6391ms
[90m[[90mnitro[90m][39m [36mℹ[39m Initializing prerenderer

[43m[30m WARN [39m[49m "file:///C:/Users/nashe/zabble-seo-01-technical/node_modules/@nuxt/nitro-server/dist/runtime/utils/cache-driver.js" is imported by " virtual:#nitro-internal-virtual/storage", but could not be resolved – treating it as an external dependency.

[90m[[90mnitro[90m][39m [36mℹ[39m Prerendering 37 initial routes with crawler
[90m[[90mnitro[90m][39m [90m  ├─ /__sitemap__/style.xsl (754ms)[39m
[90m[[90mnitro[90m][39m [90m  ├─ /robots.txt (755ms)[39m
[90m[[90mnitro[90m][39m [90m  ├─ /404.html (757ms)[39m
[90m[[90mnitro[90m][39m [90m  ├─ /200.html (756ms)[39m
[90m[[90mnitro[90m][39m [90m  ├─ /diagnose (1071ms)[39m
[90m[[90mnitro[90m][39m [90m  ├─ /diagnose/_payload.json?e077d8e1-e341-4877-8cc6-e4bbf68ada2b (5ms)[90m (skipped)[90m[39m
[90m[[90mnitro[90m][39m [90m  ├─ /systems/workflow-orchestrator (763ms)[39m
[90m[[90mnitro[90m][39m [90m  ├─ / (1044ms)[39m
[90m[[90mnitro[90m][39m [90m  ├─ /systems/workflow-orchestrator/_payload.json?e077d8e1-e341-4877-8cc6-e4bbf68ada2b (41ms)[90m (skipped)[90m[39m
[90m[[90mnitro[90m][39m [90m  ├─ /_payload.json?e077d8e1-e341-4877-8cc6-e4bbf68ada2b (7ms)[90m (skipped)[90m[39m
[90m[[90mnitro[90m][39m [90m  ├─ /systems (1061ms)[39m
[90m[[90mnitro[90m][39m [90m  ├─ /systems/document-assembly (825ms)[39m
[90m[[90mnitro[90m][39m [90m  ├─ /systems/inventory-clarity (832ms)[39m
[90m[[90mnitro[90m][39m [90m  ├─ /systems/accounting-engine (856ms)[39m
[90m[[90mnitro[90m][39m [90m  ├─ /systems/client-onboarding (837ms)[39m
[90m[[90mnitro[90m][39m [90m  ├─ /systems/reconciliation-engine (862ms)[39m
[90m[[90mnitro[90m][39m [90m  ├─ /systems/analytics-suite (869ms)[39m
[90m[[90mnitro[90m][39m [90m  ├─ /systems/data-routing (874ms)[39m
[90m[[90mnitro[90m][39m [90m  ├─ /systems/multi-channel-inbox (885ms)[39m
[90m[[90mnitro[90m][39m [90m  ├─ /systems/approval-workflow (890ms)[39m
[90m[[90mnitro[90m][39m [90m  ├─ /systems/document-intelligence (903ms)[39m
[90m[[90mnitro[90m][39m [90m  ├─ /systems/cross-system-sync (879ms)[39m
[90m[[90mnitro[90m][39m [90m  ├─ /systems/customer-360 (909ms)[39m
[90m[[90mnitro[90m][39m [90m  ├─ /systems/decision-engine (895ms)[39m
[90m[[90mnitro[90m][39m [90m  ├─ /systems/lead-qualifier (926ms)[39m
[90m[[90mnitro[90m][39m [90m  ├─ /systems/knowledge-assistant (921ms)[39m
[90m[[90mnitro[90m][39m [90m  ├─ /systems/case-management (959ms)[39m
[90m[[90mnitro[90m][39m [90m  ├─ /systems/legacy-bridge (933ms)[39m
[90m[[90mnitro[90m][39m [90m  ├─ /systems/continuous-assurance (970ms)[39m
[90m[[90mnitro[90m][39m [90m  ├─ /systems/field-ops-app (941ms)[39m
[90m[[90mnitro[90m][39m [90m  ├─ /systems/pricing-engine (975ms)[39m
[90m[[90mnitro[90m][39m [90m  ├─ /systems/compliance-reporting (964ms)[39m
[90m[[90mnitro[90m][39m [90m  ├─ /systems/forecasting (985ms)[39m
[90m[[90mnitro[90m][39m [90m  ├─ /systems/predictive-maintenance (992ms)[39m
[90m[[90mnitro[90m][39m [90m  ├─ /systems/master-data-hub (1001ms)[39m
[90m[[90mnitro[90m][39m [90m  ├─ /systems/task-management (948ms)[39m
[90m[[90mnitro[90m][39m [90m  ├─ /systems/notification-orchestration (1008ms)[39m
[90m[[90mnitro[90m][39m [90m  ├─ /systems/_payload.json?e077d8e1-e341-4877-8cc6-e4bbf68ada2b (239ms)[90m (skipped)[90m[39m
[90m[[90mnitro[90m][39m [90m  ├─ /systems/document-assembly/_payload.json?e077d8e1-e341-4877-8cc6-e4bbf68ada2b (207ms)[90m (skipped)[90m[39m
[90m[[90mnitro[90m][39m [90m  ├─ /systems/inventory-clarity/_payload.json?e077d8e1-e341-4877-8cc6-e4bbf68ada2b (198ms)[90m (skipped)[90m[39m
[90m[[90mnitro[90m][39m [90m  ├─ /systems/accounting-engine/_payload.json?e077d8e1-e341-4877-8cc6-e4bbf68ada2b (186ms)[90m (skipped)[90m[39m
[90m[[90mnitro[90m][39m [90m  ├─ /systems/client-onboarding/_payload.json?e077d8e1-e341-4877-8cc6-e4bbf68ada2b (174ms)[90m (skipped)[90m[39m
[90m[[90mnitro[90m][39m [90m  ├─ /systems/reconciliation-engine/_payload.json?e077d8e1-e341-4877-8cc6-e4bbf68ada2b (166ms)[90m (skipped)[90m[39m
[90m[[90mnitro[90m][39m [90m  ├─ /systems/analytics-suite/_payload.json?e077d8e1-e341-4877-8cc6-e4bbf68ada2b (159ms)[90m (skipped)[90m[39m
[90m[[90mnitro[90m][39m [90m  ├─ /systems/data-routing/_payload.json?e077d8e1-e341-4877-8cc6-e4bbf68ada2b (152ms)[90m (skipped)[90m[39m
[90m[[90mnitro[90m][39m [90m  ├─ /systems/multi-channel-inbox/_payload.json?e077d8e1-e341-4877-8cc6-e4bbf68ada2b (146ms)[90m (skipped)[90m[39m
[90m[[90mnitro[90m][39m [90m  ├─ /systems/approval-workflow/_payload.json?e077d8e1-e341-4877-8cc6-e4bbf68ada2b (140ms)[90m (skipped)[90m[39m
[90m[[90mnitro[90m][39m [90m  ├─ /systems/document-intelligence/_payload.json?e077d8e1-e341-4877-8cc6-e4bbf68ada2b (133ms)[90m (skipped)[90m[39m
[90m[[90mnitro[90m][39m [90m  ├─ /systems/cross-system-sync/_payload.json?e077d8e1-e341-4877-8cc6-e4bbf68ada2b (128ms)[90m (skipped)[90m[39m
[90m[[90mnitro[90m][39m [90m  ├─ /systems/customer-360/_payload.json?e077d8e1-e341-4877-8cc6-e4bbf68ada2b (118ms)[90m (skipped)[90m[39m
[90m[[90mnitro[90m][39m [90m  ├─ /systems/decision-engine/_payload.json?e077d8e1-e341-4877-8cc6-e4bbf68ada2b (113ms)[90m (skipped)[90m[39m
[90m[[90mnitro[90m][39m [90m  ├─ /systems/lead-qualifier/_payload.json?e077d8e1-e341-4877-8cc6-e4bbf68ada2b (106ms)[90m (skipped)[90m[39m
[90m[[90mnitro[90m][39m [90m  ├─ /systems/knowledge-assistant/_payload.json?e077d8e1-e341-4877-8cc6-e4bbf68ada2b (100ms)[90m (skipped)[90m[39m
[90m[[90mnitro[90m][39m [90m  ├─ /systems/case-management/_payload.json?e077d8e1-e341-4877-8cc6-e4bbf68ada2b (95ms)[90m (skipped)[90m[39m
[90m[[90mnitro[90m][39m [90m  ├─ /systems/legacy-bridge/_payload.json?e077d8e1-e341-4877-8cc6-e4bbf68ada2b (88ms)[90m (skipped)[90m[39m
[90m[[90mnitro[90m][39m [90m  ├─ /systems/continuous-assurance/_payload.json?e077d8e1-e341-4877-8cc6-e4bbf68ada2b (78ms)[90m (skipped)[90m[39m
[90m[[90mnitro[90m][39m [90m  ├─ /systems/field-ops-app/_payload.json?e077d8e1-e341-4877-8cc6-e4bbf68ada2b (73ms)[90m (skipped)[90m[39m
[90m[[90mnitro[90m][39m [90m  ├─ /systems/pricing-engine/_payload.json?e077d8e1-e341-4877-8cc6-e4bbf68ada2b (66ms)[90m (skipped)[90m[39m
[90m[[90mnitro[90m][39m [90m  ├─ /systems/compliance-reporting/_payload.json?e077d8e1-e341-4877-8cc6-e4bbf68ada2b (58ms)[90m (skipped)[90m[39m
[90m[[90mnitro[90m][39m [90m  ├─ /systems/forecasting/_payload.json?e077d8e1-e341-4877-8cc6-e4bbf68ada2b (52ms)[90m (skipped)[90m[39m
[90m[[90mnitro[90m][39m [90m  ├─ /systems/predictive-maintenance/_payload.json?e077d8e1-e341-4877-8cc6-e4bbf68ada2b (43ms)[90m (skipped)[90m[39m
[90m[[90mnitro[90m][39m [90m  ├─ /systems/master-data-hub/_payload.json?e077d8e1-e341-4877-8cc6-e4bbf68ada2b (35ms)[90m (skipped)[90m[39m
[90m[[90mnitro[90m][39m [90m  ├─ /systems/task-management/_payload.json?e077d8e1-e341-4877-8cc6-e4bbf68ada2b (26ms)[90m (skipped)[90m[39m
[90m[[90mnitro[90m][39m [90m  ├─ /systems/notification-orchestration/_payload.json?e077d8e1-e341-4877-8cc6-e4bbf68ada2b (16ms)[90m (skipped)[90m[39m
[90m[[90mnitro[90m][39m [90m  ├─ /systems/bespoke-crm (1018ms)[39m
[90m[[90mnitro[90m][39m [90m  ├─ /systems/integration-hub (1026ms)[39m
[90m[[90mnitro[90m][39m [90m  ├─ /systems/kairos (1038ms)[39m
[90m[[90mnitro[90m][39m [90m  ├─ /systems/bespoke-crm/_payload.json?e077d8e1-e341-4877-8cc6-e4bbf68ada2b (22ms)[90m (skipped)[90m[39m
[90m[[90mnitro[90m][39m [90m  ├─ /systems/integration-hub/_payload.json?e077d8e1-e341-4877-8cc6-e4bbf68ada2b (12ms)[90m (skipped)[90m[39m
[90m[[90mnitro[90m][39m [90m  ├─ /systems/kairos/_payload.json?e077d8e1-e341-4877-8cc6-e4bbf68ada2b (7ms)[90m (skipped)[90m[39m
[90m[[90mnitro[90m][39m [90m  ├─ /systems?pillar=automation (329ms)[90m (skipped)[90m[39m
[90m[[90mnitro[90m][39m [90m  ├─ /systems?pillar=audit-trails (347ms)[90m (skipped)[90m[39m
[90m[[90mnitro[90m][39m [90m  ├─ /systems?pillar=anomaly-detection (313ms)[90m (skipped)[90m[39m
[90m[[90mnitro[90m][39m [90m  ├─ /systems?pillar=analytics (321ms)[90m (skipped)[90m[39m
[90m[[90mnitro[90m][39m [90m  ├─ /diagnose/_payload.json (6ms)[39m
[90m[[90mnitro[90m][39m [90m  ├─ /systems/workflow-orchestrator/_payload.json (41ms)[39m
[90m[[90mnitro[90m][39m [90m  ├─ /_payload.json (7ms)[39m
[90m[[90mnitro[90m][39m [90m  ├─ /systems/inventory-clarity/_payload.json (197ms)[39m
[90m[[90mnitro[90m][39m [90m  ├─ /systems/document-assembly/_payload.json (207ms)[39m
[90m[[90mnitro[90m][39m [90m  ├─ /systems/reconciliation-engine/_payload.json (166ms)[39m
[90m[[90mnitro[90m][39m [90m  ├─ /systems/_payload.json (239ms)[39m
[90m[[90mnitro[90m][39m [90m  ├─ /systems/client-onboarding/_payload.json (174ms)[39m
[90m[[90mnitro[90m][39m [90m  ├─ /systems/analytics-suite/_payload.json (159ms)[39m
[90m[[90mnitro[90m][39m [90m  ├─ /systems/accounting-engine/_payload.json (186ms)[39m
[90m[[90mnitro[90m][39m [90m  ├─ /systems/data-routing/_payload.json (153ms)[39m
[90m[[90mnitro[90m][39m [90m  ├─ /systems/approval-workflow/_payload.json (140ms)[39m
[90m[[90mnitro[90m][39m [90m  ├─ /systems/multi-channel-inbox/_payload.json (146ms)[39m
[90m[[90mnitro[90m][39m [90m  ├─ /systems/document-intelligence/_payload.json (134ms)[39m
[90m[[90mnitro[90m][39m [90m  ├─ /systems/customer-360/_payload.json (118ms)[39m
[90m[[90mnitro[90m][39m [90m  ├─ /systems/decision-engine/_payload.json (113ms)[39m
[90m[[90mnitro[90m][39m [90m  ├─ /systems/cross-system-sync/_payload.json (128ms)[39m
[90m[[90mnitro[90m][39m [90m  ├─ /systems/lead-qualifier/_payload.json (106ms)[39m
[90m[[90mnitro[90m][39m [90m  ├─ /systems/case-management/_payload.json (95ms)[39m
[90m[[90mnitro[90m][39m [90m  ├─ /systems/knowledge-assistant/_payload.json (100ms)[39m
[90m[[90mnitro[90m][39m [90m  ├─ /systems/field-ops-app/_payload.json (73ms)[39m
[90m[[90mnitro[90m][39m [90m  ├─ /systems/legacy-bridge/_payload.json (88ms)[39m
[90m[[90mnitro[90m][39m [90m  ├─ /systems/continuous-assurance/_payload.json (78ms)[39m
[90m[[90mnitro[90m][39m [90m  ├─ /systems/pricing-engine/_payload.json (66ms)[39m
[90m[[90mnitro[90m][39m [90m  ├─ /systems/predictive-maintenance/_payload.json (43ms)[39m
[90m[[90mnitro[90m][39m [90m  ├─ /systems/compliance-reporting/_payload.json (58ms)[39m
[90m[[90mnitro[90m][39m [90m  ├─ /systems/forecasting/_payload.json (52ms)[39m
[90m[[90mnitro[90m][39m [90m  ├─ /systems/master-data-hub/_payload.json (35ms)[39m
[90m[[90mnitro[90m][39m [90m  ├─ /systems/task-management/_payload.json (27ms)[39m
[90m[[90mnitro[90m][39m [90m  ├─ /systems/notification-orchestration/_payload.json (16ms)[39m
[90m[[90mnitro[90m][39m [90m  ├─ /systems/integration-hub/_payload.json (13ms)[39m
[90m[[90mnitro[90m][39m [90m  ├─ /systems/bespoke-crm/_payload.json (22ms)[39m
[90m[[90mnitro[90m][39m [90m  ├─ /systems/kairos/_payload.json (6ms)[39m
[90m[[90mnitro[90m][39m [90m  ├─ /sitemap.xml (16ms)[39m
[90m[[90mnitro[90m][39m [36mℹ[39m Running link inspections...
[90m[[90mnitro[90m][39m [36mℹ[39m Nuxt Link Checker Summary
[90m[[90mnitro[90m][39m   [37mFailing Pages:[39m 0 of 37
[90m[[90mnitro[90m][39m   [37mTotal errors:[39m 0
[90m[[90mnitro[90m][39m   [37mTotal warnings:[39m 0
[90m[[90mnitro[90m][39m [36mℹ[39m [2mNuxt Link Checker[22m Reports written to:
[90m[[90mnitro[90m][39m   • [36m.output/link-checker-report.html[39m
[90m[[90mnitro[90m][39m   • [36m.output/link-checker-report.md[39m
[90m[[90mnitro[90m][39m [36mℹ[39m Prerendered 71 routes in 22.665 seconds
[90m[[90mnitro[90m][39m [32m✔[39m Generated public [36m.output/public[39m
[90m[[90mnitro[90m][39m [32m✔[39m You can preview this build using [36mnpx serve .output/public[39m
│
└  ✨ You can now deploy [36m.output/public[39m to any static hosting!
