
> generate
> nuxt generate

┌  [36mBuilding Nuxt for production...[39m
│
●  [32mNuxt [1m4.4.6[22m[39m[90m (with [39m[90mNitro [1m2.13.4[22m[39m[90m, Vite [1m7.3.3[22m[39m[90m and Vue [1m3.5.34[22m[39m[90m)[39m
[90m[[90m@nuxtjs/sitemap[90m][39m [36mℹ[39m No dynamic sources detected. Consider enabling [36mzeroRuntime[39m to reduce server bundle size. See https://nuxtseo.com/sitemap/guides/zero-runtime
│
●  Nitro preset: [36mstatic[39m
[36mℹ[39m Building client...
[36mℹ[39m [36mvite v7.3.3 [32mbuilding client environment for production...[36m[39m

[43m[30m WARN [39m[49m [33m[plugin nuxt:module-preload-polyfill] Sourcemap is likely to be incorrect: a plugin (nuxt:module-preload-polyfill) was used to transform files, but didn't generate a sourcemap for the transformation. Consult the plugin documentation for help[39m

[36mℹ[39m transforming...

[43m[30m WARN [39m[49m [33m[plugin @tailwindcss/vite:generate:build] Sourcemap is likely to be incorrect: a plugin (@tailwindcss/vite:generate:build) was used to transform files, but didn't generate a sourcemap for the transformation. Consult the plugin documentation for help[39m


[43m[30m WARN [39m[49m [33m[plugin @tailwindcss/vite:generate:build] Sourcemap is likely to be incorrect: a plugin (@tailwindcss/vite:generate:build) was used to transform files, but didn't generate a sourcemap for the transformation. Consult the plugin documentation for help[39m[2m (x2)[22m


[43m[30m WARN [39m[49m [33m[plugin @tailwindcss/vite:generate:build] Sourcemap is likely to be incorrect: a plugin (@tailwindcss/vite:generate:build) was used to transform files, but didn't generate a sourcemap for the transformation. Consult the plugin documentation for help[39m[2m (x3)[22m


[43m[30m WARN [39m[49m [33m[plugin @tailwindcss/vite:generate:build] Sourcemap is likely to be incorrect: a plugin (@tailwindcss/vite:generate:build) was used to transform files, but didn't generate a sourcemap for the transformation. Consult the plugin documentation for help[39m[2m (x4)[22m


[43m[30m WARN [39m[49m [33m[plugin @tailwindcss/vite:generate:build] Sourcemap is likely to be incorrect: a plugin (@tailwindcss/vite:generate:build) was used to transform files, but didn't generate a sourcemap for the transformation. Consult the plugin documentation for help[39m[2m (x5)[22m


[43m[30m WARN [39m[49m [33m[plugin @tailwindcss/vite:generate:build] Sourcemap is likely to be incorrect: a plugin (@tailwindcss/vite:generate:build) was used to transform files, but didn't generate a sourcemap for the transformation. Consult the plugin documentation for help[39m[2m (x6)[22m


[43m[30m WARN [39m[49m [33m[plugin @tailwindcss/vite:generate:build] Sourcemap is likely to be incorrect: a plugin (@tailwindcss/vite:generate:build) was used to transform files, but didn't generate a sourcemap for the transformation. Consult the plugin documentation for help[39m[2m (x7)[22m


[43m[30m WARN [39m[49m [33m[plugin @tailwindcss/vite:generate:build] Sourcemap is likely to be incorrect: a plugin (@tailwindcss/vite:generate:build) was used to transform files, but didn't generate a sourcemap for the transformation. Consult the plugin documentation for help[39m[2m (x8)[22m


[43m[30m WARN [39m[49m [33m[plugin @tailwindcss/vite:generate:build] Sourcemap is likely to be incorrect: a plugin (@tailwindcss/vite:generate:build) was used to transform files, but didn't generate a sourcemap for the transformation. Consult the plugin documentation for help[39m[2m (x9)[22m


[43m[30m WARN [39m[49m [33m[plugin @tailwindcss/vite:generate:build] Sourcemap is likely to be incorrect: a plugin (@tailwindcss/vite:generate:build) was used to transform files, but didn't generate a sourcemap for the transformation. Consult the plugin documentation for help[39m[2m (x10)[22m


[43m[30m WARN [39m[49m [33m[plugin @tailwindcss/vite:generate:build] Sourcemap is likely to be incorrect: a plugin (@tailwindcss/vite:generate:build) was used to transform files, but didn't generate a sourcemap for the transformation. Consult the plugin documentation for help[39m[2m (x11)[22m


[43m[30m WARN [39m[49m [33m[plugin @tailwindcss/vite:generate:build] Sourcemap is likely to be incorrect: a plugin (@tailwindcss/vite:generate:build) was used to transform files, but didn't generate a sourcemap for the transformation. Consult the plugin documentation for help[39m[2m (x12)[22m


[43m[30m WARN [39m[49m [33m[plugin @tailwindcss/vite:generate:build] Sourcemap is likely to be incorrect: a plugin (@tailwindcss/vite:generate:build) was used to transform files, but didn't generate a sourcemap for the transformation. Consult the plugin documentation for help[39m[2m (x13)[22m


[43m[30m WARN [39m[49m [33m[plugin @tailwindcss/vite:generate:build] Sourcemap is likely to be incorrect: a plugin (@tailwindcss/vite:generate:build) was used to transform files, but didn't generate a sourcemap for the transformation. Consult the plugin documentation for help[39m[2m (x14)[22m


[43m[30m WARN [39m[49m [33m[plugin @tailwindcss/vite:generate:build] Sourcemap is likely to be incorrect: a plugin (@tailwindcss/vite:generate:build) was used to transform files, but didn't generate a sourcemap for the transformation. Consult the plugin documentation for help[39m[2m (x15)[22m


[43m[30m WARN [39m[49m [33m[plugin @tailwindcss/vite:generate:build] Sourcemap is likely to be incorrect: a plugin (@tailwindcss/vite:generate:build) was used to transform files, but didn't generate a sourcemap for the transformation. Consult the plugin documentation for help[39m[2m (x16)[22m


[43m[30m WARN [39m[49m [33m[plugin @tailwindcss/vite:generate:build] Sourcemap is likely to be incorrect: a plugin (@tailwindcss/vite:generate:build) was used to transform files, but didn't generate a sourcemap for the transformation. Consult the plugin documentation for help[39m[2m (x17)[22m


[43m[30m WARN [39m[49m [33m[plugin @tailwindcss/vite:generate:build] Sourcemap is likely to be incorrect: a plugin (@tailwindcss/vite:generate:build) was used to transform files, but didn't generate a sourcemap for the transformation. Consult the plugin documentation for help[39m[2m (x18)[22m


[43m[30m WARN [39m[49m [33m[plugin @tailwindcss/vite:generate:build] Sourcemap is likely to be incorrect: a plugin (@tailwindcss/vite:generate:build) was used to transform files, but didn't generate a sourcemap for the transformation. Consult the plugin documentation for help[39m[2m (x19)[22m


[43m[30m WARN [39m[49m [33m[plugin @tailwindcss/vite:generate:build] Sourcemap is likely to be incorrect: a plugin (@tailwindcss/vite:generate:build) was used to transform files, but didn't generate a sourcemap for the transformation. Consult the plugin documentation for help[39m[2m (x20)[22m


[43m[30m WARN [39m[49m [33m[plugin @tailwindcss/vite:generate:build] Sourcemap is likely to be incorrect: a plugin (@tailwindcss/vite:generate:build) was used to transform files, but didn't generate a sourcemap for the transformation. Consult the plugin documentation for help[39m[2m (x21)[22m


[43m[30m WARN [39m[49m [33m[plugin @tailwindcss/vite:generate:build] Sourcemap is likely to be incorrect: a plugin (@tailwindcss/vite:generate:build) was used to transform files, but didn't generate a sourcemap for the transformation. Consult the plugin documentation for help[39m[2m (x22)[22m


[43m[30m WARN [39m[49m [33m[plugin @tailwindcss/vite:generate:build] Sourcemap is likely to be incorrect: a plugin (@tailwindcss/vite:generate:build) was used to transform files, but didn't generate a sourcemap for the transformation. Consult the plugin documentation for help[39m[2m (x23)[22m


[43m[30m WARN [39m[49m [33m[plugin @tailwindcss/vite:generate:build] Sourcemap is likely to be incorrect: a plugin (@tailwindcss/vite:generate:build) was used to transform files, but didn't generate a sourcemap for the transformation. Consult the plugin documentation for help[39m[2m (x24)[22m


[43m[30m WARN [39m[49m [33m[plugin @tailwindcss/vite:generate:build] Sourcemap is likely to be incorrect: a plugin (@tailwindcss/vite:generate:build) was used to transform files, but didn't generate a sourcemap for the transformation. Consult the plugin documentation for help[39m[2m (x25)[22m


[43m[30m WARN [39m[49m [33m[plugin @tailwindcss/vite:generate:build] Sourcemap is likely to be incorrect: a plugin (@tailwindcss/vite:generate:build) was used to transform files, but didn't generate a sourcemap for the transformation. Consult the plugin documentation for help[39m[2m (x26)[22m


[43m[30m WARN [39m[49m [33m[plugin @tailwindcss/vite:generate:build] Sourcemap is likely to be incorrect: a plugin (@tailwindcss/vite:generate:build) was used to transform files, but didn't generate a sourcemap for the transformation. Consult the plugin documentation for help[39m[2m (x27)[22m


[43m[30m WARN [39m[49m [33m[plugin @tailwindcss/vite:generate:build] Sourcemap is likely to be incorrect: a plugin (@tailwindcss/vite:generate:build) was used to transform files, but didn't generate a sourcemap for the transformation. Consult the plugin documentation for help[39m[2m (x28)[22m


[43m[30m WARN [39m[49m [33m[plugin @tailwindcss/vite:generate:build] Sourcemap is likely to be incorrect: a plugin (@tailwindcss/vite:generate:build) was used to transform files, but didn't generate a sourcemap for the transformation. Consult the plugin documentation for help[39m[2m (x29)[22m


[43m[30m WARN [39m[49m [33m[plugin @tailwindcss/vite:generate:build] Sourcemap is likely to be incorrect: a plugin (@tailwindcss/vite:generate:build) was used to transform files, but didn't generate a sourcemap for the transformation. Consult the plugin documentation for help[39m[2m (x30)[22m


[43m[30m WARN [39m[49m [33m[plugin @tailwindcss/vite:generate:build] Sourcemap is likely to be incorrect: a plugin (@tailwindcss/vite:generate:build) was used to transform files, but didn't generate a sourcemap for the transformation. Consult the plugin documentation for help[39m[2m (x31)[22m

[36mℹ[39m [32m✓[39m 2021 modules transformed.
[36mℹ[39m rendering chunks...
[36mℹ[39m computing gzip size...
[36mℹ[39m [2m../node_modules/.cache/nuxt/.nuxt/dist/client/[22m[32mmanifest.json                                  [39m[1m[2m 40.63 kB[22m[1m[22m[2m │ gzip:  5.24 kB[22m
[36mℹ[39m [2m../node_modules/.cache/nuxt/.nuxt/dist/client/[22m[35m_nuxt/legacy-bridge.B6uRNbS8.css               [39m[1m[2m  0.10 kB[22m[1m[22m[2m │ gzip:  0.11 kB[22m
[36mℹ[39m [2m../node_modules/.cache/nuxt/.nuxt/dist/client/[22m[35m_nuxt/task-management._lpTBZBu.css             [39m[1m[2m  0.65 kB[22m[1m[22m[2m │ gzip:  0.28 kB[22m
[36mℹ[39m [2m../node_modules/.cache/nuxt/.nuxt/dist/client/[22m[35m_nuxt/field-ops-app.B8mxI1mT.css               [39m[1m[2m  0.78 kB[22m[1m[22m[2m │ gzip:  0.36 kB[22m
[36mℹ[39m [2m../node_modules/.cache/nuxt/.nuxt/dist/client/[22m[35m_nuxt/continuous-assurance.BAVRxXfc.css        [39m[1m[2m  0.84 kB[22m[1m[22m[2m │ gzip:  0.34 kB[22m
[36mℹ[39m [2m../node_modules/.cache/nuxt/.nuxt/dist/client/[22m[35m_nuxt/predictive-maintenance.C79S0gSy.css      [39m[1m[2m  0.84 kB[22m[1m[22m[2m │ gzip:  0.29 kB[22m
[36mℹ[39m [2m../node_modules/.cache/nuxt/.nuxt/dist/client/[22m[35m_nuxt/bespoke-crm.BTdNPgwp.css                 [39m[1m[2m  0.89 kB[22m[1m[22m[2m │ gzip:  0.39 kB[22m
[36mℹ[39m [2m../node_modules/.cache/nuxt/.nuxt/dist/client/[22m[35m_nuxt/customer-360.Sv8rZ7bC.css                [39m[1m[2m  1.00 kB[22m[1m[22m[2m │ gzip:  0.39 kB[22m
[36mℹ[39m [2m../node_modules/.cache/nuxt/.nuxt/dist/client/[22m[35m_nuxt/master-data-hub.B14rFqFF.css             [39m[1m[2m  1.08 kB[22m[1m[22m[2m │ gzip:  0.39 kB[22m
[36mℹ[39m [2m../node_modules/.cache/nuxt/.nuxt/dist/client/[22m[35m_nuxt/case-management.BjisYJej.css             [39m[1m[2m  1.17 kB[22m[1m[22m[2m │ gzip:  0.41 kB[22m
[36mℹ[39m [2m../node_modules/.cache/nuxt/.nuxt/dist/client/[22m[35m_nuxt/compliance-reporting.DjQGmnjF.css        [39m[1m[2m  1.21 kB[22m[1m[22m[2m │ gzip:  0.48 kB[22m
[36mℹ[39m [2m../node_modules/.cache/nuxt/.nuxt/dist/client/[22m[35m_nuxt/multi-channel-inbox.DRgmFMu2.css         [39m[1m[2m  1.34 kB[22m[1m[22m[2m │ gzip:  0.55 kB[22m
[36mℹ[39m [2m../node_modules/.cache/nuxt/.nuxt/dist/client/[22m[35m_nuxt/lead-qualifier.CyA2cm8t.css              [39m[1m[2m  1.47 kB[22m[1m[22m[2m │ gzip:  0.49 kB[22m
[36mℹ[39m [2m../node_modules/.cache/nuxt/.nuxt/dist/client/[22m[35m_nuxt/forecasting.bsZYySqH.css                 [39m[1m[2m  1.54 kB[22m[1m[22m[2m │ gzip:  0.54 kB[22m
[36mℹ[39m [2m../node_modules/.cache/nuxt/.nuxt/dist/client/[22m[35m_nuxt/decision-engine.D7t4D83L.css             [39m[1m[2m  1.56 kB[22m[1m[22m[2m │ gzip:  0.50 kB[22m
[36mℹ[39m [2m../node_modules/.cache/nuxt/.nuxt/dist/client/[22m[35m_nuxt/notification-orchestration.BpPbbgDr.css  [39m[1m[2m  1.82 kB[22m[1m[22m[2m │ gzip:  0.81 kB[22m
[36mℹ[39m [2m../node_modules/.cache/nuxt/.nuxt/dist/client/[22m[35m_nuxt/approval-workflow.DKAD8ik3.css           [39m[1m[2m  2.46 kB[22m[1m[22m[2m │ gzip:  0.71 kB[22m
[36mℹ[39m [2m../node_modules/.cache/nuxt/.nuxt/dist/client/[22m[35m_nuxt/document-intelligence.DpbOEpyP.css       [39m[1m[2m  2.78 kB[22m[1m[22m[2m │ gzip:  0.94 kB[22m
[36mℹ[39m [2m../node_modules/.cache/nuxt/.nuxt/dist/client/[22m[35m_nuxt/diagnose.DtmhewcO.css                    [39m[1m[2m  2.81 kB[22m[1m[22m[2m │ gzip:  0.86 kB[22m
[36mℹ[39m [2m../node_modules/.cache/nuxt/.nuxt/dist/client/[22m[35m_nuxt/knowledge-assistant.AbqnYiAg.css         [39m[1m[2m  3.16 kB[22m[1m[22m[2m │ gzip:  0.90 kB[22m
[36mℹ[39m [2m../node_modules/.cache/nuxt/.nuxt/dist/client/[22m[35m_nuxt/pricing-engine.De2lZIbM.css              [39m[1m[2m  3.28 kB[22m[1m[22m[2m │ gzip:  0.82 kB[22m
[36mℹ[39m [2m../node_modules/.cache/nuxt/.nuxt/dist/client/[22m[35m_nuxt/integration-hub.BzriYACr.css             [39m[1m[2m  5.08 kB[22m[1m[22m[2m │ gzip:  1.46 kB[22m
[36mℹ[39m [2m../node_modules/.cache/nuxt/.nuxt/dist/client/[22m[35m_nuxt/index.NscShmY2.css                       [39m[1m[2m  6.72 kB[22m[1m[22m[2m │ gzip:  1.78 kB[22m
[36mℹ[39m [2m../node_modules/.cache/nuxt/.nuxt/dist/client/[22m[35m_nuxt/kairos.uQDjvZ7w.css                      [39m[1m[2m 28.15 kB[22m[1m[22m[2m │ gzip:  4.76 kB[22m
[36mℹ[39m [2m../node_modules/.cache/nuxt/.nuxt/dist/client/[22m[35m_nuxt/entry.Cie1gDHs.css                       [39m[1m[2m137.96 kB[22m[1m[22m[2m │ gzip: 21.76 kB[22m
[36mℹ[39m [2m../node_modules/.cache/nuxt/.nuxt/dist/client/[22m[36m_nuxt/CUZWc7K2.js                              [39m[1m[2m  0.06 kB[22m[1m[22m[2m │ gzip:  0.08 kB[22m
[36mℹ[39m [2m../node_modules/.cache/nuxt/.nuxt/dist/client/[22m[36m_nuxt/Dq8v_F_j.js                              [39m[1m[2m  0.12 kB[22m[1m[22m[2m │ gzip:  0.13 kB[22m
[36mℹ[39m [2m../node_modules/.cache/nuxt/.nuxt/dist/client/[22m[36m_nuxt/LMu7d1AR.js                              [39m[1m[2m  0.12 kB[22m[1m[22m[2m │ gzip:  0.14 kB[22m
[36mℹ[39m [2m../node_modules/.cache/nuxt/.nuxt/dist/client/[22m[36m_nuxt/BEG4KS-a.js                              [39m[1m[2m  0.13 kB[22m[1m[22m[2m │ gzip:  0.14 kB[22m
[36mℹ[39m [2m../node_modules/.cache/nuxt/.nuxt/dist/client/[22m[36m_nuxt/DvqshEWl.js                              [39m[1m[2m  0.13 kB[22m[1m[22m[2m │ gzip:  0.14 kB[22m
[36mℹ[39m [2m../node_modules/.cache/nuxt/.nuxt/dist/client/[22m[36m_nuxt/DFRm8Gd7.js                              [39m[1m[2m  0.14 kB[22m[1m[22m[2m │ gzip:  0.15 kB[22m
[36mℹ[39m [2m../node_modules/.cache/nuxt/.nuxt/dist/client/[22m[36m_nuxt/CUsIE1is.js                              [39m[1m[2m  0.15 kB[22m[1m[22m[2m │ gzip:  0.15 kB[22m
[36mℹ[39m [2m../node_modules/.cache/nuxt/.nuxt/dist/client/[22m[36m_nuxt/DOullSuP.js                              [39m[1m[2m  0.16 kB[22m[1m[22m[2m │ gzip:  0.16 kB[22m
[36mℹ[39m [2m../node_modules/.cache/nuxt/.nuxt/dist/client/[22m[36m_nuxt/j6zjuzTf.js                              [39m[1m[2m  0.16 kB[22m[1m[22m[2m │ gzip:  0.16 kB[22m
[36mℹ[39m [2m../node_modules/.cache/nuxt/.nuxt/dist/client/[22m[36m_nuxt/BEPYG1Ir.js                              [39m[1m[2m  0.16 kB[22m[1m[22m[2m │ gzip:  0.16 kB[22m
[36mℹ[39m [2m../node_modules/.cache/nuxt/.nuxt/dist/client/[22m[36m_nuxt/wD1n4ykT.js                              [39m[1m[2m  0.17 kB[22m[1m[22m[2m │ gzip:  0.16 kB[22m
[36mℹ[39m [2m../node_modules/.cache/nuxt/.nuxt/dist/client/[22m[36m_nuxt/Dj9ChjRf.js                              [39m[1m[2m  0.17 kB[22m[1m[22m[2m │ gzip:  0.17 kB[22m
[36mℹ[39m [2m../node_modules/.cache/nuxt/.nuxt/dist/client/[22m[36m_nuxt/d1UDKZw1.js                              [39m[1m[2m  0.17 kB[22m[1m[22m[2m │ gzip:  0.17 kB[22m
[36mℹ[39m [2m../node_modules/.cache/nuxt/.nuxt/dist/client/[22m[36m_nuxt/XIzZ9Ap2.js                              [39m[1m[2m  0.17 kB[22m[1m[22m[2m │ gzip:  0.17 kB[22m
[36mℹ[39m [2m../node_modules/.cache/nuxt/.nuxt/dist/client/[22m[36m_nuxt/6KIyMK5Q.js                              [39m[1m[2m  0.17 kB[22m[1m[22m[2m │ gzip:  0.16 kB[22m
[36mℹ[39m [2m../node_modules/.cache/nuxt/.nuxt/dist/client/[22m[36m_nuxt/DZnZ36Ds.js                              [39m[1m[2m  0.18 kB[22m[1m[22m[2m │ gzip:  0.15 kB[22m
[36mℹ[39m [2m../node_modules/.cache/nuxt/.nuxt/dist/client/[22m[36m_nuxt/DLBoJx9n.js                              [39m[1m[2m  0.18 kB[22m[1m[22m[2m │ gzip:  0.17 kB[22m
[36mℹ[39m [2m../node_modules/.cache/nuxt/.nuxt/dist/client/[22m[36m_nuxt/B8W_3Ob3.js                              [39m[1m[2m  0.19 kB[22m[1m[22m[2m │ gzip:  0.17 kB[22m
[36mℹ[39m [2m../node_modules/.cache/nuxt/.nuxt/dist/client/[22m[36m_nuxt/D5F6vy4v.js                              [39m[1m[2m  0.19 kB[22m[1m[22m[2m │ gzip:  0.18 kB[22m
[36mℹ[39m [2m../node_modules/.cache/nuxt/.nuxt/dist/client/[22m[36m_nuxt/BPaf5ktp.js                              [39m[1m[2m  0.20 kB[22m[1m[22m[2m │ gzip:  0.18 kB[22m
[36mℹ[39m [2m../node_modules/.cache/nuxt/.nuxt/dist/client/[22m[36m_nuxt/7p0PJx_q.js                              [39m[1m[2m  0.20 kB[22m[1m[22m[2m │ gzip:  0.17 kB[22m
[36mℹ[39m [2m../node_modules/.cache/nuxt/.nuxt/dist/client/[22m[36m_nuxt/Ewmx68fv.js                              [39m[1m[2m  0.20 kB[22m[1m[22m[2m │ gzip:  0.19 kB[22m
[36mℹ[39m [2m../node_modules/.cache/nuxt/.nuxt/dist/client/[22m[36m_nuxt/DHZ8bx7A.js                              [39m[1m[2m  0.20 kB[22m[1m[22m[2m │ gzip:  0.18 kB[22m
[36mℹ[39m [2m../node_modules/.cache/nuxt/.nuxt/dist/client/[22m[36m_nuxt/CmrJsdsS.js                              [39m[1m[2m  0.20 kB[22m[1m[22m[2m │ gzip:  0.17 kB[22m
[36mℹ[39m [2m../node_modules/.cache/nuxt/.nuxt/dist/client/[22m[36m_nuxt/c8QVWOv2.js                              [39m[1m[2m  0.21 kB[22m[1m[22m[2m │ gzip:  0.16 kB[22m
[36mℹ[39m [2m../node_modules/.cache/nuxt/.nuxt/dist/client/[22m[36m_nuxt/BN_jDxKU.js                              [39m[1m[2m  0.22 kB[22m[1m[22m[2m │ gzip:  0.19 kB[22m
[36mℹ[39m [2m../node_modules/.cache/nuxt/.nuxt/dist/client/[22m[36m_nuxt/BTZN8d10.js                              [39m[1m[2m  0.22 kB[22m[1m[22m[2m │ gzip:  0.16 kB[22m
[36mℹ[39m [2m../node_modules/.cache/nuxt/.nuxt/dist/client/[22m[36m_nuxt/m8rJ4wOx.js                              [39m[1m[2m  0.22 kB[22m[1m[22m[2m │ gzip:  0.19 kB[22m
[36mℹ[39m [2m../node_modules/.cache/nuxt/.nuxt/dist/client/[22m[36m_nuxt/BleCLUFe.js                              [39m[1m[2m  0.23 kB[22m[1m[22m[2m │ gzip:  0.20 kB[22m
[36mℹ[39m [2m../node_modules/.cache/nuxt/.nuxt/dist/client/[22m[36m_nuxt/b-Nohbgc.js                              [39m[1m[2m  0.23 kB[22m[1m[22m[2m │ gzip:  0.20 kB[22m
[36mℹ[39m [2m../node_modules/.cache/nuxt/.nuxt/dist/client/[22m[36m_nuxt/o_vPuV9z.js                              [39m[1m[2m  0.23 kB[22m[1m[22m[2m │ gzip:  0.19 kB[22m
[36mℹ[39m [2m../node_modules/.cache/nuxt/.nuxt/dist/client/[22m[36m_nuxt/Be6o78qk.js                              [39m[1m[2m  0.23 kB[22m[1m[22m[2m │ gzip:  0.18 kB[22m
[36mℹ[39m [2m../node_modules/.cache/nuxt/.nuxt/dist/client/[22m[36m_nuxt/BLRJ14tU.js                              [39m[1m[2m  0.24 kB[22m[1m[22m[2m │ gzip:  0.21 kB[22m
[36mℹ[39m [2m../node_modules/.cache/nuxt/.nuxt/dist/client/[22m[36m_nuxt/apA40PEN.js                              [39m[1m[2m  0.24 kB[22m[1m[22m[2m │ gzip:  0.19 kB[22m
[36mℹ[39m [2m../node_modules/.cache/nuxt/.nuxt/dist/client/[22m[36m_nuxt/DKmZ0Xpt.js                              [39m[1m[2m  0.24 kB[22m[1m[22m[2m │ gzip:  0.20 kB[22m
[36mℹ[39m [2m../node_modules/.cache/nuxt/.nuxt/dist/client/[22m[36m_nuxt/6OFDHRmn.js                              [39m[1m[2m  0.24 kB[22m[1m[22m[2m │ gzip:  0.20 kB[22m
[36mℹ[39m [2m../node_modules/.cache/nuxt/.nuxt/dist/client/[22m[36m_nuxt/ClSmSc59.js                              [39m[1m[2m  0.24 kB[22m[1m[22m[2m │ gzip:  0.20 kB[22m
[36mℹ[39m [2m../node_modules/.cache/nuxt/.nuxt/dist/client/[22m[36m_nuxt/8lSM7Wzv.js                              [39m[1m[2m  0.25 kB[22m[1m[22m[2m │ gzip:  0.18 kB[22m
[36mℹ[39m [2m../node_modules/.cache/nuxt/.nuxt/dist/client/[22m[36m_nuxt/cckpHdlU.js                              [39m[1m[2m  0.25 kB[22m[1m[22m[2m │ gzip:  0.21 kB[22m
[36mℹ[39m [2m../node_modules/.cache/nuxt/.nuxt/dist/client/[22m[36m_nuxt/BP2GTf1V.js                              [39m[1m[2m  0.25 kB[22m[1m[22m[2m │ gzip:  0.20 kB[22m
[36mℹ[39m [2m../node_modules/.cache/nuxt/.nuxt/dist/client/[22m[36m_nuxt/CwlIFj6k.js                              [39m[1m[2m  0.25 kB[22m[1m[22m[2m │ gzip:  0.21 kB[22m
[36mℹ[39m [2m../node_modules/.cache/nuxt/.nuxt/dist/client/[22m[36m_nuxt/BMrwllPx.js                              [39m[1m[2m  0.25 kB[22m[1m[22m[2m │ gzip:  0.20 kB[22m
[36mℹ[39m [2m../node_modules/.cache/nuxt/.nuxt/dist/client/[22m[36m_nuxt/SUzaiuQ9.js                              [39m[1m[2m  0.25 kB[22m[1m[22m[2m │ gzip:  0.22 kB[22m
[36mℹ[39m [2m../node_modules/.cache/nuxt/.nuxt/dist/client/[22m[36m_nuxt/miVPjHFO.js                              [39m[1m[2m  0.26 kB[22m[1m[22m[2m │ gzip:  0.20 kB[22m
[36mℹ[39m [2m../node_modules/.cache/nuxt/.nuxt/dist/client/[22m[36m_nuxt/BEfgUTS7.js                              [39m[1m[2m  0.26 kB[22m[1m[22m[2m │ gzip:  0.21 kB[22m
[36mℹ[39m [2m../node_modules/.cache/nuxt/.nuxt/dist/client/[22m[36m_nuxt/BpygBktO.js                              [39m[1m[2m  0.27 kB[22m[1m[22m[2m │ gzip:  0.20 kB[22m
[36mℹ[39m [2m../node_modules/.cache/nuxt/.nuxt/dist/client/[22m[36m_nuxt/S5ZpVDdf.js                              [39m[1m[2m  0.27 kB[22m[1m[22m[2m │ gzip:  0.22 kB[22m
[36mℹ[39m [2m../node_modules/.cache/nuxt/.nuxt/dist/client/[22m[36m_nuxt/fmkQTC79.js                              [39m[1m[2m  0.27 kB[22m[1m[22m[2m │ gzip:  0.22 kB[22m
[36mℹ[39m [2m../node_modules/.cache/nuxt/.nuxt/dist/client/[22m[36m_nuxt/C95AplMv.js                              [39m[1m[2m  0.27 kB[22m[1m[22m[2m │ gzip:  0.18 kB[22m
[36mℹ[39m [2m../node_modules/.cache/nuxt/.nuxt/dist/client/[22m[36m_nuxt/DCiqSa3A.js                              [39m[1m[2m  0.27 kB[22m[1m[22m[2m │ gzip:  0.20 kB[22m
[36mℹ[39m [2m../node_modules/.cache/nuxt/.nuxt/dist/client/[22m[36m_nuxt/Cq7Bajsr.js                              [39m[1m[2m  0.28 kB[22m[1m[22m[2m │ gzip:  0.19 kB[22m
[36mℹ[39m [2m../node_modules/.cache/nuxt/.nuxt/dist/client/[22m[36m_nuxt/DgS8Zy7J.js                              [39m[1m[2m  0.28 kB[22m[1m[22m[2m │ gzip:  0.20 kB[22m
[36mℹ[39m [2m../node_modules/.cache/nuxt/.nuxt/dist/client/[22m[36m_nuxt/BiXkRpKv.js                              [39m[1m[2m  0.28 kB[22m[1m[22m[2m │ gzip:  0.23 kB[22m
[36mℹ[39m [2m../node_modules/.cache/nuxt/.nuxt/dist/client/[22m[36m_nuxt/BwRrs_mn.js                              [39m[1m[2m  0.28 kB[22m[1m[22m[2m │ gzip:  0.20 kB[22m
[36mℹ[39m [2m../node_modules/.cache/nuxt/.nuxt/dist/client/[22m[36m_nuxt/BzBHvZ7C.js                              [39m[1m[2m  0.29 kB[22m[1m[22m[2m │ gzip:  0.23 kB[22m
[36mℹ[39m [2m../node_modules/.cache/nuxt/.nuxt/dist/client/[22m[36m_nuxt/DKcWmbCh.js                              [39m[1m[2m  0.29 kB[22m[1m[22m[2m │ gzip:  0.23 kB[22m
[36mℹ[39m [2m../node_modules/.cache/nuxt/.nuxt/dist/client/[22m[36m_nuxt/C72rnSb2.js                              [39m[1m[2m  0.29 kB[22m[1m[22m[2m │ gzip:  0.23 kB[22m
[36mℹ[39m [2m../node_modules/.cache/nuxt/.nuxt/dist/client/[22m[36m_nuxt/087rBNBY.js                              [39m[1m[2m  0.29 kB[22m[1m[22m[2m │ gzip:  0.19 kB[22m
[36mℹ[39m [2m../node_modules/.cache/nuxt/.nuxt/dist/client/[22m[36m_nuxt/1pLI02c4.js                              [39m[1m[2m  0.30 kB[22m[1m[22m[2m │ gzip:  0.24 kB[22m
[36mℹ[39m [2m../node_modules/.cache/nuxt/.nuxt/dist/client/[22m[36m_nuxt/CMI3Di4_.js                              [39m[1m[2m  0.30 kB[22m[1m[22m[2m │ gzip:  0.23 kB[22m
[36mℹ[39m [2m../node_modules/.cache/nuxt/.nuxt/dist/client/[22m[36m_nuxt/Bk7TX4lT.js                              [39m[1m[2m  0.30 kB[22m[1m[22m[2m │ gzip:  0.22 kB[22m
[36mℹ[39m [2m../node_modules/.cache/nuxt/.nuxt/dist/client/[22m[36m_nuxt/B8tuX8xC.js                              [39m[1m[2m  0.30 kB[22m[1m[22m[2m │ gzip:  0.22 kB[22m
[36mℹ[39m [2m../node_modules/.cache/nuxt/.nuxt/dist/client/[22m[36m_nuxt/DCE5Fr50.js                              [39m[1m[2m  0.31 kB[22m[1m[22m[2m │ gzip:  0.22 kB[22m
[36mℹ[39m [2m../node_modules/.cache/nuxt/.nuxt/dist/client/[22m[36m_nuxt/D4k8KE3j.js                              [39m[1m[2m  0.31 kB[22m[1m[22m[2m │ gzip:  0.23 kB[22m
[36mℹ[39m [2m../node_modules/.cache/nuxt/.nuxt/dist/client/[22m[36m_nuxt/Dl0n6NCs.js                              [39m[1m[2m  0.31 kB[22m[1m[22m[2m │ gzip:  0.23 kB[22m
[36mℹ[39m [2m../node_modules/.cache/nuxt/.nuxt/dist/client/[22m[36m_nuxt/03DibUnG.js                              [39m[1m[2m  0.32 kB[22m[1m[22m[2m │ gzip:  0.23 kB[22m
[36mℹ[39m [2m../node_modules/.cache/nuxt/.nuxt/dist/client/[22m[36m_nuxt/wWLRqUjw.js                              [39m[1m[2m  0.32 kB[22m[1m[22m[2m │ gzip:  0.22 kB[22m
[36mℹ[39m [2m../node_modules/.cache/nuxt/.nuxt/dist/client/[22m[36m_nuxt/DuW2Q-nr.js                              [39m[1m[2m  0.32 kB[22m[1m[22m[2m │ gzip:  0.21 kB[22m
[36mℹ[39m [2m../node_modules/.cache/nuxt/.nuxt/dist/client/[22m[36m_nuxt/BssjGuu5.js                              [39m[1m[2m  0.32 kB[22m[1m[22m[2m │ gzip:  0.23 kB[22m
[36mℹ[39m [2m../node_modules/.cache/nuxt/.nuxt/dist/client/[22m[36m_nuxt/BK7UGwLz.js                              [39m[1m[2m  0.32 kB[22m[1m[22m[2m │ gzip:  0.24 kB[22m
[36mℹ[39m [2m../node_modules/.cache/nuxt/.nuxt/dist/client/[22m[36m_nuxt/Rd33v_-2.js                              [39m[1m[2m  0.32 kB[22m[1m[22m[2m │ gzip:  0.25 kB[22m
[36mℹ[39m [2m../node_modules/.cache/nuxt/.nuxt/dist/client/[22m[36m_nuxt/CeMKBnYY.js                              [39m[1m[2m  0.32 kB[22m[1m[22m[2m │ gzip:  0.21 kB[22m
[36mℹ[39m [2m../node_modules/.cache/nuxt/.nuxt/dist/client/[22m[36m_nuxt/DrpVz6ye.js                              [39m[1m[2m  0.33 kB[22m[1m[22m[2m │ gzip:  0.21 kB[22m
[36mℹ[39m [2m../node_modules/.cache/nuxt/.nuxt/dist/client/[22m[36m_nuxt/DnQXUp80.js                              [39m[1m[2m  0.33 kB[22m[1m[22m[2m │ gzip:  0.22 kB[22m
[36mℹ[39m [2m../node_modules/.cache/nuxt/.nuxt/dist/client/[22m[36m_nuxt/D9rTmgLt.js                              [39m[1m[2m  0.33 kB[22m[1m[22m[2m │ gzip:  0.21 kB[22m
[36mℹ[39m [2m../node_modules/.cache/nuxt/.nuxt/dist/client/[22m[36m_nuxt/CzFAFkle.js                              [39m[1m[2m  0.34 kB[22m[1m[22m[2m │ gzip:  0.24 kB[22m
[36mℹ[39m [2m../node_modules/.cache/nuxt/.nuxt/dist/client/[22m[36m_nuxt/Cgl36N9D.js                              [39m[1m[2m  0.34 kB[22m[1m[22m[2m │ gzip:  0.23 kB[22m
[36mℹ[39m [2m../node_modules/.cache/nuxt/.nuxt/dist/client/[22m[36m_nuxt/1EGkr15I.js                              [39m[1m[2m  0.35 kB[22m[1m[22m[2m │ gzip:  0.26 kB[22m
[36mℹ[39m [2m../node_modules/.cache/nuxt/.nuxt/dist/client/[22m[36m_nuxt/DPPSA-6Z.js                              [39m[1m[2m  0.36 kB[22m[1m[22m[2m │ gzip:  0.23 kB[22m
[36mℹ[39m [2m../node_modules/.cache/nuxt/.nuxt/dist/client/[22m[36m_nuxt/wzhr9icI.js                              [39m[1m[2m  0.37 kB[22m[1m[22m[2m │ gzip:  0.25 kB[22m
[36mℹ[39m [2m../node_modules/.cache/nuxt/.nuxt/dist/client/[22m[36m_nuxt/CBYeoS3A.js                              [39m[1m[2m  0.37 kB[22m[1m[22m[2m │ gzip:  0.25 kB[22m
[36mℹ[39m [2m../node_modules/.cache/nuxt/.nuxt/dist/client/[22m[36m_nuxt/W1fxeIyh.js                              [39m[1m[2m  0.38 kB[22m[1m[22m[2m │ gzip:  0.22 kB[22m
[36mℹ[39m [2m../node_modules/.cache/nuxt/.nuxt/dist/client/[22m[36m_nuxt/D5da5_9c.js                              [39m[1m[2m  0.38 kB[22m[1m[22m[2m │ gzip:  0.24 kB[22m
[36mℹ[39m [2m../node_modules/.cache/nuxt/.nuxt/dist/client/[22m[36m_nuxt/Deb9mWUJ.js                              [39m[1m[2m  0.38 kB[22m[1m[22m[2m │ gzip:  0.23 kB[22m
[36mℹ[39m [2m../node_modules/.cache/nuxt/.nuxt/dist/client/[22m[36m_nuxt/BJrpf6nQ.js                              [39m[1m[2m  0.38 kB[22m[1m[22m[2m │ gzip:  0.25 kB[22m
[36mℹ[39m [2m../node_modules/.cache/nuxt/.nuxt/dist/client/[22m[36m_nuxt/COZiWmvA.js                              [39m[1m[2m  0.38 kB[22m[1m[22m[2m │ gzip:  0.24 kB[22m
[36mℹ[39m [2m../node_modules/.cache/nuxt/.nuxt/dist/client/[22m[36m_nuxt/MItJYzF-.js                              [39m[1m[2m  0.40 kB[22m[1m[22m[2m │ gzip:  0.27 kB[22m
[36mℹ[39m [2m../node_modules/.cache/nuxt/.nuxt/dist/client/[22m[36m_nuxt/D-w6fz1H.js                              [39m[1m[2m  0.41 kB[22m[1m[22m[2m │ gzip:  0.26 kB[22m
[36mℹ[39m [2m../node_modules/.cache/nuxt/.nuxt/dist/client/[22m[36m_nuxt/p9F6jlkW.js                              [39m[1m[2m  0.41 kB[22m[1m[22m[2m │ gzip:  0.28 kB[22m
[36mℹ[39m [2m../node_modules/.cache/nuxt/.nuxt/dist/client/[22m[36m_nuxt/C5ttiUDR.js                              [39m[1m[2m  0.42 kB[22m[1m[22m[2m │ gzip:  0.24 kB[22m
[36mℹ[39m [2m../node_modules/.cache/nuxt/.nuxt/dist/client/[22m[36m_nuxt/BcAKwbg9.js                              [39m[1m[2m  0.42 kB[22m[1m[22m[2m │ gzip:  0.24 kB[22m
[36mℹ[39m [2m../node_modules/.cache/nuxt/.nuxt/dist/client/[22m[36m_nuxt/C-INp_DM.js                              [39m[1m[2m  0.42 kB[22m[1m[22m[2m │ gzip:  0.26 kB[22m
[36mℹ[39m [2m../node_modules/.cache/nuxt/.nuxt/dist/client/[22m[36m_nuxt/bjYa9gz6.js                              [39m[1m[2m  0.44 kB[22m[1m[22m[2m │ gzip:  0.28 kB[22m
[36mℹ[39m [2m../node_modules/.cache/nuxt/.nuxt/dist/client/[22m[36m_nuxt/X5zKC88_.js                              [39m[1m[2m  0.45 kB[22m[1m[22m[2m │ gzip:  0.29 kB[22m
[36mℹ[39m [2m../node_modules/.cache/nuxt/.nuxt/dist/client/[22m[36m_nuxt/C06ijCvS.js                              [39m[1m[2m  0.47 kB[22m[1m[22m[2m │ gzip:  0.29 kB[22m
[36mℹ[39m [2m../node_modules/.cache/nuxt/.nuxt/dist/client/[22m[36m_nuxt/CWjqKemy.js                              [39m[1m[2m  0.49 kB[22m[1m[22m[2m │ gzip:  0.27 kB[22m
[36mℹ[39m [2m../node_modules/.cache/nuxt/.nuxt/dist/client/[22m[36m_nuxt/BR8wMAYL.js                              [39m[1m[2m  0.49 kB[22m[1m[22m[2m │ gzip:  0.28 kB[22m
[36mℹ[39m [2m../node_modules/.cache/nuxt/.nuxt/dist/client/[22m[36m_nuxt/kRYxaa0Q.js                              [39m[1m[2m  0.49 kB[22m[1m[22m[2m │ gzip:  0.28 kB[22m
[36mℹ[39m [2m../node_modules/.cache/nuxt/.nuxt/dist/client/[22m[36m_nuxt/DdiMt40v.js                              [39m[1m[2m  0.51 kB[22m[1m[22m[2m │ gzip:  0.29 kB[22m
[36mℹ[39m [2m../node_modules/.cache/nuxt/.nuxt/dist/client/[22m[36m_nuxt/CQIx31IU.js                              [39m[1m[2m  0.53 kB[22m[1m[22m[2m │ gzip:  0.28 kB[22m
[36mℹ[39m [2m../node_modules/.cache/nuxt/.nuxt/dist/client/[22m[36m_nuxt/B9ToJzM-.js                              [39m[1m[2m  0.53 kB[22m[1m[22m[2m │ gzip:  0.32 kB[22m
[36mℹ[39m [2m../node_modules/.cache/nuxt/.nuxt/dist/client/[22m[36m_nuxt/yvyExAZ6.js                              [39m[1m[2m  0.62 kB[22m[1m[22m[2m │ gzip:  0.32 kB[22m
[36mℹ[39m [2m../node_modules/.cache/nuxt/.nuxt/dist/client/[22m[36m_nuxt/BIQ8Pfa2.js                              [39m[1m[2m  0.65 kB[22m[1m[22m[2m │ gzip:  0.28 kB[22m
[36mℹ[39m [2m../node_modules/.cache/nuxt/.nuxt/dist/client/[22m[36m_nuxt/pHWM8wZ9.js                              [39m[1m[2m  0.67 kB[22m[1m[22m[2m │ gzip:  0.32 kB[22m
[36mℹ[39m [2m../node_modules/.cache/nuxt/.nuxt/dist/client/[22m[36m_nuxt/CkARX6CH.js                              [39m[1m[2m  0.85 kB[22m[1m[22m[2m │ gzip:  0.39 kB[22m
[36mℹ[39m [2m../node_modules/.cache/nuxt/.nuxt/dist/client/[22m[36m_nuxt/DajkE6p6.js                              [39m[1m[2m  0.90 kB[22m[1m[22m[2m │ gzip:  0.42 kB[22m
[36mℹ[39m [2m../node_modules/.cache/nuxt/.nuxt/dist/client/[22m[36m_nuxt/3R_lKuGO.js                              [39m[1m[2m  1.19 kB[22m[1m[22m[2m │ gzip:  0.60 kB[22m
[36mℹ[39m [2m../node_modules/.cache/nuxt/.nuxt/dist/client/[22m[36m_nuxt/C-YbsEFv.js                              [39m[1m[2m  9.86 kB[22m[1m[22m[2m │ gzip:  4.04 kB[22m
[36mℹ[39m [2m../node_modules/.cache/nuxt/.nuxt/dist/client/[22m[36m_nuxt/CNwETV8Z.js                              [39m[1m[2m  9.98 kB[22m[1m[22m[2m │ gzip:  3.42 kB[22m
[36mℹ[39m [2m../node_modules/.cache/nuxt/.nuxt/dist/client/[22m[36m_nuxt/BDbsx0RQ.js                              [39m[1m[2m 21.68 kB[22m[1m[22m[2m │ gzip:  6.33 kB[22m
[36mℹ[39m [2m../node_modules/.cache/nuxt/.nuxt/dist/client/[22m[36m_nuxt/D4lil7O5.js                              [39m[1m[2m 24.70 kB[22m[1m[22m[2m │ gzip:  7.66 kB[22m
[36mℹ[39m [2m../node_modules/.cache/nuxt/.nuxt/dist/client/[22m[36m_nuxt/Bx_e9H5D.js                              [39m[1m[2m 24.77 kB[22m[1m[22m[2m │ gzip:  7.82 kB[22m
[36mℹ[39m [2m../node_modules/.cache/nuxt/.nuxt/dist/client/[22m[36m_nuxt/Ba50bv-x.js                              [39m[1m[2m 24.77 kB[22m[1m[22m[2m │ gzip:  8.65 kB[22m
[36mℹ[39m [2m../node_modules/.cache/nuxt/.nuxt/dist/client/[22m[36m_nuxt/CRE53aWa.js                              [39m[1m[2m 25.61 kB[22m[1m[22m[2m │ gzip:  8.05 kB[22m
[36mℹ[39m [2m../node_modules/.cache/nuxt/.nuxt/dist/client/[22m[36m_nuxt/BaeOWYYt.js                              [39m[1m[2m 26.05 kB[22m[1m[22m[2m │ gzip:  8.35 kB[22m
[36mℹ[39m [2m../node_modules/.cache/nuxt/.nuxt/dist/client/[22m[36m_nuxt/DyG9IGlc.js                              [39m[1m[2m 26.89 kB[22m[1m[22m[2m │ gzip:  8.51 kB[22m
[36mℹ[39m [2m../node_modules/.cache/nuxt/.nuxt/dist/client/[22m[36m_nuxt/DyW8jJ1H.js                              [39m[1m[2m 27.40 kB[22m[1m[22m[2m │ gzip:  8.20 kB[22m
[36mℹ[39m [2m../node_modules/.cache/nuxt/.nuxt/dist/client/[22m[36m_nuxt/DEPlX8kC.js                              [39m[1m[2m 29.13 kB[22m[1m[22m[2m │ gzip:  7.59 kB[22m
[36mℹ[39m [2m../node_modules/.cache/nuxt/.nuxt/dist/client/[22m[36m_nuxt/FkcR5uY6.js                              [39m[1m[2m 29.67 kB[22m[1m[22m[2m │ gzip:  8.18 kB[22m
[36mℹ[39m [2m../node_modules/.cache/nuxt/.nuxt/dist/client/[22m[36m_nuxt/NNnqTLV5.js                              [39m[1m[2m 30.03 kB[22m[1m[22m[2m │ gzip:  8.81 kB[22m
[36mℹ[39m [2m../node_modules/.cache/nuxt/.nuxt/dist/client/[22m[36m_nuxt/ChP6-61Q.js                              [39m[1m[2m 30.39 kB[22m[1m[22m[2m │ gzip: 10.04 kB[22m
[36mℹ[39m [2m../node_modules/.cache/nuxt/.nuxt/dist/client/[22m[36m_nuxt/CbLvo8qd.js                              [39m[1m[2m 33.01 kB[22m[1m[22m[2m │ gzip:  9.92 kB[22m
[36mℹ[39m [2m../node_modules/.cache/nuxt/.nuxt/dist/client/[22m[36m_nuxt/KpFTPmrZ.js                              [39m[1m[2m 33.22 kB[22m[1m[22m[2m │ gzip: 11.06 kB[22m
[36mℹ[39m [2m../node_modules/.cache/nuxt/.nuxt/dist/client/[22m[36m_nuxt/Djx3E9pq.js                              [39m[1m[2m 33.39 kB[22m[1m[22m[2m │ gzip:  9.96 kB[22m
[36mℹ[39m [2m../node_modules/.cache/nuxt/.nuxt/dist/client/[22m[36m_nuxt/7OhZW3Nz.js                              [39m[1m[2m 34.91 kB[22m[1m[22m[2m │ gzip: 10.60 kB[22m
[36mℹ[39m [2m../node_modules/.cache/nuxt/.nuxt/dist/client/[22m[36m_nuxt/Bd6V1ZoS.js                              [39m[1m[2m 35.00 kB[22m[1m[22m[2m │ gzip: 10.48 kB[22m
[36mℹ[39m [2m../node_modules/.cache/nuxt/.nuxt/dist/client/[22m[36m_nuxt/C4r9RRYV.js                              [39m[1m[2m 35.05 kB[22m[1m[22m[2m │ gzip:  9.35 kB[22m
[36mℹ[39m [2m../node_modules/.cache/nuxt/.nuxt/dist/client/[22m[36m_nuxt/DSd8MZ02.js                              [39m[1m[2m 35.15 kB[22m[1m[22m[2m │ gzip: 10.88 kB[22m
[36mℹ[39m [2m../node_modules/.cache/nuxt/.nuxt/dist/client/[22m[36m_nuxt/eJfoHJCz.js                              [39m[1m[2m 35.50 kB[22m[1m[22m[2m │ gzip: 10.57 kB[22m
[36mℹ[39m [2m../node_modules/.cache/nuxt/.nuxt/dist/client/[22m[36m_nuxt/Bn1eaGPr.js                              [39m[1m[2m 36.52 kB[22m[1m[22m[2m │ gzip:  9.74 kB[22m
[36mℹ[39m [2m../node_modules/.cache/nuxt/.nuxt/dist/client/[22m[36m_nuxt/Ba1UewUW.js                              [39m[1m[2m 36.58 kB[22m[1m[22m[2m │ gzip:  9.05 kB[22m
[36mℹ[39m [2m../node_modules/.cache/nuxt/.nuxt/dist/client/[22m[36m_nuxt/CB8TB36b.js                              [39m[1m[2m 38.03 kB[22m[1m[22m[2m │ gzip: 10.80 kB[22m
[36mℹ[39m [2m../node_modules/.cache/nuxt/.nuxt/dist/client/[22m[36m_nuxt/KpgJCala.js                              [39m[1m[2m 39.52 kB[22m[1m[22m[2m │ gzip: 11.72 kB[22m
[36mℹ[39m [2m../node_modules/.cache/nuxt/.nuxt/dist/client/[22m[36m_nuxt/k8OqQiYy.js                              [39m[1m[2m 41.87 kB[22m[1m[22m[2m │ gzip: 12.22 kB[22m
[36mℹ[39m [2m../node_modules/.cache/nuxt/.nuxt/dist/client/[22m[36m_nuxt/CBgGlIFN.js                              [39m[1m[2m 42.21 kB[22m[1m[22m[2m │ gzip: 10.07 kB[22m
[36mℹ[39m [2m../node_modules/.cache/nuxt/.nuxt/dist/client/[22m[36m_nuxt/CP5duWot.js                              [39m[1m[2m 42.26 kB[22m[1m[22m[2m │ gzip: 13.27 kB[22m
[36mℹ[39m [2m../node_modules/.cache/nuxt/.nuxt/dist/client/[22m[36m_nuxt/D05DIJ-v.js                              [39m[1m[2m 43.35 kB[22m[1m[22m[2m │ gzip: 12.97 kB[22m
[36mℹ[39m [2m../node_modules/.cache/nuxt/.nuxt/dist/client/[22m[36m_nuxt/Efynyx5P.js                              [39m[1m[2m 44.59 kB[22m[1m[22m[2m │ gzip: 13.46 kB[22m
[36mℹ[39m [2m../node_modules/.cache/nuxt/.nuxt/dist/client/[22m[36m_nuxt/AhxrIFSJ.js                              [39m[1m[2m 49.04 kB[22m[1m[22m[2m │ gzip: 14.66 kB[22m
[36mℹ[39m [2m../node_modules/.cache/nuxt/.nuxt/dist/client/[22m[36m_nuxt/Beiz2MkT.js                              [39m[1m[2m 50.18 kB[22m[1m[22m[2m │ gzip: 15.13 kB[22m
[36mℹ[39m [2m../node_modules/.cache/nuxt/.nuxt/dist/client/[22m[36m_nuxt/eaZtedvd.js                              [39m[1m[2m 57.25 kB[22m[1m[22m[2m │ gzip: 14.55 kB[22m
[36mℹ[39m [2m../node_modules/.cache/nuxt/.nuxt/dist/client/[22m[36m_nuxt/D-ol0qpK.js                              [39m[1m[2m 78.20 kB[22m[1m[22m[2m │ gzip: 27.63 kB[22m
[36mℹ[39m [2m../node_modules/.cache/nuxt/.nuxt/dist/client/[22m[36m_nuxt/BiBITo8h.js                              [39m[1m[2m216.44 kB[22m[1m[22m[2m │ gzip: 81.17 kB[22m
[36mℹ[39m [32m✓ built in 12.36s[39m
[32m✔[39m Client built in 12378ms
[36mℹ[39m Building server...
[36mℹ[39m [36mvite v7.3.3 [32mbuilding ssr environment for production...[36m[39m
[36mℹ[39m transforming...

[43m[30m WARN [39m[49m [33m[plugin @tailwindcss/vite:generate:build] Sourcemap is likely to be incorrect: a plugin (@tailwindcss/vite:generate:build) was used to transform files, but didn't generate a sourcemap for the transformation. Consult the plugin documentation for help[39m


[43m[30m WARN [39m[49m [33m[plugin @tailwindcss/vite:generate:build] Sourcemap is likely to be incorrect: a plugin (@tailwindcss/vite:generate:build) was used to transform files, but didn't generate a sourcemap for the transformation. Consult the plugin documentation for help[39m[2m (x2)[22m


[43m[30m WARN [39m[49m [33m[plugin @tailwindcss/vite:generate:build] Sourcemap is likely to be incorrect: a plugin (@tailwindcss/vite:generate:build) was used to transform files, but didn't generate a sourcemap for the transformation. Consult the plugin documentation for help[39m[2m (x3)[22m


[43m[30m WARN [39m[49m [33m[plugin @tailwindcss/vite:generate:build] Sourcemap is likely to be incorrect: a plugin (@tailwindcss/vite:generate:build) was used to transform files, but didn't generate a sourcemap for the transformation. Consult the plugin documentation for help[39m[2m (x4)[22m


[43m[30m WARN [39m[49m [33m[plugin @tailwindcss/vite:generate:build] Sourcemap is likely to be incorrect: a plugin (@tailwindcss/vite:generate:build) was used to transform files, but didn't generate a sourcemap for the transformation. Consult the plugin documentation for help[39m[2m (x5)[22m


[43m[30m WARN [39m[49m [33m[plugin @tailwindcss/vite:generate:build] Sourcemap is likely to be incorrect: a plugin (@tailwindcss/vite:generate:build) was used to transform files, but didn't generate a sourcemap for the transformation. Consult the plugin documentation for help[39m[2m (x6)[22m


[43m[30m WARN [39m[49m [33m[plugin @tailwindcss/vite:generate:build] Sourcemap is likely to be incorrect: a plugin (@tailwindcss/vite:generate:build) was used to transform files, but didn't generate a sourcemap for the transformation. Consult the plugin documentation for help[39m[2m (x7)[22m


[43m[30m WARN [39m[49m [33m[plugin @tailwindcss/vite:generate:build] Sourcemap is likely to be incorrect: a plugin (@tailwindcss/vite:generate:build) was used to transform files, but didn't generate a sourcemap for the transformation. Consult the plugin documentation for help[39m[2m (x8)[22m


[43m[30m WARN [39m[49m [33m[plugin @tailwindcss/vite:generate:build] Sourcemap is likely to be incorrect: a plugin (@tailwindcss/vite:generate:build) was used to transform files, but didn't generate a sourcemap for the transformation. Consult the plugin documentation for help[39m[2m (x9)[22m


[43m[30m WARN [39m[49m [33m[plugin @tailwindcss/vite:generate:build] Sourcemap is likely to be incorrect: a plugin (@tailwindcss/vite:generate:build) was used to transform files, but didn't generate a sourcemap for the transformation. Consult the plugin documentation for help[39m[2m (x10)[22m


[43m[30m WARN [39m[49m [33m[plugin @tailwindcss/vite:generate:build] Sourcemap is likely to be incorrect: a plugin (@tailwindcss/vite:generate:build) was used to transform files, but didn't generate a sourcemap for the transformation. Consult the plugin documentation for help[39m[2m (x11)[22m


[43m[30m WARN [39m[49m [33m[plugin @tailwindcss/vite:generate:build] Sourcemap is likely to be incorrect: a plugin (@tailwindcss/vite:generate:build) was used to transform files, but didn't generate a sourcemap for the transformation. Consult the plugin documentation for help[39m[2m (x12)[22m


[43m[30m WARN [39m[49m [33m[plugin @tailwindcss/vite:generate:build] Sourcemap is likely to be incorrect: a plugin (@tailwindcss/vite:generate:build) was used to transform files, but didn't generate a sourcemap for the transformation. Consult the plugin documentation for help[39m[2m (x13)[22m


[43m[30m WARN [39m[49m [33m[plugin @tailwindcss/vite:generate:build] Sourcemap is likely to be incorrect: a plugin (@tailwindcss/vite:generate:build) was used to transform files, but didn't generate a sourcemap for the transformation. Consult the plugin documentation for help[39m[2m (x14)[22m


[43m[30m WARN [39m[49m [33m[plugin @tailwindcss/vite:generate:build] Sourcemap is likely to be incorrect: a plugin (@tailwindcss/vite:generate:build) was used to transform files, but didn't generate a sourcemap for the transformation. Consult the plugin documentation for help[39m[2m (x15)[22m


[43m[30m WARN [39m[49m [33m[plugin @tailwindcss/vite:generate:build] Sourcemap is likely to be incorrect: a plugin (@tailwindcss/vite:generate:build) was used to transform files, but didn't generate a sourcemap for the transformation. Consult the plugin documentation for help[39m[2m (x16)[22m


[43m[30m WARN [39m[49m [33m[plugin @tailwindcss/vite:generate:build] Sourcemap is likely to be incorrect: a plugin (@tailwindcss/vite:generate:build) was used to transform files, but didn't generate a sourcemap for the transformation. Consult the plugin documentation for help[39m[2m (x17)[22m


[43m[30m WARN [39m[49m [33m[plugin @tailwindcss/vite:generate:build] Sourcemap is likely to be incorrect: a plugin (@tailwindcss/vite:generate:build) was used to transform files, but didn't generate a sourcemap for the transformation. Consult the plugin documentation for help[39m[2m (x18)[22m


[43m[30m WARN [39m[49m [33m[plugin @tailwindcss/vite:generate:build] Sourcemap is likely to be incorrect: a plugin (@tailwindcss/vite:generate:build) was used to transform files, but didn't generate a sourcemap for the transformation. Consult the plugin documentation for help[39m[2m (x19)[22m


[43m[30m WARN [39m[49m [33m[plugin @tailwindcss/vite:generate:build] Sourcemap is likely to be incorrect: a plugin (@tailwindcss/vite:generate:build) was used to transform files, but didn't generate a sourcemap for the transformation. Consult the plugin documentation for help[39m[2m (x20)[22m


[43m[30m WARN [39m[49m [33m[plugin @tailwindcss/vite:generate:build] Sourcemap is likely to be incorrect: a plugin (@tailwindcss/vite:generate:build) was used to transform files, but didn't generate a sourcemap for the transformation. Consult the plugin documentation for help[39m[2m (x21)[22m


[43m[30m WARN [39m[49m [33m[plugin @tailwindcss/vite:generate:build] Sourcemap is likely to be incorrect: a plugin (@tailwindcss/vite:generate:build) was used to transform files, but didn't generate a sourcemap for the transformation. Consult the plugin documentation for help[39m[2m (x22)[22m


[43m[30m WARN [39m[49m [33m[plugin @tailwindcss/vite:generate:build] Sourcemap is likely to be incorrect: a plugin (@tailwindcss/vite:generate:build) was used to transform files, but didn't generate a sourcemap for the transformation. Consult the plugin documentation for help[39m[2m (x23)[22m


[43m[30m WARN [39m[49m [33m[plugin @tailwindcss/vite:generate:build] Sourcemap is likely to be incorrect: a plugin (@tailwindcss/vite:generate:build) was used to transform files, but didn't generate a sourcemap for the transformation. Consult the plugin documentation for help[39m[2m (x24)[22m


[43m[30m WARN [39m[49m [33m[plugin @tailwindcss/vite:generate:build] Sourcemap is likely to be incorrect: a plugin (@tailwindcss/vite:generate:build) was used to transform files, but didn't generate a sourcemap for the transformation. Consult the plugin documentation for help[39m[2m (x25)[22m


[43m[30m WARN [39m[49m [33m[plugin @tailwindcss/vite:generate:build] Sourcemap is likely to be incorrect: a plugin (@tailwindcss/vite:generate:build) was used to transform files, but didn't generate a sourcemap for the transformation. Consult the plugin documentation for help[39m[2m (x26)[22m


[43m[30m WARN [39m[49m [33m[plugin @tailwindcss/vite:generate:build] Sourcemap is likely to be incorrect: a plugin (@tailwindcss/vite:generate:build) was used to transform files, but didn't generate a sourcemap for the transformation. Consult the plugin documentation for help[39m[2m (x27)[22m


[43m[30m WARN [39m[49m [33m[plugin @tailwindcss/vite:generate:build] Sourcemap is likely to be incorrect: a plugin (@tailwindcss/vite:generate:build) was used to transform files, but didn't generate a sourcemap for the transformation. Consult the plugin documentation for help[39m[2m (x28)[22m


[43m[30m WARN [39m[49m [33m[plugin @tailwindcss/vite:generate:build] Sourcemap is likely to be incorrect: a plugin (@tailwindcss/vite:generate:build) was used to transform files, but didn't generate a sourcemap for the transformation. Consult the plugin documentation for help[39m[2m (x29)[22m


[43m[30m WARN [39m[49m [33m[plugin @tailwindcss/vite:generate:build] Sourcemap is likely to be incorrect: a plugin (@tailwindcss/vite:generate:build) was used to transform files, but didn't generate a sourcemap for the transformation. Consult the plugin documentation for help[39m[2m (x30)[22m


[43m[30m WARN [39m[49m [33m[plugin @tailwindcss/vite:generate:build] Sourcemap is likely to be incorrect: a plugin (@tailwindcss/vite:generate:build) was used to transform files, but didn't generate a sourcemap for the transformation. Consult the plugin documentation for help[39m[2m (x31)[22m


[43m[30m WARN [39m[49m [33m[plugin @tailwindcss/vite:generate:build] Sourcemap is likely to be incorrect: a plugin (@tailwindcss/vite:generate:build) was used to transform files, but didn't generate a sourcemap for the transformation. Consult the plugin documentation for help[39m[2m (x32)[22m


[43m[30m WARN [39m[49m [33m[plugin @tailwindcss/vite:generate:build] Sourcemap is likely to be incorrect: a plugin (@tailwindcss/vite:generate:build) was used to transform files, but didn't generate a sourcemap for the transformation. Consult the plugin documentation for help[39m[2m (x33)[22m


[43m[30m WARN [39m[49m [33m[plugin @tailwindcss/vite:generate:build] Sourcemap is likely to be incorrect: a plugin (@tailwindcss/vite:generate:build) was used to transform files, but didn't generate a sourcemap for the transformation. Consult the plugin documentation for help[39m[2m (x34)[22m


[43m[30m WARN [39m[49m [33m[plugin @tailwindcss/vite:generate:build] Sourcemap is likely to be incorrect: a plugin (@tailwindcss/vite:generate:build) was used to transform files, but didn't generate a sourcemap for the transformation. Consult the plugin documentation for help[39m[2m (x35)[22m


[43m[30m WARN [39m[49m [33m[plugin @tailwindcss/vite:generate:build] Sourcemap is likely to be incorrect: a plugin (@tailwindcss/vite:generate:build) was used to transform files, but didn't generate a sourcemap for the transformation. Consult the plugin documentation for help[39m[2m (x36)[22m


[43m[30m WARN [39m[49m [33m[plugin @tailwindcss/vite:generate:build] Sourcemap is likely to be incorrect: a plugin (@tailwindcss/vite:generate:build) was used to transform files, but didn't generate a sourcemap for the transformation. Consult the plugin documentation for help[39m[2m (x37)[22m


[43m[30m WARN [39m[49m [33m[plugin @tailwindcss/vite:generate:build] Sourcemap is likely to be incorrect: a plugin (@tailwindcss/vite:generate:build) was used to transform files, but didn't generate a sourcemap for the transformation. Consult the plugin documentation for help[39m[2m (x38)[22m


[43m[30m WARN [39m[49m [33m[plugin @tailwindcss/vite:generate:build] Sourcemap is likely to be incorrect: a plugin (@tailwindcss/vite:generate:build) was used to transform files, but didn't generate a sourcemap for the transformation. Consult the plugin documentation for help[39m[2m (x39)[22m


[43m[30m WARN [39m[49m [33m[plugin @tailwindcss/vite:generate:build] Sourcemap is likely to be incorrect: a plugin (@tailwindcss/vite:generate:build) was used to transform files, but didn't generate a sourcemap for the transformation. Consult the plugin documentation for help[39m[2m (x40)[22m


[43m[30m WARN [39m[49m [33m[plugin @tailwindcss/vite:generate:build] Sourcemap is likely to be incorrect: a plugin (@tailwindcss/vite:generate:build) was used to transform files, but didn't generate a sourcemap for the transformation. Consult the plugin documentation for help[39m[2m (x41)[22m


[43m[30m WARN [39m[49m [33m[plugin @tailwindcss/vite:generate:build] Sourcemap is likely to be incorrect: a plugin (@tailwindcss/vite:generate:build) was used to transform files, but didn't generate a sourcemap for the transformation. Consult the plugin documentation for help[39m[2m (x42)[22m


[43m[30m WARN [39m[49m [33m[plugin @tailwindcss/vite:generate:build] Sourcemap is likely to be incorrect: a plugin (@tailwindcss/vite:generate:build) was used to transform files, but didn't generate a sourcemap for the transformation. Consult the plugin documentation for help[39m[2m (x43)[22m


[43m[30m WARN [39m[49m [33m[plugin @tailwindcss/vite:generate:build] Sourcemap is likely to be incorrect: a plugin (@tailwindcss/vite:generate:build) was used to transform files, but didn't generate a sourcemap for the transformation. Consult the plugin documentation for help[39m[2m (x44)[22m


[43m[30m WARN [39m[49m [33m[plugin @tailwindcss/vite:generate:build] Sourcemap is likely to be incorrect: a plugin (@tailwindcss/vite:generate:build) was used to transform files, but didn't generate a sourcemap for the transformation. Consult the plugin documentation for help[39m[2m (x45)[22m


[43m[30m WARN [39m[49m [33m[plugin @tailwindcss/vite:generate:build] Sourcemap is likely to be incorrect: a plugin (@tailwindcss/vite:generate:build) was used to transform files, but didn't generate a sourcemap for the transformation. Consult the plugin documentation for help[39m[2m (x46)[22m


[43m[30m WARN [39m[49m [33m[plugin @tailwindcss/vite:generate:build] Sourcemap is likely to be incorrect: a plugin (@tailwindcss/vite:generate:build) was used to transform files, but didn't generate a sourcemap for the transformation. Consult the plugin documentation for help[39m[2m (x47)[22m


[43m[30m WARN [39m[49m [33m[plugin @tailwindcss/vite:generate:build] Sourcemap is likely to be incorrect: a plugin (@tailwindcss/vite:generate:build) was used to transform files, but didn't generate a sourcemap for the transformation. Consult the plugin documentation for help[39m[2m (x48)[22m


[43m[30m WARN [39m[49m [33m[plugin @tailwindcss/vite:generate:build] Sourcemap is likely to be incorrect: a plugin (@tailwindcss/vite:generate:build) was used to transform files, but didn't generate a sourcemap for the transformation. Consult the plugin documentation for help[39m[2m (x49)[22m


[43m[30m WARN [39m[49m [33m[plugin @tailwindcss/vite:generate:build] Sourcemap is likely to be incorrect: a plugin (@tailwindcss/vite:generate:build) was used to transform files, but didn't generate a sourcemap for the transformation. Consult the plugin documentation for help[39m[2m (x50)[22m


[43m[30m WARN [39m[49m [33m[plugin @tailwindcss/vite:generate:build] Sourcemap is likely to be incorrect: a plugin (@tailwindcss/vite:generate:build) was used to transform files, but didn't generate a sourcemap for the transformation. Consult the plugin documentation for help[39m[2m (x51)[22m


[43m[30m WARN [39m[49m [33m[plugin @tailwindcss/vite:generate:build] Sourcemap is likely to be incorrect: a plugin (@tailwindcss/vite:generate:build) was used to transform files, but didn't generate a sourcemap for the transformation. Consult the plugin documentation for help[39m[2m (x52)[22m


[43m[30m WARN [39m[49m [33m[plugin @tailwindcss/vite:generate:build] Sourcemap is likely to be incorrect: a plugin (@tailwindcss/vite:generate:build) was used to transform files, but didn't generate a sourcemap for the transformation. Consult the plugin documentation for help[39m[2m (x53)[22m


[43m[30m WARN [39m[49m [33m[plugin @tailwindcss/vite:generate:build] Sourcemap is likely to be incorrect: a plugin (@tailwindcss/vite:generate:build) was used to transform files, but didn't generate a sourcemap for the transformation. Consult the plugin documentation for help[39m[2m (x54)[22m


[43m[30m WARN [39m[49m [33m[plugin @tailwindcss/vite:generate:build] Sourcemap is likely to be incorrect: a plugin (@tailwindcss/vite:generate:build) was used to transform files, but didn't generate a sourcemap for the transformation. Consult the plugin documentation for help[39m[2m (x55)[22m


[43m[30m WARN [39m[49m [33m[plugin @tailwindcss/vite:generate:build] Sourcemap is likely to be incorrect: a plugin (@tailwindcss/vite:generate:build) was used to transform files, but didn't generate a sourcemap for the transformation. Consult the plugin documentation for help[39m[2m (x56)[22m


[43m[30m WARN [39m[49m [33m[plugin @tailwindcss/vite:generate:build] Sourcemap is likely to be incorrect: a plugin (@tailwindcss/vite:generate:build) was used to transform files, but didn't generate a sourcemap for the transformation. Consult the plugin documentation for help[39m[2m (x57)[22m


[43m[30m WARN [39m[49m [33m[plugin @tailwindcss/vite:generate:build] Sourcemap is likely to be incorrect: a plugin (@tailwindcss/vite:generate:build) was used to transform files, but didn't generate a sourcemap for the transformation. Consult the plugin documentation for help[39m[2m (x58)[22m


[43m[30m WARN [39m[49m [33m[plugin @tailwindcss/vite:generate:build] Sourcemap is likely to be incorrect: a plugin (@tailwindcss/vite:generate:build) was used to transform files, but didn't generate a sourcemap for the transformation. Consult the plugin documentation for help[39m[2m (x59)[22m

[36mℹ[39m [32m✓[39m 260 modules transformed.
[36mℹ[39m rendering chunks...
[36mℹ[39m [32m✓ built in 5.62s[39m
[32m✔[39m Server built in 5657ms
[90m[[90mnitro[90m][39m [36mℹ[39m Initializing prerenderer

[43m[30m WARN [39m[49m "file:///C:/Users/nashe/zabble-seo-01-technical/node_modules/@nuxt/nitro-server/dist/runtime/utils/cache-driver.js" is imported by " virtual:#nitro-internal-virtual/storage", but could not be resolved – treating it as an external dependency.

[90m[[90mnitro[90m][39m [36mℹ[39m Prerendering 39 initial routes with crawler
[90m[[90mnitro[90m][39m [90m  ├─ /__sitemap__/style.xsl (652ms)[39m
[90m[[90mnitro[90m][39m [90m  ├─ /robots.txt (653ms)[39m
[90m[[90mnitro[90m][39m [90m  ├─ /200.html (653ms)[39m
[90m[[90mnitro[90m][39m [90m  ├─ /404.html (654ms)[39m
[90m[[90mnitro[90m][39m [90m  ├─ / (805ms)[39m
[90m[[90mnitro[90m][39m [90m  ├─ /_payload.json?aa2e36a7-133b-4f80-b829-0b653381757b (6ms)[90m (skipped)[90m[39m
[90m[[90mnitro[90m][39m [90m  ├─ /systems/hospitality-booking-marketing-dashboard (814ms)[39m
[90m[[90mnitro[90m][39m [90m  ├─ /systems/legal-intake-automation (816ms)[39m
[90m[[90mnitro[90m][39m [90m  ├─ /systems (808ms)[39m
[90m[[90mnitro[90m][39m [90m  ├─ /diagnose (817ms)[39m
[90m[[90mnitro[90m][39m [90m  ├─ /systems/workflow-orchestrator (661ms)[39m
[90m[[90mnitro[90m][39m [90m  ├─ /systems/hospitality-booking-marketing-dashboard/_payload.json?aa2e36a7-133b-4f80-b829-0b653381757b (70ms)[90m (skipped)[90m[39m
[90m[[90mnitro[90m][39m [90m  ├─ /systems/legal-intake-automation/_payload.json?aa2e36a7-133b-4f80-b829-0b653381757b (42ms)[90m (skipped)[90m[39m
[90m[[90mnitro[90m][39m [90m  ├─ /systems/_payload.json?aa2e36a7-133b-4f80-b829-0b653381757b (24ms)[90m (skipped)[90m[39m
[90m[[90mnitro[90m][39m [90m  ├─ /diagnose/_payload.json?aa2e36a7-133b-4f80-b829-0b653381757b (13ms)[90m (skipped)[90m[39m
[90m[[90mnitro[90m][39m [90m  ├─ /systems/workflow-orchestrator/_payload.json?aa2e36a7-133b-4f80-b829-0b653381757b (6ms)[90m (skipped)[90m[39m
[90m[[90mnitro[90m][39m [90m  ├─ /systems/client-onboarding (697ms)[39m
[90m[[90mnitro[90m][39m [90m  ├─ /systems/document-assembly (692ms)[39m
[90m[[90mnitro[90m][39m [90m  ├─ /systems/inventory-clarity (695ms)[39m
[90m[[90mnitro[90m][39m [90m  ├─ /systems/reconciliation-engine (704ms)[39m
[90m[[90mnitro[90m][39m [90m  ├─ /systems/analytics-suite (702ms)[39m
[90m[[90mnitro[90m][39m [90m  ├─ /systems/accounting-engine (700ms)[39m
[90m[[90mnitro[90m][39m [90m  ├─ /systems/data-routing (706ms)[39m
[90m[[90mnitro[90m][39m [90m  ├─ /systems/cross-system-sync (709ms)[39m
[90m[[90mnitro[90m][39m [90m  ├─ /systems/approval-workflow (712ms)[39m
[90m[[90mnitro[90m][39m [90m  ├─ /systems/decision-engine (721ms)[39m
[90m[[90mnitro[90m][39m [90m  ├─ /systems/document-intelligence (717ms)[39m
[90m[[90mnitro[90m][39m [90m  ├─ /systems/multi-channel-inbox (715ms)[39m
[90m[[90mnitro[90m][39m [90m  ├─ /systems/customer-360 (724ms)[39m
[90m[[90mnitro[90m][39m [90m  ├─ /systems/knowledge-assistant (729ms)[39m
[90m[[90mnitro[90m][39m [90m  ├─ /systems/case-management (737ms)[39m
[90m[[90mnitro[90m][39m [90m  ├─ /systems/legacy-bridge (731ms)[39m
[90m[[90mnitro[90m][39m [90m  ├─ /systems/lead-qualifier (734ms)[39m
[90m[[90mnitro[90m][39m [90m  ├─ /systems/field-ops-app (744ms)[39m
[90m[[90mnitro[90m][39m [90m  ├─ /systems/pricing-engine (764ms)[39m
[90m[[90mnitro[90m][39m [90m  ├─ /systems/task-management (739ms)[39m
[90m[[90mnitro[90m][39m [90m  ├─ /systems/compliance-reporting (760ms)[39m
[90m[[90mnitro[90m][39m [90m  ├─ /systems/continuous-assurance (769ms)[39m
[90m[[90mnitro[90m][39m [90m  ├─ /systems/forecasting (771ms)[39m
[90m[[90mnitro[90m][39m [90m  ├─ /systems/predictive-maintenance (774ms)[39m
[90m[[90mnitro[90m][39m [90m  ├─ /systems/notification-orchestration (784ms)[39m
[90m[[90mnitro[90m][39m [90m  ├─ /systems/client-onboarding/_payload.json?aa2e36a7-133b-4f80-b829-0b653381757b (187ms)[90m (skipped)[90m[39m
[90m[[90mnitro[90m][39m [90m  ├─ /systems/document-assembly/_payload.json?aa2e36a7-133b-4f80-b829-0b653381757b (180ms)[90m (skipped)[90m[39m
[90m[[90mnitro[90m][39m [90m  ├─ /systems/inventory-clarity/_payload.json?aa2e36a7-133b-4f80-b829-0b653381757b (170ms)[90m (skipped)[90m[39m
[90m[[90mnitro[90m][39m [90m  ├─ /systems/reconciliation-engine/_payload.json?aa2e36a7-133b-4f80-b829-0b653381757b (163ms)[90m (skipped)[90m[39m
[90m[[90mnitro[90m][39m [90m  ├─ /systems/analytics-suite/_payload.json?aa2e36a7-133b-4f80-b829-0b653381757b (155ms)[90m (skipped)[90m[39m
[90m[[90mnitro[90m][39m [90m  ├─ /systems/accounting-engine/_payload.json?aa2e36a7-133b-4f80-b829-0b653381757b (145ms)[90m (skipped)[90m[39m
[90m[[90mnitro[90m][39m [90m  ├─ /systems/data-routing/_payload.json?aa2e36a7-133b-4f80-b829-0b653381757b (138ms)[90m (skipped)[90m[39m
[90m[[90mnitro[90m][39m [90m  ├─ /systems/cross-system-sync/_payload.json?aa2e36a7-133b-4f80-b829-0b653381757b (131ms)[90m (skipped)[90m[39m
[90m[[90mnitro[90m][39m [90m  ├─ /systems/approval-workflow/_payload.json?aa2e36a7-133b-4f80-b829-0b653381757b (122ms)[90m (skipped)[90m[39m
[90m[[90mnitro[90m][39m [90m  ├─ /systems/decision-engine/_payload.json?aa2e36a7-133b-4f80-b829-0b653381757b (112ms)[90m (skipped)[90m[39m
[90m[[90mnitro[90m][39m [90m  ├─ /systems/document-intelligence/_payload.json?aa2e36a7-133b-4f80-b829-0b653381757b (103ms)[90m (skipped)[90m[39m
[90m[[90mnitro[90m][39m [90m  ├─ /systems/multi-channel-inbox/_payload.json?aa2e36a7-133b-4f80-b829-0b653381757b (91ms)[90m (skipped)[90m[39m
[90m[[90mnitro[90m][39m [90m  ├─ /systems/customer-360/_payload.json?aa2e36a7-133b-4f80-b829-0b653381757b (84ms)[90m (skipped)[90m[39m
[90m[[90mnitro[90m][39m [90m  ├─ /systems/knowledge-assistant/_payload.json?aa2e36a7-133b-4f80-b829-0b653381757b (79ms)[90m (skipped)[90m[39m
[90m[[90mnitro[90m][39m [90m  ├─ /systems/case-management/_payload.json?aa2e36a7-133b-4f80-b829-0b653381757b (73ms)[90m (skipped)[90m[39m
[90m[[90mnitro[90m][39m [90m  ├─ /systems/legacy-bridge/_payload.json?aa2e36a7-133b-4f80-b829-0b653381757b (66ms)[90m (skipped)[90m[39m
[90m[[90mnitro[90m][39m [90m  ├─ /systems/lead-qualifier/_payload.json?aa2e36a7-133b-4f80-b829-0b653381757b (61ms)[90m (skipped)[90m[39m
[90m[[90mnitro[90m][39m [90m  ├─ /systems/field-ops-app/_payload.json?aa2e36a7-133b-4f80-b829-0b653381757b (56ms)[90m (skipped)[90m[39m
[90m[[90mnitro[90m][39m [90m  ├─ /systems/pricing-engine/_payload.json?aa2e36a7-133b-4f80-b829-0b653381757b (50ms)[90m (skipped)[90m[39m
[90m[[90mnitro[90m][39m [90m  ├─ /systems/task-management/_payload.json?aa2e36a7-133b-4f80-b829-0b653381757b (42ms)[90m (skipped)[90m[39m
[90m[[90mnitro[90m][39m [90m  ├─ /systems/compliance-reporting/_payload.json?aa2e36a7-133b-4f80-b829-0b653381757b (37ms)[90m (skipped)[90m[39m
[90m[[90mnitro[90m][39m [90m  ├─ /systems/continuous-assurance/_payload.json?aa2e36a7-133b-4f80-b829-0b653381757b (32ms)[90m (skipped)[90m[39m
[90m[[90mnitro[90m][39m [90m  ├─ /systems/forecasting/_payload.json?aa2e36a7-133b-4f80-b829-0b653381757b (25ms)[90m (skipped)[90m[39m
[90m[[90mnitro[90m][39m [90m  ├─ /systems/predictive-maintenance/_payload.json?aa2e36a7-133b-4f80-b829-0b653381757b (19ms)[90m (skipped)[90m[39m
[90m[[90mnitro[90m][39m [90m  ├─ /systems/notification-orchestration/_payload.json?aa2e36a7-133b-4f80-b829-0b653381757b (12ms)[90m (skipped)[90m[39m
[90m[[90mnitro[90m][39m [90m  ├─ /systems/master-data-hub (779ms)[39m
[90m[[90mnitro[90m][39m [90m  ├─ /systems/integration-hub (794ms)[39m
[90m[[90mnitro[90m][39m [90m  ├─ /systems/bespoke-crm (791ms)[39m
[90m[[90mnitro[90m][39m [90m  ├─ /systems/kairos (800ms)[39m
[90m[[90mnitro[90m][39m [90m  ├─ /systems/master-data-hub/_payload.json?aa2e36a7-133b-4f80-b829-0b653381757b (40ms)[90m (skipped)[90m[39m
[90m[[90mnitro[90m][39m [90m  ├─ /systems/integration-hub/_payload.json?aa2e36a7-133b-4f80-b829-0b653381757b (32ms)[90m (skipped)[90m[39m
[90m[[90mnitro[90m][39m [90m  ├─ /systems/bespoke-crm/_payload.json?aa2e36a7-133b-4f80-b829-0b653381757b (20ms)[90m (skipped)[90m[39m
[90m[[90mnitro[90m][39m [90m  ├─ /systems/kairos/_payload.json?aa2e36a7-133b-4f80-b829-0b653381757b (9ms)[90m (skipped)[90m[39m
[90m[[90mnitro[90m][39m [90m  ├─ /systems?pillar=automation (322ms)[90m (skipped)[90m[39m
[90m[[90mnitro[90m][39m [90m  ├─ /systems?pillar=analytics (330ms)[90m (skipped)[90m[39m
[90m[[90mnitro[90m][39m [90m  ├─ /systems?pillar=audit-trails (307ms)[90m (skipped)[90m[39m
[90m[[90mnitro[90m][39m [90m  ├─ /systems?pillar=anomaly-detection (296ms)[90m (skipped)[90m[39m
[90m[[90mnitro[90m][39m [90m  ├─ /systems/hospitality-booking-marketing-dashboard/_payload.json (71ms)[39m
[90m[[90mnitro[90m][39m [90m  ├─ /_payload.json (6ms)[39m
[90m[[90mnitro[90m][39m [90m  ├─ /systems/_payload.json (25ms)[39m
[90m[[90mnitro[90m][39m [90m  ├─ /systems/legal-intake-automation/_payload.json (42ms)[39m
[90m[[90mnitro[90m][39m [90m  ├─ /diagnose/_payload.json (13ms)[39m
[90m[[90mnitro[90m][39m [90m  ├─ /systems/workflow-orchestrator/_payload.json (6ms)[39m
[90m[[90mnitro[90m][39m [90m  ├─ /systems/inventory-clarity/_payload.json (170ms)[39m
[90m[[90mnitro[90m][39m [90m  ├─ /systems/client-onboarding/_payload.json (187ms)[39m
[90m[[90mnitro[90m][39m [90m  ├─ /systems/accounting-engine/_payload.json (145ms)[39m
[90m[[90mnitro[90m][39m [90m  ├─ /systems/reconciliation-engine/_payload.json (164ms)[39m
[90m[[90mnitro[90m][39m [90m  ├─ /systems/analytics-suite/_payload.json (155ms)[39m
[90m[[90mnitro[90m][39m [90m  ├─ /systems/document-assembly/_payload.json (179ms)[39m
[90m[[90mnitro[90m][39m [90m  ├─ /systems/decision-engine/_payload.json (113ms)[39m
[90m[[90mnitro[90m][39m [90m  ├─ /systems/data-routing/_payload.json (139ms)[39m
[90m[[90mnitro[90m][39m [90m  ├─ /systems/approval-workflow/_payload.json (122ms)[39m
[90m[[90mnitro[90m][39m [90m  ├─ /systems/cross-system-sync/_payload.json (131ms)[39m
[90m[[90mnitro[90m][39m [90m  ├─ /systems/document-intelligence/_payload.json (103ms)[39m
[90m[[90mnitro[90m][39m [90m  ├─ /systems/customer-360/_payload.json (84ms)[39m
[90m[[90mnitro[90m][39m [90m  ├─ /systems/multi-channel-inbox/_payload.json (91ms)[39m
[90m[[90mnitro[90m][39m [90m  ├─ /systems/knowledge-assistant/_payload.json (79ms)[39m
[90m[[90mnitro[90m][39m [90m  ├─ /systems/case-management/_payload.json (73ms)[39m
[90m[[90mnitro[90m][39m [90m  ├─ /systems/legacy-bridge/_payload.json (66ms)[39m
[90m[[90mnitro[90m][39m [90m  ├─ /systems/field-ops-app/_payload.json (56ms)[39m
[90m[[90mnitro[90m][39m [90m  ├─ /systems/task-management/_payload.json (43ms)[39m
[90m[[90mnitro[90m][39m [90m  ├─ /systems/lead-qualifier/_payload.json (62ms)[39m
[90m[[90mnitro[90m][39m [90m  ├─ /systems/pricing-engine/_payload.json (49ms)[39m
[90m[[90mnitro[90m][39m [90m  ├─ /systems/continuous-assurance/_payload.json (32ms)[39m
[90m[[90mnitro[90m][39m [90m  ├─ /systems/compliance-reporting/_payload.json (37ms)[39m
[90m[[90mnitro[90m][39m [90m  ├─ /systems/forecasting/_payload.json (25ms)[39m
[90m[[90mnitro[90m][39m [90m  ├─ /systems/predictive-maintenance/_payload.json (19ms)[39m
[90m[[90mnitro[90m][39m [90m  ├─ /systems/notification-orchestration/_payload.json (12ms)[39m
[90m[[90mnitro[90m][39m [90m  ├─ /systems/master-data-hub/_payload.json (41ms)[39m
[90m[[90mnitro[90m][39m [90m  ├─ /systems/bespoke-crm/_payload.json (21ms)[39m
[90m[[90mnitro[90m][39m [90m  ├─ /systems/integration-hub/_payload.json (32ms)[39m
[90m[[90mnitro[90m][39m [90m  ├─ /systems/kairos/_payload.json (9ms)[39m
[90m[[90mnitro[90m][39m [90m  ├─ /sitemap.xml (17ms)[39m
[90m[[90mnitro[90m][39m [36mℹ[39m Prerendered 75 routes in 6.458 seconds
[90m[[90mnitro[90m][39m [32m✔[39m Generated public [36m.output/public[39m
[90m[[90mnitro[90m][39m [32m✔[39m You can preview this build using [36mnpx serve .output/public[39m
│
└  ✨ You can now deploy [36m.output/public[39m to any static hosting!
